> Task :compileJava NO-SOURCE
> Task :processResources NO-SOURCE
> Task :classes UP-TO-DATE
> Task :compileTestJava
> Task :processTestResources
> Task :testClasses

> Task :test

Gradle Test Executor 4 STANDARD_OUT
    22:19:06.822 [ForkJoinPool-1-worker-3] INFO  n.thucydides.core.steps.StepEventBus - Loading JUnit Platform configuration parameters from classpath resource [junit-platform.properties].

MessageTest STANDARD_OUT
    22:19:08.481 [ForkJoinPool-1-worker-3] ERROR i.g.bonigarcia.wdm.online.HttpClient - Error HTTP 404 executing https://chromedriver.storage.googleapis.com/LATEST_RELEASE_115
    22:19:08.482 [ForkJoinPool-1-worker-3] WARN  i.g.b.wdm.versions.VersionDetector - Exception reading https://chromedriver.storage.googleapis.com/LATEST_RELEASE_115 to get latest version of chromedriver (Error HTTP 404 executing https://chromedriver.storage.googleapis.com/LATEST_RELEASE_115)

MessageTest > sendTextTest() STANDARD_OUT
    22:19:09.318 [ForkJoinPool-1-worker-3] INFO  n.s.c.w.d.ChromeDriverProvider - Starting Chrome driver instance with capabilities:
    22:19:09.321 [ForkJoinPool-1-worker-3] INFO  n.s.c.w.d.ChromeDriverProvider - Capabilities {acceptInsecureCerts: false, browserName: chrome, goog:chromeOptions: {args: [--remote-allow-origins=*, test-type, ignore-certificate-errors, --start-maximized, incognito, disable-infobars, disable-gpu, disable-default-apps, disable-popup-blocking, --remote-allow-origins=*, test-type, ignore-certificate-errors, --start-maximized, incognito, disable-infobars, disable-gpu, disable-default-apps, disable-popup-blocking, remote-allow-origins=*, --headless=new], extensions: []}}

MessageTest > sendTextTest() STANDARD_ERROR
    Starting ChromeDriver 114.0.5735.90 (386bc09e8f4f2e025eddae123f36f6263096ae49-refs/branch-heads/5735@{#1052}) on port 1424
    Only local connections are allowed.
    Please see https://chromedriver.chromium.org/security-considerations for suggestions on keeping ChromeDriver safe.
    ChromeDriver was started successfully.
    [1694373550.265][WARNING]: This version of ChromeDriver has not been tested with Chrome version 115.
    Sep 10, 2023 10:19:10 PM org.openqa.selenium.devtools.CdpVersionFinder findNearestMatch
    WARNING: Unable to find CDP implementation matching 115
    Sep 10, 2023 10:19:10 PM org.openqa.selenium.chromium.ChromiumDriver lambda$new$3
    WARNING: Unable to find version of CDP to use for . You may need to include a dependency on a specific version of the CDP using something similar to `org.seleniumhq.selenium:selenium-devtools-v86:4.8.1` where the version ("v86") matches the version of the chromium-based browser you're using and the version number of the artifact is the same as Selenium's.

> Task :aggregate
Generating Serenity Reports
  - Test Root: starter
  - Main report: file:///home/dani/projects/fb-message-automatizer/FacebookMessageAutomatizer/target/site/serenity/index.html
      - Test Root: starter
      - Requirements base directory: null

BUILD SUCCESSFUL in 32s
4 actionable tasks: 4 executed
> Task :compileJava NO-SOURCE
> Task :processResources NO-SOURCE
> Task :classes UP-TO-DATE
> Task :compileTestJava
> Task :processTestResources
> Task :testClasses

> Task :test

Gradle Test Executor 5 STANDARD_OUT
    22:20:06.591 [ForkJoinPool-1-worker-3] INFO  n.thucydides.core.steps.StepEventBus - Loading JUnit Platform configuration parameters from classpath resource [junit-platform.properties].

MessageTest STANDARD_OUT
    22:20:08.187 [ForkJoinPool-1-worker-3] ERROR i.g.bonigarcia.wdm.online.HttpClient - Error HTTP 404 executing https://chromedriver.storage.googleapis.com/LATEST_RELEASE_115
    22:20:08.188 [ForkJoinPool-1-worker-3] WARN  i.g.b.wdm.versions.VersionDetector - Exception reading https://chromedriver.storage.googleapis.com/LATEST_RELEASE_115 to get latest version of chromedriver (Error HTTP 404 executing https://chromedriver.storage.googleapis.com/LATEST_RELEASE_115)

MessageTest > sendTextTest() STANDARD_OUT
    22:20:08.976 [ForkJoinPool-1-worker-3] INFO  n.s.c.w.d.ChromeDriverProvider - Starting Chrome driver instance with capabilities:
    22:20:08.983 [ForkJoinPool-1-worker-3] INFO  n.s.c.w.d.ChromeDriverProvider - Capabilities {acceptInsecureCerts: false, browserName: chrome, goog:chromeOptions: {args: [--remote-allow-origins=*, test-type, ignore-certificate-errors, --start-maximized, incognito, disable-infobars, disable-gpu, disable-default-apps, disable-popup-blocking, --remote-allow-origins=*, test-type, ignore-certificate-errors, --start-maximized, incognito, disable-infobars, disable-gpu, disable-default-apps, disable-popup-blocking, remote-allow-origins=*, --headless=new], extensions: []}}

MessageTest > sendTextTest() STANDARD_ERROR
    Starting ChromeDriver 114.0.5735.90 (386bc09e8f4f2e025eddae123f36f6263096ae49-refs/branch-heads/5735@{#1052}) on port 6563
    Only local connections are allowed.
    Please see https://chromedriver.chromium.org/security-considerations for suggestions on keeping ChromeDriver safe.
    ChromeDriver was started successfully.
    [1694373609.924][WARNING]: This version of ChromeDriver has not been tested with Chrome version 115.
    Sep 10, 2023 10:20:10 PM org.openqa.selenium.devtools.CdpVersionFinder findNearestMatch
    WARNING: Unable to find CDP implementation matching 115
    Sep 10, 2023 10:20:10 PM org.openqa.selenium.chromium.ChromiumDriver lambda$new$3
    WARNING: Unable to find version of CDP to use for . You may need to include a dependency on a specific version of the CDP using something similar to `org.seleniumhq.selenium:selenium-devtools-v86:4.8.1` where the version ("v86") matches the version of the chromium-based browser you're using and the version number of the artifact is the same as Selenium's.

> Task :aggregate
Generating Serenity Reports
  - Test Root: starter
  - Main report: file:///home/dani/projects/fb-message-automatizer/FacebookMessageAutomatizer/target/site/serenity/index.html
      - Test Root: starter
      - Requirements base directory: null

BUILD SUCCESSFUL in 31s
4 actionable tasks: 4 executed
> Task :compileJava NO-SOURCE
> Task :processResources NO-SOURCE
> Task :classes UP-TO-DATE
> Task :compileTestJava
> Task :processTestResources
> Task :testClasses

> Task :test

Gradle Test Executor 6 STANDARD_OUT
    22:21:07.311 [ForkJoinPool-1-worker-3] INFO  n.thucydides.core.steps.StepEventBus - Loading JUnit Platform configuration parameters from classpath resource [junit-platform.properties].

MessageTest STANDARD_OUT
    22:21:09.007 [ForkJoinPool-1-worker-3] ERROR i.g.bonigarcia.wdm.online.HttpClient - Error HTTP 404 executing https://chromedriver.storage.googleapis.com/LATEST_RELEASE_115
    22:21:09.008 [ForkJoinPool-1-worker-3] WARN  i.g.b.wdm.versions.VersionDetector - Exception reading https://chromedriver.storage.googleapis.com/LATEST_RELEASE_115 to get latest version of chromedriver (Error HTTP 404 executing https://chromedriver.storage.googleapis.com/LATEST_RELEASE_115)

MessageTest > sendTextTest() STANDARD_OUT
    22:21:09.810 [ForkJoinPool-1-worker-3] INFO  n.s.c.w.d.ChromeDriverProvider - Starting Chrome driver instance with capabilities:
    22:21:09.817 [ForkJoinPool-1-worker-3] INFO  n.s.c.w.d.ChromeDriverProvider - Capabilities {acceptInsecureCerts: false, browserName: chrome, goog:chromeOptions: {args: [--remote-allow-origins=*, test-type, ignore-certificate-errors, --start-maximized, incognito, disable-infobars, disable-gpu, disable-default-apps, disable-popup-blocking, --remote-allow-origins=*, test-type, ignore-certificate-errors, --start-maximized, incognito, disable-infobars, disable-gpu, disable-default-apps, disable-popup-blocking, remote-allow-origins=*, --headless=new], extensions: []}}

MessageTest > sendTextTest() STANDARD_ERROR
    Starting ChromeDriver 114.0.5735.90 (386bc09e8f4f2e025eddae123f36f6263096ae49-refs/branch-heads/5735@{#1052}) on port 14541
    Only local connections are allowed.
    Please see https://chromedriver.chromium.org/security-considerations for suggestions on keeping ChromeDriver safe.
    ChromeDriver was started successfully.
    [1694373670.745][WARNING]: This version of ChromeDriver has not been tested with Chrome version 115.
    Sep 10, 2023 10:21:10 PM org.openqa.selenium.devtools.CdpVersionFinder findNearestMatch
    WARNING: Unable to find CDP implementation matching 115
    Sep 10, 2023 10:21:10 PM org.openqa.selenium.chromium.ChromiumDriver lambda$new$3
    WARNING: Unable to find version of CDP to use for . You may need to include a dependency on a specific version of the CDP using something similar to `org.seleniumhq.selenium:selenium-devtools-v86:4.8.1` where the version ("v86") matches the version of the chromium-based browser you're using and the version number of the artifact is the same as Selenium's.

> Task :aggregate
Generating Serenity Reports
  - Test Root: starter
  - Main report: file:///home/dani/projects/fb-message-automatizer/FacebookMessageAutomatizer/target/site/serenity/index.html
      - Test Root: starter
      - Requirements base directory: null

BUILD SUCCESSFUL in 31s
4 actionable tasks: 4 executed
> Task :compileJava NO-SOURCE
> Task :processResources NO-SOURCE
> Task :classes UP-TO-DATE
> Task :compileTestJava
> Task :processTestResources
> Task :testClasses

> Task :test

Gradle Test Executor 7 STANDARD_OUT
    22:22:06.768 [ForkJoinPool-1-worker-3] INFO  n.thucydides.core.steps.StepEventBus - Loading JUnit Platform configuration parameters from classpath resource [junit-platform.properties].

MessageTest STANDARD_OUT
    22:22:08.441 [ForkJoinPool-1-worker-3] ERROR i.g.bonigarcia.wdm.online.HttpClient - Error HTTP 404 executing https://chromedriver.storage.googleapis.com/LATEST_RELEASE_115
    22:22:08.442 [ForkJoinPool-1-worker-3] WARN  i.g.b.wdm.versions.VersionDetector - Exception reading https://chromedriver.storage.googleapis.com/LATEST_RELEASE_115 to get latest version of chromedriver (Error HTTP 404 executing https://chromedriver.storage.googleapis.com/LATEST_RELEASE_115)

MessageTest > sendTextTest() STANDARD_OUT
    22:22:09.342 [ForkJoinPool-1-worker-3] INFO  n.s.c.w.d.ChromeDriverProvider - Starting Chrome driver instance with capabilities:
    22:22:09.345 [ForkJoinPool-1-worker-3] INFO  n.s.c.w.d.ChromeDriverProvider - Capabilities {acceptInsecureCerts: false, browserName: chrome, goog:chromeOptions: {args: [--remote-allow-origins=*, test-type, ignore-certificate-errors, --start-maximized, incognito, disable-infobars, disable-gpu, disable-default-apps, disable-popup-blocking, --remote-allow-origins=*, test-type, ignore-certificate-errors, --start-maximized, incognito, disable-infobars, disable-gpu, disable-default-apps, disable-popup-blocking, remote-allow-origins=*, --headless=new], extensions: []}}

MessageTest > sendTextTest() STANDARD_ERROR
    Starting ChromeDriver 114.0.5735.90 (386bc09e8f4f2e025eddae123f36f6263096ae49-refs/branch-heads/5735@{#1052}) on port 8814
    Only local connections are allowed.
    Please see https://chromedriver.chromium.org/security-considerations for suggestions on keeping ChromeDriver safe.
    ChromeDriver was started successfully.
    [1694373730.250][WARNING]: This version of ChromeDriver has not been tested with Chrome version 115.
    Sep 10, 2023 10:22:10 PM org.openqa.selenium.devtools.CdpVersionFinder findNearestMatch
    WARNING: Unable to find CDP implementation matching 115
    Sep 10, 2023 10:22:10 PM org.openqa.selenium.chromium.ChromiumDriver lambda$new$3
    WARNING: Unable to find version of CDP to use for . You may need to include a dependency on a specific version of the CDP using something similar to `org.seleniumhq.selenium:selenium-devtools-v86:4.8.1` where the version ("v86") matches the version of the chromium-based browser you're using and the version number of the artifact is the same as Selenium's.

> Task :aggregate
Generating Serenity Reports
  - Test Root: starter
  - Main report: file:///home/dani/projects/fb-message-automatizer/FacebookMessageAutomatizer/target/site/serenity/index.html
      - Test Root: starter
      - Requirements base directory: null

BUILD SUCCESSFUL in 29s
4 actionable tasks: 4 executed
> Task :compileJava NO-SOURCE
> Task :processResources NO-SOURCE
> Task :classes UP-TO-DATE
> Task :compileTestJava
> Task :processTestResources
> Task :testClasses

> Task :test

Gradle Test Executor 8 STANDARD_OUT
    22:23:06.856 [ForkJoinPool-1-worker-3] INFO  n.thucydides.core.steps.StepEventBus - Loading JUnit Platform configuration parameters from classpath resource [junit-platform.properties].

MessageTest STANDARD_OUT
    22:23:08.553 [ForkJoinPool-1-worker-3] ERROR i.g.bonigarcia.wdm.online.HttpClient - Error HTTP 404 executing https://chromedriver.storage.googleapis.com/LATEST_RELEASE_115
    22:23:08.553 [ForkJoinPool-1-worker-3] WARN  i.g.b.wdm.versions.VersionDetector - Exception reading https://chromedriver.storage.googleapis.com/LATEST_RELEASE_115 to get latest version of chromedriver (Error HTTP 404 executing https://chromedriver.storage.googleapis.com/LATEST_RELEASE_115)

MessageTest > sendTextTest() STANDARD_OUT
    22:23:09.311 [ForkJoinPool-1-worker-3] INFO  n.s.c.w.d.ChromeDriverProvider - Starting Chrome driver instance with capabilities:
    22:23:09.318 [ForkJoinPool-1-worker-3] INFO  n.s.c.w.d.ChromeDriverProvider - Capabilities {acceptInsecureCerts: false, browserName: chrome, goog:chromeOptions: {args: [--remote-allow-origins=*, test-type, ignore-certificate-errors, --start-maximized, incognito, disable-infobars, disable-gpu, disable-default-apps, disable-popup-blocking, --remote-allow-origins=*, test-type, ignore-certificate-errors, --start-maximized, incognito, disable-infobars, disable-gpu, disable-default-apps, disable-popup-blocking, remote-allow-origins=*, --headless=new], extensions: []}}

MessageTest > sendTextTest() STANDARD_ERROR
    Starting ChromeDriver 114.0.5735.90 (386bc09e8f4f2e025eddae123f36f6263096ae49-refs/branch-heads/5735@{#1052}) on port 14122
    Only local connections are allowed.
    Please see https://chromedriver.chromium.org/security-considerations for suggestions on keeping ChromeDriver safe.
    ChromeDriver was started successfully.
    [1694373790.225][WARNING]: This version of ChromeDriver has not been tested with Chrome version 115.
    Sep 10, 2023 10:23:10 PM org.openqa.selenium.devtools.CdpVersionFinder findNearestMatch
    WARNING: Unable to find CDP implementation matching 115
    Sep 10, 2023 10:23:10 PM org.openqa.selenium.chromium.ChromiumDriver lambda$new$3
    WARNING: Unable to find version of CDP to use for . You may need to include a dependency on a specific version of the CDP using something similar to `org.seleniumhq.selenium:selenium-devtools-v86:4.8.1` where the version ("v86") matches the version of the chromium-based browser you're using and the version number of the artifact is the same as Selenium's.

> Task :aggregate
Generating Serenity Reports
  - Test Root: starter
  - Main report: file:///home/dani/projects/fb-message-automatizer/FacebookMessageAutomatizer/target/site/serenity/index.html
      - Test Root: starter
      - Requirements base directory: null

BUILD SUCCESSFUL in 30s
4 actionable tasks: 4 executed
> Task :compileJava NO-SOURCE
> Task :processResources NO-SOURCE
> Task :classes UP-TO-DATE
> Task :compileTestJava
> Task :processTestResources
> Task :testClasses

> Task :test

Gradle Test Executor 9 STANDARD_OUT
    22:24:06.137 [ForkJoinPool-1-worker-3] INFO  n.thucydides.core.steps.StepEventBus - Loading JUnit Platform configuration parameters from classpath resource [junit-platform.properties].

MessageTest STANDARD_OUT
    22:24:07.719 [ForkJoinPool-1-worker-3] ERROR i.g.bonigarcia.wdm.online.HttpClient - Error HTTP 404 executing https://chromedriver.storage.googleapis.com/LATEST_RELEASE_115
    22:24:07.719 [ForkJoinPool-1-worker-3] WARN  i.g.b.wdm.versions.VersionDetector - Exception reading https://chromedriver.storage.googleapis.com/LATEST_RELEASE_115 to get latest version of chromedriver (Error HTTP 404 executing https://chromedriver.storage.googleapis.com/LATEST_RELEASE_115)

MessageTest > sendTextTest() STANDARD_OUT
    22:24:08.482 [ForkJoinPool-1-worker-3] INFO  n.s.c.w.d.ChromeDriverProvider - Starting Chrome driver instance with capabilities:
    22:24:08.486 [ForkJoinPool-1-worker-3] INFO  n.s.c.w.d.ChromeDriverProvider - Capabilities {acceptInsecureCerts: false, browserName: chrome, goog:chromeOptions: {args: [--remote-allow-origins=*, test-type, ignore-certificate-errors, --start-maximized, incognito, disable-infobars, disable-gpu, disable-default-apps, disable-popup-blocking, --remote-allow-origins=*, test-type, ignore-certificate-errors, --start-maximized, incognito, disable-infobars, disable-gpu, disable-default-apps, disable-popup-blocking, remote-allow-origins=*, --headless=new], extensions: []}}

MessageTest > sendTextTest() STANDARD_ERROR
    Starting ChromeDriver 114.0.5735.90 (386bc09e8f4f2e025eddae123f36f6263096ae49-refs/branch-heads/5735@{#1052}) on port 15394
    Only local connections are allowed.
    Please see https://chromedriver.chromium.org/security-considerations for suggestions on keeping ChromeDriver safe.
    ChromeDriver was started successfully.
    [1694373849.429][WARNING]: This version of ChromeDriver has not been tested with Chrome version 115.
    Sep 10, 2023 10:24:09 PM org.openqa.selenium.devtools.CdpVersionFinder findNearestMatch
    WARNING: Unable to find CDP implementation matching 115
    Sep 10, 2023 10:24:09 PM org.openqa.selenium.chromium.ChromiumDriver lambda$new$3
    WARNING: Unable to find version of CDP to use for . You may need to include a dependency on a specific version of the CDP using something similar to `org.seleniumhq.selenium:selenium-devtools-v86:4.8.1` where the version ("v86") matches the version of the chromium-based browser you're using and the version number of the artifact is the same as Selenium's.

> Task :aggregate
Generating Serenity Reports
  - Test Root: starter
  - Main report: file:///home/dani/projects/fb-message-automatizer/FacebookMessageAutomatizer/target/site/serenity/index.html
      - Test Root: starter
      - Requirements base directory: null

BUILD SUCCESSFUL in 29s
4 actionable tasks: 4 executed
> Task :compileJava NO-SOURCE
> Task :processResources NO-SOURCE
> Task :classes UP-TO-DATE
> Task :compileTestJava
> Task :processTestResources
> Task :testClasses

> Task :test

Gradle Test Executor 10 STANDARD_OUT
    22:25:06.911 [ForkJoinPool-1-worker-3] INFO  n.thucydides.core.steps.StepEventBus - Loading JUnit Platform configuration parameters from classpath resource [junit-platform.properties].

MessageTest STANDARD_OUT
    22:25:08.511 [ForkJoinPool-1-worker-3] ERROR i.g.bonigarcia.wdm.online.HttpClient - Error HTTP 404 executing https://chromedriver.storage.googleapis.com/LATEST_RELEASE_115
    22:25:08.512 [ForkJoinPool-1-worker-3] WARN  i.g.b.wdm.versions.VersionDetector - Exception reading https://chromedriver.storage.googleapis.com/LATEST_RELEASE_115 to get latest version of chromedriver (Error HTTP 404 executing https://chromedriver.storage.googleapis.com/LATEST_RELEASE_115)

MessageTest > sendTextTest() STANDARD_OUT
    22:25:09.318 [ForkJoinPool-1-worker-3] INFO  n.s.c.w.d.ChromeDriverProvider - Starting Chrome driver instance with capabilities:
    22:25:09.322 [ForkJoinPool-1-worker-3] INFO  n.s.c.w.d.ChromeDriverProvider - Capabilities {acceptInsecureCerts: false, browserName: chrome, goog:chromeOptions: {args: [--remote-allow-origins=*, test-type, ignore-certificate-errors, --start-maximized, incognito, disable-infobars, disable-gpu, disable-default-apps, disable-popup-blocking, --remote-allow-origins=*, test-type, ignore-certificate-errors, --start-maximized, incognito, disable-infobars, disable-gpu, disable-default-apps, disable-popup-blocking, remote-allow-origins=*, --headless=new], extensions: []}}

MessageTest > sendTextTest() STANDARD_ERROR
    Starting ChromeDriver 114.0.5735.90 (386bc09e8f4f2e025eddae123f36f6263096ae49-refs/branch-heads/5735@{#1052}) on port 17423
    Only local connections are allowed.
    Please see https://chromedriver.chromium.org/security-considerations for suggestions on keeping ChromeDriver safe.
    ChromeDriver was started successfully.
    [1694373910.232][WARNING]: This version of ChromeDriver has not been tested with Chrome version 115.
    Sep 10, 2023 10:25:10 PM org.openqa.selenium.devtools.CdpVersionFinder findNearestMatch
    WARNING: Unable to find CDP implementation matching 115
    Sep 10, 2023 10:25:10 PM org.openqa.selenium.chromium.ChromiumDriver lambda$new$3
    WARNING: Unable to find version of CDP to use for . You may need to include a dependency on a specific version of the CDP using something similar to `org.seleniumhq.selenium:selenium-devtools-v86:4.8.1` where the version ("v86") matches the version of the chromium-based browser you're using and the version number of the artifact is the same as Selenium's.

> Task :aggregate
Generating Serenity Reports
  - Test Root: starter
  - Main report: file:///home/dani/projects/fb-message-automatizer/FacebookMessageAutomatizer/target/site/serenity/index.html
      - Test Root: starter
      - Requirements base directory: null

BUILD SUCCESSFUL in 32s
4 actionable tasks: 4 executed
> Task :compileJava NO-SOURCE
> Task :processResources NO-SOURCE
> Task :classes UP-TO-DATE
> Task :compileTestJava
> Task :processTestResources
> Task :testClasses

> Task :test

Gradle Test Executor 11 STANDARD_OUT
    22:26:06.054 [ForkJoinPool-1-worker-3] INFO  n.thucydides.core.steps.StepEventBus - Loading JUnit Platform configuration parameters from classpath resource [junit-platform.properties].

MessageTest STANDARD_OUT
    22:26:07.567 [ForkJoinPool-1-worker-3] ERROR i.g.bonigarcia.wdm.online.HttpClient - Error HTTP 404 executing https://chromedriver.storage.googleapis.com/LATEST_RELEASE_115
    22:26:07.568 [ForkJoinPool-1-worker-3] WARN  i.g.b.wdm.versions.VersionDetector - Exception reading https://chromedriver.storage.googleapis.com/LATEST_RELEASE_115 to get latest version of chromedriver (Error HTTP 404 executing https://chromedriver.storage.googleapis.com/LATEST_RELEASE_115)

MessageTest > sendTextTest() STANDARD_OUT
    22:26:08.329 [ForkJoinPool-1-worker-3] INFO  n.s.c.w.d.ChromeDriverProvider - Starting Chrome driver instance with capabilities:
    22:26:08.333 [ForkJoinPool-1-worker-3] INFO  n.s.c.w.d.ChromeDriverProvider - Capabilities {acceptInsecureCerts: false, browserName: chrome, goog:chromeOptions: {args: [--remote-allow-origins=*, test-type, ignore-certificate-errors, --start-maximized, incognito, disable-infobars, disable-gpu, disable-default-apps, disable-popup-blocking, --remote-allow-origins=*, test-type, ignore-certificate-errors, --start-maximized, incognito, disable-infobars, disable-gpu, disable-default-apps, disable-popup-blocking, remote-allow-origins=*, --headless=new], extensions: []}}

MessageTest > sendTextTest() STANDARD_ERROR
    Starting ChromeDriver 114.0.5735.90 (386bc09e8f4f2e025eddae123f36f6263096ae49-refs/branch-heads/5735@{#1052}) on port 4766
    Only local connections are allowed.
    Please see https://chromedriver.chromium.org/security-considerations for suggestions on keeping ChromeDriver safe.
    ChromeDriver was started successfully.
    [1694373969.253][WARNING]: This version of ChromeDriver has not been tested with Chrome version 115.
    Sep 10, 2023 10:26:09 PM org.openqa.selenium.devtools.CdpVersionFinder findNearestMatch
    WARNING: Unable to find CDP implementation matching 115
    Sep 10, 2023 10:26:09 PM org.openqa.selenium.chromium.ChromiumDriver lambda$new$3
    WARNING: Unable to find version of CDP to use for . You may need to include a dependency on a specific version of the CDP using something similar to `org.seleniumhq.selenium:selenium-devtools-v86:4.8.1` where the version ("v86") matches the version of the chromium-based browser you're using and the version number of the artifact is the same as Selenium's.

MessageTest > sendTextTest() FAILED
    org.openqa.selenium.StaleElementReferenceException at MessageTest.java:53

> Task :test FAILED

> Task :aggregate
Generating Serenity Reports
  - Test Root: starter
  - Main report: file:///home/dani/projects/fb-message-automatizer/FacebookMessageAutomatizer/target/site/serenity/index.html
      - Test Root: starter
      - Requirements base directory: null
4 actionable tasks: 4 executed
> Task :compileJava NO-SOURCE
> Task :processResources NO-SOURCE
> Task :classes UP-TO-DATE
> Task :compileTestJava
> Task :processTestResources
> Task :testClasses

> Task :test

Gradle Test Executor 12 STANDARD_OUT
    22:27:06.239 [ForkJoinPool-1-worker-3] INFO  n.thucydides.core.steps.StepEventBus - Loading JUnit Platform configuration parameters from classpath resource [junit-platform.properties].

MessageTest STANDARD_OUT
    22:27:07.929 [ForkJoinPool-1-worker-3] ERROR i.g.bonigarcia.wdm.online.HttpClient - Error HTTP 404 executing https://chromedriver.storage.googleapis.com/LATEST_RELEASE_115
    22:27:07.930 [ForkJoinPool-1-worker-3] WARN  i.g.b.wdm.versions.VersionDetector - Exception reading https://chromedriver.storage.googleapis.com/LATEST_RELEASE_115 to get latest version of chromedriver (Error HTTP 404 executing https://chromedriver.storage.googleapis.com/LATEST_RELEASE_115)

MessageTest > sendTextTest() STANDARD_OUT
    22:27:08.696 [ForkJoinPool-1-worker-3] INFO  n.s.c.w.d.ChromeDriverProvider - Starting Chrome driver instance with capabilities:
    22:27:08.699 [ForkJoinPool-1-worker-3] INFO  n.s.c.w.d.ChromeDriverProvider - Capabilities {acceptInsecureCerts: false, browserName: chrome, goog:chromeOptions: {args: [--remote-allow-origins=*, test-type, ignore-certificate-errors, --start-maximized, incognito, disable-infobars, disable-gpu, disable-default-apps, disable-popup-blocking, --remote-allow-origins=*, test-type, ignore-certificate-errors, --start-maximized, incognito, disable-infobars, disable-gpu, disable-default-apps, disable-popup-blocking, remote-allow-origins=*, --headless=new], extensions: []}}

MessageTest > sendTextTest() STANDARD_ERROR
    Starting ChromeDriver 114.0.5735.90 (386bc09e8f4f2e025eddae123f36f6263096ae49-refs/branch-heads/5735@{#1052}) on port 4506
    Only local connections are allowed.
    Please see https://chromedriver.chromium.org/security-considerations for suggestions on keeping ChromeDriver safe.
    ChromeDriver was started successfully.
    [1694374029.593][WARNING]: This version of ChromeDriver has not been tested with Chrome version 115.
    Sep 10, 2023 10:27:09 PM org.openqa.selenium.devtools.CdpVersionFinder findNearestMatch
    WARNING: Unable to find CDP implementation matching 115
    Sep 10, 2023 10:27:09 PM org.openqa.selenium.chromium.ChromiumDriver lambda$new$3
    WARNING: Unable to find version of CDP to use for . You may need to include a dependency on a specific version of the CDP using something similar to `org.seleniumhq.selenium:selenium-devtools-v86:4.8.1` where the version ("v86") matches the version of the chromium-based browser you're using and the version number of the artifact is the same as Selenium's.

> Task :aggregate
Generating Serenity Reports
  - Test Root: starter
  - Main report: file:///home/dani/projects/fb-message-automatizer/FacebookMessageAutomatizer/target/site/serenity/index.html
      - Test Root: starter
      - Requirements base directory: null

BUILD SUCCESSFUL in 31s
4 actionable tasks: 4 executed
> Task :compileJava NO-SOURCE
> Task :processResources NO-SOURCE
> Task :classes UP-TO-DATE
> Task :compileTestJava
> Task :processTestResources
> Task :testClasses

> Task :test

Gradle Test Executor 13 STANDARD_OUT
    22:28:06.773 [ForkJoinPool-1-worker-3] INFO  n.thucydides.core.steps.StepEventBus - Loading JUnit Platform configuration parameters from classpath resource [junit-platform.properties].

MessageTest STANDARD_OUT
    22:28:08.522 [ForkJoinPool-1-worker-3] ERROR i.g.bonigarcia.wdm.online.HttpClient - Error HTTP 404 executing https://chromedriver.storage.googleapis.com/LATEST_RELEASE_115
    22:28:08.523 [ForkJoinPool-1-worker-3] WARN  i.g.b.wdm.versions.VersionDetector - Exception reading https://chromedriver.storage.googleapis.com/LATEST_RELEASE_115 to get latest version of chromedriver (Error HTTP 404 executing https://chromedriver.storage.googleapis.com/LATEST_RELEASE_115)

MessageTest > sendTextTest() STANDARD_OUT
    22:28:09.352 [ForkJoinPool-1-worker-3] INFO  n.s.c.w.d.ChromeDriverProvider - Starting Chrome driver instance with capabilities:
    22:28:09.356 [ForkJoinPool-1-worker-3] INFO  n.s.c.w.d.ChromeDriverProvider - Capabilities {acceptInsecureCerts: false, browserName: chrome, goog:chromeOptions: {args: [--remote-allow-origins=*, test-type, ignore-certificate-errors, --start-maximized, incognito, disable-infobars, disable-gpu, disable-default-apps, disable-popup-blocking, --remote-allow-origins=*, test-type, ignore-certificate-errors, --start-maximized, incognito, disable-infobars, disable-gpu, disable-default-apps, disable-popup-blocking, remote-allow-origins=*, --headless=new], extensions: []}}

MessageTest > sendTextTest() STANDARD_ERROR
    Starting ChromeDriver 114.0.5735.90 (386bc09e8f4f2e025eddae123f36f6263096ae49-refs/branch-heads/5735@{#1052}) on port 13285
    Only local connections are allowed.
    Please see https://chromedriver.chromium.org/security-considerations for suggestions on keeping ChromeDriver safe.
    ChromeDriver was started successfully.
    [1694374090.253][WARNING]: This version of ChromeDriver has not been tested with Chrome version 115.
    Sep 10, 2023 10:28:10 PM org.openqa.selenium.devtools.CdpVersionFinder findNearestMatch
    WARNING: Unable to find CDP implementation matching 115
    Sep 10, 2023 10:28:10 PM org.openqa.selenium.chromium.ChromiumDriver lambda$new$3
    WARNING: Unable to find version of CDP to use for . You may need to include a dependency on a specific version of the CDP using something similar to `org.seleniumhq.selenium:selenium-devtools-v86:4.8.1` where the version ("v86") matches the version of the chromium-based browser you're using and the version number of the artifact is the same as Selenium's.

> Task :aggregate
Generating Serenity Reports
  - Test Root: starter
  - Main report: file:///home/dani/projects/fb-message-automatizer/FacebookMessageAutomatizer/target/site/serenity/index.html
      - Test Root: starter
      - Requirements base directory: null

BUILD SUCCESSFUL in 33s
4 actionable tasks: 4 executed
> Task :compileJava NO-SOURCE
> Task :processResources NO-SOURCE
> Task :classes UP-TO-DATE
> Task :compileTestJava
> Task :processTestResources
> Task :testClasses

> Task :test

Gradle Test Executor 14 STANDARD_OUT
    22:29:06.112 [ForkJoinPool-1-worker-3] INFO  n.thucydides.core.steps.StepEventBus - Loading JUnit Platform configuration parameters from classpath resource [junit-platform.properties].

MessageTest STANDARD_OUT
    22:29:08.131 [ForkJoinPool-1-worker-3] ERROR i.g.bonigarcia.wdm.online.HttpClient - Error HTTP 404 executing https://chromedriver.storage.googleapis.com/LATEST_RELEASE_115
    22:29:08.131 [ForkJoinPool-1-worker-3] WARN  i.g.b.wdm.versions.VersionDetector - Exception reading https://chromedriver.storage.googleapis.com/LATEST_RELEASE_115 to get latest version of chromedriver (Error HTTP 404 executing https://chromedriver.storage.googleapis.com/LATEST_RELEASE_115)

MessageTest > sendTextTest() STANDARD_OUT
    22:29:08.880 [ForkJoinPool-1-worker-3] INFO  n.s.c.w.d.ChromeDriverProvider - Starting Chrome driver instance with capabilities:
    22:29:08.883 [ForkJoinPool-1-worker-3] INFO  n.s.c.w.d.ChromeDriverProvider - Capabilities {acceptInsecureCerts: false, browserName: chrome, goog:chromeOptions: {args: [--remote-allow-origins=*, test-type, ignore-certificate-errors, --start-maximized, incognito, disable-infobars, disable-gpu, disable-default-apps, disable-popup-blocking, --remote-allow-origins=*, test-type, ignore-certificate-errors, --start-maximized, incognito, disable-infobars, disable-gpu, disable-default-apps, disable-popup-blocking, remote-allow-origins=*, --headless=new], extensions: []}}

MessageTest > sendTextTest() STANDARD_ERROR
    Starting ChromeDriver 114.0.5735.90 (386bc09e8f4f2e025eddae123f36f6263096ae49-refs/branch-heads/5735@{#1052}) on port 21199
    Only local connections are allowed.
    Please see https://chromedriver.chromium.org/security-considerations for suggestions on keeping ChromeDriver safe.
    ChromeDriver was started successfully.
    [1694374149.846][WARNING]: This version of ChromeDriver has not been tested with Chrome version 115.
    Sep 10, 2023 10:29:10 PM org.openqa.selenium.devtools.CdpVersionFinder findNearestMatch
    WARNING: Unable to find CDP implementation matching 115
    Sep 10, 2023 10:29:10 PM org.openqa.selenium.chromium.ChromiumDriver lambda$new$3
    WARNING: Unable to find version of CDP to use for . You may need to include a dependency on a specific version of the CDP using something similar to `org.seleniumhq.selenium:selenium-devtools-v86:4.8.1` where the version ("v86") matches the version of the chromium-based browser you're using and the version number of the artifact is the same as Selenium's.

> Task :aggregate
Generating Serenity Reports
  - Test Root: starter
  - Main report: file:///home/dani/projects/fb-message-automatizer/FacebookMessageAutomatizer/target/site/serenity/index.html
      - Test Root: starter
      - Requirements base directory: null

BUILD SUCCESSFUL in 33s
4 actionable tasks: 4 executed
> Task :compileJava NO-SOURCE
> Task :processResources NO-SOURCE
> Task :classes UP-TO-DATE
> Task :compileTestJava
> Task :processTestResources
> Task :testClasses

> Task :test

Gradle Test Executor 15 STANDARD_OUT
    22:30:06.973 [ForkJoinPool-1-worker-3] INFO  n.thucydides.core.steps.StepEventBus - Loading JUnit Platform configuration parameters from classpath resource [junit-platform.properties].

MessageTest STANDARD_OUT
    22:30:08.671 [ForkJoinPool-1-worker-3] ERROR i.g.bonigarcia.wdm.online.HttpClient - Error HTTP 404 executing https://chromedriver.storage.googleapis.com/LATEST_RELEASE_115
    22:30:08.672 [ForkJoinPool-1-worker-3] WARN  i.g.b.wdm.versions.VersionDetector - Exception reading https://chromedriver.storage.googleapis.com/LATEST_RELEASE_115 to get latest version of chromedriver (Error HTTP 404 executing https://chromedriver.storage.googleapis.com/LATEST_RELEASE_115)

MessageTest > sendTextTest() STANDARD_OUT
    22:30:09.472 [ForkJoinPool-1-worker-3] INFO  n.s.c.w.d.ChromeDriverProvider - Starting Chrome driver instance with capabilities:
    22:30:09.476 [ForkJoinPool-1-worker-3] INFO  n.s.c.w.d.ChromeDriverProvider - Capabilities {acceptInsecureCerts: false, browserName: chrome, goog:chromeOptions: {args: [--remote-allow-origins=*, test-type, ignore-certificate-errors, --start-maximized, incognito, disable-infobars, disable-gpu, disable-default-apps, disable-popup-blocking, --remote-allow-origins=*, test-type, ignore-certificate-errors, --start-maximized, incognito, disable-infobars, disable-gpu, disable-default-apps, disable-popup-blocking, remote-allow-origins=*, --headless=new], extensions: []}}

MessageTest > sendTextTest() STANDARD_ERROR
    Starting ChromeDriver 114.0.5735.90 (386bc09e8f4f2e025eddae123f36f6263096ae49-refs/branch-heads/5735@{#1052}) on port 7272
    Only local connections are allowed.
    Please see https://chromedriver.chromium.org/security-considerations for suggestions on keeping ChromeDriver safe.
    ChromeDriver was started successfully.
    [1694374210.372][WARNING]: This version of ChromeDriver has not been tested with Chrome version 115.
    Sep 10, 2023 10:30:10 PM org.openqa.selenium.devtools.CdpVersionFinder findNearestMatch
    WARNING: Unable to find CDP implementation matching 115
    Sep 10, 2023 10:30:10 PM org.openqa.selenium.chromium.ChromiumDriver lambda$new$3
    WARNING: Unable to find version of CDP to use for . You may need to include a dependency on a specific version of the CDP using something similar to `org.seleniumhq.selenium:selenium-devtools-v86:4.8.1` where the version ("v86") matches the version of the chromium-based browser you're using and the version number of the artifact is the same as Selenium's.

> Task :aggregate
Generating Serenity Reports
  - Test Root: starter
  - Main report: file:///home/dani/projects/fb-message-automatizer/FacebookMessageAutomatizer/target/site/serenity/index.html
      - Test Root: starter
      - Requirements base directory: null

BUILD SUCCESSFUL in 29s
4 actionable tasks: 4 executed
> Task :compileJava NO-SOURCE
> Task :processResources NO-SOURCE
> Task :classes UP-TO-DATE
> Task :compileTestJava
> Task :processTestResources
> Task :testClasses

> Task :test

Gradle Test Executor 16 STANDARD_OUT
    22:31:06.710 [ForkJoinPool-1-worker-3] INFO  n.thucydides.core.steps.StepEventBus - Loading JUnit Platform configuration parameters from classpath resource [junit-platform.properties].

MessageTest STANDARD_OUT
    22:31:08.796 [ForkJoinPool-1-worker-3] ERROR i.g.bonigarcia.wdm.online.HttpClient - Error HTTP 404 executing https://chromedriver.storage.googleapis.com/LATEST_RELEASE_115
    22:31:08.797 [ForkJoinPool-1-worker-3] WARN  i.g.b.wdm.versions.VersionDetector - Exception reading https://chromedriver.storage.googleapis.com/LATEST_RELEASE_115 to get latest version of chromedriver (Error HTTP 404 executing https://chromedriver.storage.googleapis.com/LATEST_RELEASE_115)

MessageTest > sendTextTest() STANDARD_OUT
    22:31:09.555 [ForkJoinPool-1-worker-3] INFO  n.s.c.w.d.ChromeDriverProvider - Starting Chrome driver instance with capabilities:
    22:31:09.558 [ForkJoinPool-1-worker-3] INFO  n.s.c.w.d.ChromeDriverProvider - Capabilities {acceptInsecureCerts: false, browserName: chrome, goog:chromeOptions: {args: [--remote-allow-origins=*, test-type, ignore-certificate-errors, --start-maximized, incognito, disable-infobars, disable-gpu, disable-default-apps, disable-popup-blocking, --remote-allow-origins=*, test-type, ignore-certificate-errors, --start-maximized, incognito, disable-infobars, disable-gpu, disable-default-apps, disable-popup-blocking, remote-allow-origins=*, --headless=new], extensions: []}}

MessageTest > sendTextTest() STANDARD_ERROR
    Starting ChromeDriver 114.0.5735.90 (386bc09e8f4f2e025eddae123f36f6263096ae49-refs/branch-heads/5735@{#1052}) on port 11505
    Only local connections are allowed.
    Please see https://chromedriver.chromium.org/security-considerations for suggestions on keeping ChromeDriver safe.
    ChromeDriver was started successfully.
    [1694374270.479][WARNING]: This version of ChromeDriver has not been tested with Chrome version 115.
    Sep 10, 2023 10:31:10 PM org.openqa.selenium.devtools.CdpVersionFinder findNearestMatch
    WARNING: Unable to find CDP implementation matching 115
    Sep 10, 2023 10:31:10 PM org.openqa.selenium.chromium.ChromiumDriver lambda$new$3
    WARNING: Unable to find version of CDP to use for . You may need to include a dependency on a specific version of the CDP using something similar to `org.seleniumhq.selenium:selenium-devtools-v86:4.8.1` where the version ("v86") matches the version of the chromium-based browser you're using and the version number of the artifact is the same as Selenium's.

> Task :aggregate
Generating Serenity Reports
  - Test Root: starter
  - Main report: file:///home/dani/projects/fb-message-automatizer/FacebookMessageAutomatizer/target/site/serenity/index.html
      - Test Root: starter
      - Requirements base directory: null

BUILD SUCCESSFUL in 30s
4 actionable tasks: 4 executed
> Task :compileJava NO-SOURCE
> Task :processResources NO-SOURCE
> Task :classes UP-TO-DATE
> Task :compileTestJava
> Task :processTestResources
> Task :testClasses

> Task :test

Gradle Test Executor 17 STANDARD_OUT
    22:32:06.421 [ForkJoinPool-1-worker-3] INFO  n.thucydides.core.steps.StepEventBus - Loading JUnit Platform configuration parameters from classpath resource [junit-platform.properties].

MessageTest STANDARD_OUT
    22:32:08.445 [ForkJoinPool-1-worker-3] ERROR i.g.bonigarcia.wdm.online.HttpClient - Error HTTP 404 executing https://chromedriver.storage.googleapis.com/LATEST_RELEASE_115
    22:32:08.446 [ForkJoinPool-1-worker-3] WARN  i.g.b.wdm.versions.VersionDetector - Exception reading https://chromedriver.storage.googleapis.com/LATEST_RELEASE_115 to get latest version of chromedriver (Error HTTP 404 executing https://chromedriver.storage.googleapis.com/LATEST_RELEASE_115)

MessageTest > sendTextTest() STANDARD_OUT
    22:32:09.292 [ForkJoinPool-1-worker-3] INFO  n.s.c.w.d.ChromeDriverProvider - Starting Chrome driver instance with capabilities:
    22:32:09.300 [ForkJoinPool-1-worker-3] INFO  n.s.c.w.d.ChromeDriverProvider - Capabilities {acceptInsecureCerts: false, browserName: chrome, goog:chromeOptions: {args: [--remote-allow-origins=*, test-type, ignore-certificate-errors, --start-maximized, incognito, disable-infobars, disable-gpu, disable-default-apps, disable-popup-blocking, --remote-allow-origins=*, test-type, ignore-certificate-errors, --start-maximized, incognito, disable-infobars, disable-gpu, disable-default-apps, disable-popup-blocking, remote-allow-origins=*, --headless=new], extensions: []}}

MessageTest > sendTextTest() STANDARD_ERROR
    Starting ChromeDriver 114.0.5735.90 (386bc09e8f4f2e025eddae123f36f6263096ae49-refs/branch-heads/5735@{#1052}) on port 15416
    Only local connections are allowed.
    Please see https://chromedriver.chromium.org/security-considerations for suggestions on keeping ChromeDriver safe.
    ChromeDriver was started successfully.
    [1694374330.225][WARNING]: This version of ChromeDriver has not been tested with Chrome version 115.
    Sep 10, 2023 10:32:10 PM org.openqa.selenium.devtools.CdpVersionFinder findNearestMatch
    WARNING: Unable to find CDP implementation matching 115
    Sep 10, 2023 10:32:10 PM org.openqa.selenium.chromium.ChromiumDriver lambda$new$3
    WARNING: Unable to find version of CDP to use for . You may need to include a dependency on a specific version of the CDP using something similar to `org.seleniumhq.selenium:selenium-devtools-v86:4.8.1` where the version ("v86") matches the version of the chromium-based browser you're using and the version number of the artifact is the same as Selenium's.

> Task :aggregate
Generating Serenity Reports
  - Test Root: starter
  - Main report: file:///home/dani/projects/fb-message-automatizer/FacebookMessageAutomatizer/target/site/serenity/index.html
      - Test Root: starter
      - Requirements base directory: null

BUILD SUCCESSFUL in 30s
4 actionable tasks: 4 executed
> Task :compileJava NO-SOURCE
> Task :processResources NO-SOURCE
> Task :classes UP-TO-DATE
> Task :compileTestJava
> Task :processTestResources
> Task :testClasses

> Task :test

Gradle Test Executor 18 STANDARD_OUT
    22:33:06.055 [ForkJoinPool-1-worker-3] INFO  n.thucydides.core.steps.StepEventBus - Loading JUnit Platform configuration parameters from classpath resource [junit-platform.properties].

MessageTest STANDARD_OUT
    22:33:07.640 [ForkJoinPool-1-worker-3] ERROR i.g.bonigarcia.wdm.online.HttpClient - Error HTTP 404 executing https://chromedriver.storage.googleapis.com/LATEST_RELEASE_115
    22:33:07.641 [ForkJoinPool-1-worker-3] WARN  i.g.b.wdm.versions.VersionDetector - Exception reading https://chromedriver.storage.googleapis.com/LATEST_RELEASE_115 to get latest version of chromedriver (Error HTTP 404 executing https://chromedriver.storage.googleapis.com/LATEST_RELEASE_115)

MessageTest > sendTextTest() STANDARD_OUT
    22:33:08.413 [ForkJoinPool-1-worker-3] INFO  n.s.c.w.d.ChromeDriverProvider - Starting Chrome driver instance with capabilities:
    22:33:08.418 [ForkJoinPool-1-worker-3] INFO  n.s.c.w.d.ChromeDriverProvider - Capabilities {acceptInsecureCerts: false, browserName: chrome, goog:chromeOptions: {args: [--remote-allow-origins=*, test-type, ignore-certificate-errors, --start-maximized, incognito, disable-infobars, disable-gpu, disable-default-apps, disable-popup-blocking, --remote-allow-origins=*, test-type, ignore-certificate-errors, --start-maximized, incognito, disable-infobars, disable-gpu, disable-default-apps, disable-popup-blocking, remote-allow-origins=*, --headless=new], extensions: []}}

MessageTest > sendTextTest() STANDARD_ERROR
    Starting ChromeDriver 114.0.5735.90 (386bc09e8f4f2e025eddae123f36f6263096ae49-refs/branch-heads/5735@{#1052}) on port 5071
    Only local connections are allowed.
    Please see https://chromedriver.chromium.org/security-considerations for suggestions on keeping ChromeDriver safe.
    ChromeDriver was started successfully.
    [1694374389.283][WARNING]: This version of ChromeDriver has not been tested with Chrome version 115.
    Sep 10, 2023 10:33:09 PM org.openqa.selenium.devtools.CdpVersionFinder findNearestMatch
    WARNING: Unable to find CDP implementation matching 115
    Sep 10, 2023 10:33:09 PM org.openqa.selenium.chromium.ChromiumDriver lambda$new$3
    WARNING: Unable to find version of CDP to use for . You may need to include a dependency on a specific version of the CDP using something similar to `org.seleniumhq.selenium:selenium-devtools-v86:4.8.1` where the version ("v86") matches the version of the chromium-based browser you're using and the version number of the artifact is the same as Selenium's.

> Task :aggregate
Generating Serenity Reports
  - Test Root: starter
  - Main report: file:///home/dani/projects/fb-message-automatizer/FacebookMessageAutomatizer/target/site/serenity/index.html
      - Test Root: starter
      - Requirements base directory: null

BUILD SUCCESSFUL in 29s
4 actionable tasks: 4 executed
> Task :compileJava NO-SOURCE
> Task :processResources NO-SOURCE
> Task :classes UP-TO-DATE
> Task :compileTestJava
> Task :processTestResources
> Task :testClasses

> Task :test

Gradle Test Executor 19 STANDARD_OUT
    22:34:06.393 [ForkJoinPool-1-worker-3] INFO  n.thucydides.core.steps.StepEventBus - Loading JUnit Platform configuration parameters from classpath resource [junit-platform.properties].

MessageTest STANDARD_OUT
    22:34:08.143 [ForkJoinPool-1-worker-3] ERROR i.g.bonigarcia.wdm.online.HttpClient - Error HTTP 404 executing https://chromedriver.storage.googleapis.com/LATEST_RELEASE_115
    22:34:08.143 [ForkJoinPool-1-worker-3] WARN  i.g.b.wdm.versions.VersionDetector - Exception reading https://chromedriver.storage.googleapis.com/LATEST_RELEASE_115 to get latest version of chromedriver (Error HTTP 404 executing https://chromedriver.storage.googleapis.com/LATEST_RELEASE_115)

MessageTest > sendTextTest() STANDARD_OUT
    22:34:08.910 [ForkJoinPool-1-worker-3] INFO  n.s.c.w.d.ChromeDriverProvider - Starting Chrome driver instance with capabilities:
    22:34:08.914 [ForkJoinPool-1-worker-3] INFO  n.s.c.w.d.ChromeDriverProvider - Capabilities {acceptInsecureCerts: false, browserName: chrome, goog:chromeOptions: {args: [--remote-allow-origins=*, test-type, ignore-certificate-errors, --start-maximized, incognito, disable-infobars, disable-gpu, disable-default-apps, disable-popup-blocking, --remote-allow-origins=*, test-type, ignore-certificate-errors, --start-maximized, incognito, disable-infobars, disable-gpu, disable-default-apps, disable-popup-blocking, remote-allow-origins=*, --headless=new], extensions: []}}

MessageTest > sendTextTest() STANDARD_ERROR
    Starting ChromeDriver 114.0.5735.90 (386bc09e8f4f2e025eddae123f36f6263096ae49-refs/branch-heads/5735@{#1052}) on port 9358
    Only local connections are allowed.
    Please see https://chromedriver.chromium.org/security-considerations for suggestions on keeping ChromeDriver safe.
    ChromeDriver was started successfully.
    [1694374449.805][WARNING]: This version of ChromeDriver has not been tested with Chrome version 115.
    Sep 10, 2023 10:34:09 PM org.openqa.selenium.devtools.CdpVersionFinder findNearestMatch
    WARNING: Unable to find CDP implementation matching 115
    Sep 10, 2023 10:34:10 PM org.openqa.selenium.chromium.ChromiumDriver lambda$new$3
    WARNING: Unable to find version of CDP to use for . You may need to include a dependency on a specific version of the CDP using something similar to `org.seleniumhq.selenium:selenium-devtools-v86:4.8.1` where the version ("v86") matches the version of the chromium-based browser you're using and the version number of the artifact is the same as Selenium's.

> Task :aggregate
Generating Serenity Reports
  - Test Root: starter
  - Main report: file:///home/dani/projects/fb-message-automatizer/FacebookMessageAutomatizer/target/site/serenity/index.html
      - Test Root: starter
      - Requirements base directory: null

BUILD SUCCESSFUL in 30s
4 actionable tasks: 4 executed
> Task :compileJava NO-SOURCE
> Task :processResources NO-SOURCE
> Task :classes UP-TO-DATE
> Task :compileTestJava
> Task :processTestResources
> Task :testClasses

> Task :test

Gradle Test Executor 20 STANDARD_OUT
    22:35:06.293 [ForkJoinPool-1-worker-3] INFO  n.thucydides.core.steps.StepEventBus - Loading JUnit Platform configuration parameters from classpath resource [junit-platform.properties].

MessageTest STANDARD_OUT
    22:35:07.898 [ForkJoinPool-1-worker-3] ERROR i.g.bonigarcia.wdm.online.HttpClient - Error HTTP 404 executing https://chromedriver.storage.googleapis.com/LATEST_RELEASE_115
    22:35:07.899 [ForkJoinPool-1-worker-3] WARN  i.g.b.wdm.versions.VersionDetector - Exception reading https://chromedriver.storage.googleapis.com/LATEST_RELEASE_115 to get latest version of chromedriver (Error HTTP 404 executing https://chromedriver.storage.googleapis.com/LATEST_RELEASE_115)

MessageTest > sendTextTest() STANDARD_OUT
    22:35:08.659 [ForkJoinPool-1-worker-3] INFO  n.s.c.w.d.ChromeDriverProvider - Starting Chrome driver instance with capabilities:
    22:35:08.663 [ForkJoinPool-1-worker-3] INFO  n.s.c.w.d.ChromeDriverProvider - Capabilities {acceptInsecureCerts: false, browserName: chrome, goog:chromeOptions: {args: [--remote-allow-origins=*, test-type, ignore-certificate-errors, --start-maximized, incognito, disable-infobars, disable-gpu, disable-default-apps, disable-popup-blocking, --remote-allow-origins=*, test-type, ignore-certificate-errors, --start-maximized, incognito, disable-infobars, disable-gpu, disable-default-apps, disable-popup-blocking, remote-allow-origins=*, --headless=new], extensions: []}}

MessageTest > sendTextTest() STANDARD_ERROR
    Starting ChromeDriver 114.0.5735.90 (386bc09e8f4f2e025eddae123f36f6263096ae49-refs/branch-heads/5735@{#1052}) on port 12709
    Only local connections are allowed.
    Please see https://chromedriver.chromium.org/security-considerations for suggestions on keeping ChromeDriver safe.
    ChromeDriver was started successfully.
    [1694374509.543][WARNING]: This version of ChromeDriver has not been tested with Chrome version 115.
    Sep 10, 2023 10:35:09 PM org.openqa.selenium.devtools.CdpVersionFinder findNearestMatch
    WARNING: Unable to find CDP implementation matching 115
    Sep 10, 2023 10:35:09 PM org.openqa.selenium.chromium.ChromiumDriver lambda$new$3
    WARNING: Unable to find version of CDP to use for . You may need to include a dependency on a specific version of the CDP using something similar to `org.seleniumhq.selenium:selenium-devtools-v86:4.8.1` where the version ("v86") matches the version of the chromium-based browser you're using and the version number of the artifact is the same as Selenium's.

> Task :aggregate
Generating Serenity Reports
  - Test Root: starter
  - Main report: file:///home/dani/projects/fb-message-automatizer/FacebookMessageAutomatizer/target/site/serenity/index.html
      - Test Root: starter
      - Requirements base directory: null

BUILD SUCCESSFUL in 32s
4 actionable tasks: 4 executed
> Task :compileJava NO-SOURCE
> Task :processResources NO-SOURCE
> Task :classes UP-TO-DATE
> Task :compileTestJava
> Task :processTestResources
> Task :testClasses

> Task :test

Gradle Test Executor 21 STANDARD_OUT
    22:36:06.537 [ForkJoinPool-1-worker-3] INFO  n.thucydides.core.steps.StepEventBus - Loading JUnit Platform configuration parameters from classpath resource [junit-platform.properties].

MessageTest STANDARD_OUT
    22:36:08.065 [ForkJoinPool-1-worker-3] ERROR i.g.bonigarcia.wdm.online.HttpClient - Error HTTP 404 executing https://chromedriver.storage.googleapis.com/LATEST_RELEASE_115
    22:36:08.065 [ForkJoinPool-1-worker-3] WARN  i.g.b.wdm.versions.VersionDetector - Exception reading https://chromedriver.storage.googleapis.com/LATEST_RELEASE_115 to get latest version of chromedriver (Error HTTP 404 executing https://chromedriver.storage.googleapis.com/LATEST_RELEASE_115)

MessageTest > sendTextTest() STANDARD_OUT
    22:36:08.853 [ForkJoinPool-1-worker-3] INFO  n.s.c.w.d.ChromeDriverProvider - Starting Chrome driver instance with capabilities:
    22:36:08.857 [ForkJoinPool-1-worker-3] INFO  n.s.c.w.d.ChromeDriverProvider - Capabilities {acceptInsecureCerts: false, browserName: chrome, goog:chromeOptions: {args: [--remote-allow-origins=*, test-type, ignore-certificate-errors, --start-maximized, incognito, disable-infobars, disable-gpu, disable-default-apps, disable-popup-blocking, --remote-allow-origins=*, test-type, ignore-certificate-errors, --start-maximized, incognito, disable-infobars, disable-gpu, disable-default-apps, disable-popup-blocking, remote-allow-origins=*, --headless=new], extensions: []}}

MessageTest > sendTextTest() STANDARD_ERROR
    Starting ChromeDriver 114.0.5735.90 (386bc09e8f4f2e025eddae123f36f6263096ae49-refs/branch-heads/5735@{#1052}) on port 32281
    Only local connections are allowed.
    Please see https://chromedriver.chromium.org/security-considerations for suggestions on keeping ChromeDriver safe.
    ChromeDriver was started successfully.
    [1694374569.771][WARNING]: This version of ChromeDriver has not been tested with Chrome version 115.
    Sep 10, 2023 10:36:09 PM org.openqa.selenium.devtools.CdpVersionFinder findNearestMatch
    WARNING: Unable to find CDP implementation matching 115
    Sep 10, 2023 10:36:09 PM org.openqa.selenium.chromium.ChromiumDriver lambda$new$3
    WARNING: Unable to find version of CDP to use for . You may need to include a dependency on a specific version of the CDP using something similar to `org.seleniumhq.selenium:selenium-devtools-v86:4.8.1` where the version ("v86") matches the version of the chromium-based browser you're using and the version number of the artifact is the same as Selenium's.

> Task :aggregate
Generating Serenity Reports
  - Test Root: starter
  - Main report: file:///home/dani/projects/fb-message-automatizer/FacebookMessageAutomatizer/target/site/serenity/index.html
      - Test Root: starter
      - Requirements base directory: null

BUILD SUCCESSFUL in 29s
4 actionable tasks: 4 executed
> Task :compileJava NO-SOURCE
> Task :processResources NO-SOURCE
> Task :classes UP-TO-DATE
> Task :compileTestJava
> Task :processTestResources
> Task :testClasses

> Task :test

Gradle Test Executor 22 STANDARD_OUT
    22:37:06.543 [ForkJoinPool-1-worker-3] INFO  n.thucydides.core.steps.StepEventBus - Loading JUnit Platform configuration parameters from classpath resource [junit-platform.properties].

MessageTest STANDARD_OUT
    22:37:08.188 [ForkJoinPool-1-worker-3] ERROR i.g.bonigarcia.wdm.online.HttpClient - Error HTTP 404 executing https://chromedriver.storage.googleapis.com/LATEST_RELEASE_115
    22:37:08.188 [ForkJoinPool-1-worker-3] WARN  i.g.b.wdm.versions.VersionDetector - Exception reading https://chromedriver.storage.googleapis.com/LATEST_RELEASE_115 to get latest version of chromedriver (Error HTTP 404 executing https://chromedriver.storage.googleapis.com/LATEST_RELEASE_115)

MessageTest > sendTextTest() STANDARD_OUT
    22:37:08.978 [ForkJoinPool-1-worker-3] INFO  n.s.c.w.d.ChromeDriverProvider - Starting Chrome driver instance with capabilities:
    22:37:08.982 [ForkJoinPool-1-worker-3] INFO  n.s.c.w.d.ChromeDriverProvider - Capabilities {acceptInsecureCerts: false, browserName: chrome, goog:chromeOptions: {args: [--remote-allow-origins=*, test-type, ignore-certificate-errors, --start-maximized, incognito, disable-infobars, disable-gpu, disable-default-apps, disable-popup-blocking, --remote-allow-origins=*, test-type, ignore-certificate-errors, --start-maximized, incognito, disable-infobars, disable-gpu, disable-default-apps, disable-popup-blocking, remote-allow-origins=*, --headless=new], extensions: []}}

MessageTest > sendTextTest() STANDARD_ERROR
    Starting ChromeDriver 114.0.5735.90 (386bc09e8f4f2e025eddae123f36f6263096ae49-refs/branch-heads/5735@{#1052}) on port 18221
    Only local connections are allowed.
    Please see https://chromedriver.chromium.org/security-considerations for suggestions on keeping ChromeDriver safe.
    ChromeDriver was started successfully.
    [1694374629.890][WARNING]: This version of ChromeDriver has not been tested with Chrome version 115.
    Sep 10, 2023 10:37:10 PM org.openqa.selenium.devtools.CdpVersionFinder findNearestMatch
    WARNING: Unable to find CDP implementation matching 115
    Sep 10, 2023 10:37:10 PM org.openqa.selenium.chromium.ChromiumDriver lambda$new$3
    WARNING: Unable to find version of CDP to use for . You may need to include a dependency on a specific version of the CDP using something similar to `org.seleniumhq.selenium:selenium-devtools-v86:4.8.1` where the version ("v86") matches the version of the chromium-based browser you're using and the version number of the artifact is the same as Selenium's.

> Task :aggregate
Generating Serenity Reports
  - Test Root: starter
  - Main report: file:///home/dani/projects/fb-message-automatizer/FacebookMessageAutomatizer/target/site/serenity/index.html
      - Test Root: starter
      - Requirements base directory: null

BUILD SUCCESSFUL in 31s
4 actionable tasks: 4 executed
> Task :compileJava NO-SOURCE
> Task :processResources NO-SOURCE
> Task :classes UP-TO-DATE
> Task :compileTestJava
> Task :processTestResources
> Task :testClasses

> Task :test

Gradle Test Executor 23 STANDARD_OUT
    22:38:06.771 [ForkJoinPool-1-worker-3] INFO  n.thucydides.core.steps.StepEventBus - Loading JUnit Platform configuration parameters from classpath resource [junit-platform.properties].

MessageTest STANDARD_OUT
    22:38:08.596 [ForkJoinPool-1-worker-3] ERROR i.g.bonigarcia.wdm.online.HttpClient - Error HTTP 404 executing https://chromedriver.storage.googleapis.com/LATEST_RELEASE_115
    22:38:08.597 [ForkJoinPool-1-worker-3] WARN  i.g.b.wdm.versions.VersionDetector - Exception reading https://chromedriver.storage.googleapis.com/LATEST_RELEASE_115 to get latest version of chromedriver (Error HTTP 404 executing https://chromedriver.storage.googleapis.com/LATEST_RELEASE_115)

MessageTest > sendTextTest() STANDARD_OUT
    22:38:09.398 [ForkJoinPool-1-worker-3] INFO  n.s.c.w.d.ChromeDriverProvider - Starting Chrome driver instance with capabilities:
    22:38:09.403 [ForkJoinPool-1-worker-3] INFO  n.s.c.w.d.ChromeDriverProvider - Capabilities {acceptInsecureCerts: false, browserName: chrome, goog:chromeOptions: {args: [--remote-allow-origins=*, test-type, ignore-certificate-errors, --start-maximized, incognito, disable-infobars, disable-gpu, disable-default-apps, disable-popup-blocking, --remote-allow-origins=*, test-type, ignore-certificate-errors, --start-maximized, incognito, disable-infobars, disable-gpu, disable-default-apps, disable-popup-blocking, remote-allow-origins=*, --headless=new], extensions: []}}

MessageTest > sendTextTest() STANDARD_ERROR
    Starting ChromeDriver 114.0.5735.90 (386bc09e8f4f2e025eddae123f36f6263096ae49-refs/branch-heads/5735@{#1052}) on port 23906
    Only local connections are allowed.
    Please see https://chromedriver.chromium.org/security-considerations for suggestions on keeping ChromeDriver safe.
    ChromeDriver was started successfully.
    [1694374690.367][WARNING]: This version of ChromeDriver has not been tested with Chrome version 115.
    Sep 10, 2023 10:38:10 PM org.openqa.selenium.devtools.CdpVersionFinder findNearestMatch
    WARNING: Unable to find CDP implementation matching 115
    Sep 10, 2023 10:38:10 PM org.openqa.selenium.chromium.ChromiumDriver lambda$new$3
    WARNING: Unable to find version of CDP to use for . You may need to include a dependency on a specific version of the CDP using something similar to `org.seleniumhq.selenium:selenium-devtools-v86:4.8.1` where the version ("v86") matches the version of the chromium-based browser you're using and the version number of the artifact is the same as Selenium's.

> Task :aggregate
Generating Serenity Reports
  - Test Root: starter
  - Main report: file:///home/dani/projects/fb-message-automatizer/FacebookMessageAutomatizer/target/site/serenity/index.html
      - Test Root: starter
      - Requirements base directory: null

BUILD SUCCESSFUL in 33s
4 actionable tasks: 4 executed
> Task :compileJava NO-SOURCE
> Task :processResources NO-SOURCE
> Task :classes UP-TO-DATE
> Task :compileTestJava
> Task :processTestResources
> Task :testClasses

> Task :test

Gradle Test Executor 24 STANDARD_OUT
    22:39:06.749 [ForkJoinPool-1-worker-3] INFO  n.thucydides.core.steps.StepEventBus - Loading JUnit Platform configuration parameters from classpath resource [junit-platform.properties].

MessageTest STANDARD_OUT
    22:39:08.591 [ForkJoinPool-1-worker-3] ERROR i.g.bonigarcia.wdm.online.HttpClient - Error HTTP 404 executing https://chromedriver.storage.googleapis.com/LATEST_RELEASE_115
    22:39:08.591 [ForkJoinPool-1-worker-3] WARN  i.g.b.wdm.versions.VersionDetector - Exception reading https://chromedriver.storage.googleapis.com/LATEST_RELEASE_115 to get latest version of chromedriver (Error HTTP 404 executing https://chromedriver.storage.googleapis.com/LATEST_RELEASE_115)

MessageTest > sendTextTest() STANDARD_OUT
    22:39:09.431 [ForkJoinPool-1-worker-3] INFO  n.s.c.w.d.ChromeDriverProvider - Starting Chrome driver instance with capabilities:
    22:39:09.435 [ForkJoinPool-1-worker-3] INFO  n.s.c.w.d.ChromeDriverProvider - Capabilities {acceptInsecureCerts: false, browserName: chrome, goog:chromeOptions: {args: [--remote-allow-origins=*, test-type, ignore-certificate-errors, --start-maximized, incognito, disable-infobars, disable-gpu, disable-default-apps, disable-popup-blocking, --remote-allow-origins=*, test-type, ignore-certificate-errors, --start-maximized, incognito, disable-infobars, disable-gpu, disable-default-apps, disable-popup-blocking, remote-allow-origins=*, --headless=new], extensions: []}}

MessageTest > sendTextTest() STANDARD_ERROR
    Starting ChromeDriver 114.0.5735.90 (386bc09e8f4f2e025eddae123f36f6263096ae49-refs/branch-heads/5735@{#1052}) on port 6603
    Only local connections are allowed.
    Please see https://chromedriver.chromium.org/security-considerations for suggestions on keeping ChromeDriver safe.
    ChromeDriver was started successfully.
    [1694374750.389][WARNING]: This version of ChromeDriver has not been tested with Chrome version 115.
    Sep 10, 2023 10:39:10 PM org.openqa.selenium.devtools.CdpVersionFinder findNearestMatch
    WARNING: Unable to find CDP implementation matching 115
    Sep 10, 2023 10:39:10 PM org.openqa.selenium.chromium.ChromiumDriver lambda$new$3
    WARNING: Unable to find version of CDP to use for . You may need to include a dependency on a specific version of the CDP using something similar to `org.seleniumhq.selenium:selenium-devtools-v86:4.8.1` where the version ("v86") matches the version of the chromium-based browser you're using and the version number of the artifact is the same as Selenium's.

> Task :aggregate
Generating Serenity Reports
  - Test Root: starter
  - Main report: file:///home/dani/projects/fb-message-automatizer/FacebookMessageAutomatizer/target/site/serenity/index.html
      - Test Root: starter
      - Requirements base directory: null

BUILD SUCCESSFUL in 33s
4 actionable tasks: 4 executed
> Task :compileJava NO-SOURCE
> Task :processResources NO-SOURCE
> Task :classes UP-TO-DATE
> Task :compileTestJava
> Task :processTestResources
> Task :testClasses

> Task :test

Gradle Test Executor 25 STANDARD_OUT
    22:40:06.859 [ForkJoinPool-1-worker-3] INFO  n.thucydides.core.steps.StepEventBus - Loading JUnit Platform configuration parameters from classpath resource [junit-platform.properties].

MessageTest STANDARD_OUT
    22:40:08.531 [ForkJoinPool-1-worker-3] ERROR i.g.bonigarcia.wdm.online.HttpClient - Error HTTP 404 executing https://chromedriver.storage.googleapis.com/LATEST_RELEASE_115
    22:40:08.532 [ForkJoinPool-1-worker-3] WARN  i.g.b.wdm.versions.VersionDetector - Exception reading https://chromedriver.storage.googleapis.com/LATEST_RELEASE_115 to get latest version of chromedriver (Error HTTP 404 executing https://chromedriver.storage.googleapis.com/LATEST_RELEASE_115)

MessageTest > sendTextTest() STANDARD_OUT
    22:40:09.341 [ForkJoinPool-1-worker-3] INFO  n.s.c.w.d.ChromeDriverProvider - Starting Chrome driver instance with capabilities:
    22:40:09.344 [ForkJoinPool-1-worker-3] INFO  n.s.c.w.d.ChromeDriverProvider - Capabilities {acceptInsecureCerts: false, browserName: chrome, goog:chromeOptions: {args: [--remote-allow-origins=*, test-type, ignore-certificate-errors, --start-maximized, incognito, disable-infobars, disable-gpu, disable-default-apps, disable-popup-blocking, --remote-allow-origins=*, test-type, ignore-certificate-errors, --start-maximized, incognito, disable-infobars, disable-gpu, disable-default-apps, disable-popup-blocking, remote-allow-origins=*, --headless=new], extensions: []}}

MessageTest > sendTextTest() STANDARD_ERROR
    Starting ChromeDriver 114.0.5735.90 (386bc09e8f4f2e025eddae123f36f6263096ae49-refs/branch-heads/5735@{#1052}) on port 18564
    Only local connections are allowed.
    Please see https://chromedriver.chromium.org/security-considerations for suggestions on keeping ChromeDriver safe.
    ChromeDriver was started successfully.
    [1694374810.323][WARNING]: This version of ChromeDriver has not been tested with Chrome version 115.
    Sep 10, 2023 10:40:10 PM org.openqa.selenium.devtools.CdpVersionFinder findNearestMatch
    WARNING: Unable to find CDP implementation matching 115
    Sep 10, 2023 10:40:10 PM org.openqa.selenium.chromium.ChromiumDriver lambda$new$3
    WARNING: Unable to find version of CDP to use for . You may need to include a dependency on a specific version of the CDP using something similar to `org.seleniumhq.selenium:selenium-devtools-v86:4.8.1` where the version ("v86") matches the version of the chromium-based browser you're using and the version number of the artifact is the same as Selenium's.

> Task :aggregate
Generating Serenity Reports
  - Test Root: starter
  - Main report: file:///home/dani/projects/fb-message-automatizer/FacebookMessageAutomatizer/target/site/serenity/index.html
      - Test Root: starter
      - Requirements base directory: null

BUILD SUCCESSFUL in 31s
4 actionable tasks: 4 executed
> Task :compileJava NO-SOURCE
> Task :processResources NO-SOURCE
> Task :classes UP-TO-DATE
> Task :compileTestJava
> Task :processTestResources
> Task :testClasses

> Task :test

Gradle Test Executor 26 STANDARD_OUT
    22:41:06.844 [ForkJoinPool-1-worker-3] INFO  n.thucydides.core.steps.StepEventBus - Loading JUnit Platform configuration parameters from classpath resource [junit-platform.properties].

MessageTest STANDARD_OUT
    22:41:09.015 [ForkJoinPool-1-worker-3] ERROR i.g.bonigarcia.wdm.online.HttpClient - Error HTTP 404 executing https://chromedriver.storage.googleapis.com/LATEST_RELEASE_115
    22:41:09.016 [ForkJoinPool-1-worker-3] WARN  i.g.b.wdm.versions.VersionDetector - Exception reading https://chromedriver.storage.googleapis.com/LATEST_RELEASE_115 to get latest version of chromedriver (Error HTTP 404 executing https://chromedriver.storage.googleapis.com/LATEST_RELEASE_115)

MessageTest > sendTextTest() STANDARD_OUT
    22:41:09.884 [ForkJoinPool-1-worker-3] INFO  n.s.c.w.d.ChromeDriverProvider - Starting Chrome driver instance with capabilities:
    22:41:09.891 [ForkJoinPool-1-worker-3] INFO  n.s.c.w.d.ChromeDriverProvider - Capabilities {acceptInsecureCerts: false, browserName: chrome, goog:chromeOptions: {args: [--remote-allow-origins=*, test-type, ignore-certificate-errors, --start-maximized, incognito, disable-infobars, disable-gpu, disable-default-apps, disable-popup-blocking, --remote-allow-origins=*, test-type, ignore-certificate-errors, --start-maximized, incognito, disable-infobars, disable-gpu, disable-default-apps, disable-popup-blocking, remote-allow-origins=*, --headless=new], extensions: []}}

MessageTest > sendTextTest() STANDARD_ERROR
    Starting ChromeDriver 114.0.5735.90 (386bc09e8f4f2e025eddae123f36f6263096ae49-refs/branch-heads/5735@{#1052}) on port 1141
    Only local connections are allowed.
    Please see https://chromedriver.chromium.org/security-considerations for suggestions on keeping ChromeDriver safe.
    ChromeDriver was started successfully.
    [1694374870.901][WARNING]: This version of ChromeDriver has not been tested with Chrome version 115.
    Sep 10, 2023 10:41:11 PM org.openqa.selenium.devtools.CdpVersionFinder findNearestMatch
    WARNING: Unable to find CDP implementation matching 115
    Sep 10, 2023 10:41:11 PM org.openqa.selenium.chromium.ChromiumDriver lambda$new$3
    WARNING: Unable to find version of CDP to use for . You may need to include a dependency on a specific version of the CDP using something similar to `org.seleniumhq.selenium:selenium-devtools-v86:4.8.1` where the version ("v86") matches the version of the chromium-based browser you're using and the version number of the artifact is the same as Selenium's.

> Task :aggregate
Generating Serenity Reports
  - Test Root: starter
  - Main report: file:///home/dani/projects/fb-message-automatizer/FacebookMessageAutomatizer/target/site/serenity/index.html
      - Test Root: starter
      - Requirements base directory: null

BUILD SUCCESSFUL in 31s
4 actionable tasks: 4 executed
> Task :compileJava NO-SOURCE
> Task :processResources NO-SOURCE
> Task :classes UP-TO-DATE
> Task :compileTestJava
> Task :processTestResources
> Task :testClasses

> Task :test

Gradle Test Executor 27 STANDARD_OUT
    22:43:06.157 [ForkJoinPool-1-worker-3] INFO  n.thucydides.core.steps.StepEventBus - Loading JUnit Platform configuration parameters from classpath resource [junit-platform.properties].

MessageTest STANDARD_OUT
    22:43:07.883 [ForkJoinPool-1-worker-3] ERROR i.g.bonigarcia.wdm.online.HttpClient - Error HTTP 404 executing https://chromedriver.storage.googleapis.com/LATEST_RELEASE_115
    22:43:07.884 [ForkJoinPool-1-worker-3] WARN  i.g.b.wdm.versions.VersionDetector - Exception reading https://chromedriver.storage.googleapis.com/LATEST_RELEASE_115 to get latest version of chromedriver (Error HTTP 404 executing https://chromedriver.storage.googleapis.com/LATEST_RELEASE_115)

MessageTest > sendTextTest() STANDARD_OUT
    22:43:08.690 [ForkJoinPool-1-worker-3] INFO  n.s.c.w.d.ChromeDriverProvider - Starting Chrome driver instance with capabilities:
    22:43:08.694 [ForkJoinPool-1-worker-3] INFO  n.s.c.w.d.ChromeDriverProvider - Capabilities {acceptInsecureCerts: false, browserName: chrome, goog:chromeOptions: {args: [--remote-allow-origins=*, test-type, ignore-certificate-errors, --start-maximized, incognito, disable-infobars, disable-gpu, disable-default-apps, disable-popup-blocking, --remote-allow-origins=*, test-type, ignore-certificate-errors, --start-maximized, incognito, disable-infobars, disable-gpu, disable-default-apps, disable-popup-blocking, remote-allow-origins=*, --headless=new], extensions: []}}

MessageTest > sendTextTest() STANDARD_ERROR
    Starting ChromeDriver 114.0.5735.90 (386bc09e8f4f2e025eddae123f36f6263096ae49-refs/branch-heads/5735@{#1052}) on port 27158
    Only local connections are allowed.
    Please see https://chromedriver.chromium.org/security-considerations for suggestions on keeping ChromeDriver safe.
    ChromeDriver was started successfully.
    [1694374989.630][WARNING]: This version of ChromeDriver has not been tested with Chrome version 115.
    Sep 10, 2023 10:43:09 PM org.openqa.selenium.devtools.CdpVersionFinder findNearestMatch
    WARNING: Unable to find CDP implementation matching 115
    Sep 10, 2023 10:43:09 PM org.openqa.selenium.chromium.ChromiumDriver lambda$new$3
    WARNING: Unable to find version of CDP to use for . You may need to include a dependency on a specific version of the CDP using something similar to `org.seleniumhq.selenium:selenium-devtools-v86:4.8.1` where the version ("v86") matches the version of the chromium-based browser you're using and the version number of the artifact is the same as Selenium's.

> Task :aggregate
Generating Serenity Reports
  - Test Root: starter
  - Main report: file:///home/dani/projects/fb-message-automatizer/FacebookMessageAutomatizer/target/site/serenity/index.html
      - Test Root: starter
      - Requirements base directory: null

BUILD SUCCESSFUL in 30s
4 actionable tasks: 4 executed
> Task :compileJava NO-SOURCE
> Task :processResources NO-SOURCE
> Task :classes UP-TO-DATE
> Task :compileTestJava
> Task :processTestResources
> Task :testClasses

> Task :test

Gradle Test Executor 28 STANDARD_OUT
    22:44:06.745 [ForkJoinPool-1-worker-3] INFO  n.thucydides.core.steps.StepEventBus - Loading JUnit Platform configuration parameters from classpath resource [junit-platform.properties].

MessageTest STANDARD_OUT
    22:44:08.416 [ForkJoinPool-1-worker-3] ERROR i.g.bonigarcia.wdm.online.HttpClient - Error HTTP 404 executing https://chromedriver.storage.googleapis.com/LATEST_RELEASE_115
    22:44:08.417 [ForkJoinPool-1-worker-3] WARN  i.g.b.wdm.versions.VersionDetector - Exception reading https://chromedriver.storage.googleapis.com/LATEST_RELEASE_115 to get latest version of chromedriver (Error HTTP 404 executing https://chromedriver.storage.googleapis.com/LATEST_RELEASE_115)

MessageTest > sendTextTest() STANDARD_OUT
    22:44:09.203 [ForkJoinPool-1-worker-3] INFO  n.s.c.w.d.ChromeDriverProvider - Starting Chrome driver instance with capabilities:
    22:44:09.206 [ForkJoinPool-1-worker-3] INFO  n.s.c.w.d.ChromeDriverProvider - Capabilities {acceptInsecureCerts: false, browserName: chrome, goog:chromeOptions: {args: [--remote-allow-origins=*, test-type, ignore-certificate-errors, --start-maximized, incognito, disable-infobars, disable-gpu, disable-default-apps, disable-popup-blocking, --remote-allow-origins=*, test-type, ignore-certificate-errors, --start-maximized, incognito, disable-infobars, disable-gpu, disable-default-apps, disable-popup-blocking, remote-allow-origins=*, --headless=new], extensions: []}}

MessageTest > sendTextTest() STANDARD_ERROR
    Starting ChromeDriver 114.0.5735.90 (386bc09e8f4f2e025eddae123f36f6263096ae49-refs/branch-heads/5735@{#1052}) on port 16046
    Only local connections are allowed.
    Please see https://chromedriver.chromium.org/security-considerations for suggestions on keeping ChromeDriver safe.
    ChromeDriver was started successfully.
    [1694375050.114][WARNING]: This version of ChromeDriver has not been tested with Chrome version 115.
    Sep 10, 2023 10:44:10 PM org.openqa.selenium.devtools.CdpVersionFinder findNearestMatch
    WARNING: Unable to find CDP implementation matching 115
    Sep 10, 2023 10:44:10 PM org.openqa.selenium.chromium.ChromiumDriver lambda$new$3
    WARNING: Unable to find version of CDP to use for . You may need to include a dependency on a specific version of the CDP using something similar to `org.seleniumhq.selenium:selenium-devtools-v86:4.8.1` where the version ("v86") matches the version of the chromium-based browser you're using and the version number of the artifact is the same as Selenium's.

> Task :aggregate
Generating Serenity Reports
  - Test Root: starter
  - Main report: file:///home/dani/projects/fb-message-automatizer/FacebookMessageAutomatizer/target/site/serenity/index.html
      - Test Root: starter
      - Requirements base directory: null

BUILD SUCCESSFUL in 30s
4 actionable tasks: 4 executed
> Task :compileJava NO-SOURCE
> Task :processResources NO-SOURCE
> Task :classes UP-TO-DATE
> Task :compileTestJava
> Task :processTestResources
> Task :testClasses

> Task :test

Gradle Test Executor 29 STANDARD_OUT
    22:45:07.056 [ForkJoinPool-1-worker-3] INFO  n.thucydides.core.steps.StepEventBus - Loading JUnit Platform configuration parameters from classpath resource [junit-platform.properties].

MessageTest STANDARD_OUT
    22:45:08.675 [ForkJoinPool-1-worker-3] ERROR i.g.bonigarcia.wdm.online.HttpClient - Error HTTP 404 executing https://chromedriver.storage.googleapis.com/LATEST_RELEASE_115
    22:45:08.676 [ForkJoinPool-1-worker-3] WARN  i.g.b.wdm.versions.VersionDetector - Exception reading https://chromedriver.storage.googleapis.com/LATEST_RELEASE_115 to get latest version of chromedriver (Error HTTP 404 executing https://chromedriver.storage.googleapis.com/LATEST_RELEASE_115)

MessageTest > sendTextTest() STANDARD_OUT
    22:45:09.533 [ForkJoinPool-1-worker-3] INFO  n.s.c.w.d.ChromeDriverProvider - Starting Chrome driver instance with capabilities:
    22:45:09.545 [ForkJoinPool-1-worker-3] INFO  n.s.c.w.d.ChromeDriverProvider - Capabilities {acceptInsecureCerts: false, browserName: chrome, goog:chromeOptions: {args: [--remote-allow-origins=*, test-type, ignore-certificate-errors, --start-maximized, incognito, disable-infobars, disable-gpu, disable-default-apps, disable-popup-blocking, --remote-allow-origins=*, test-type, ignore-certificate-errors, --start-maximized, incognito, disable-infobars, disable-gpu, disable-default-apps, disable-popup-blocking, remote-allow-origins=*, --headless=new], extensions: []}}

MessageTest > sendTextTest() STANDARD_ERROR
    Starting ChromeDriver 114.0.5735.90 (386bc09e8f4f2e025eddae123f36f6263096ae49-refs/branch-heads/5735@{#1052}) on port 31904
    Only local connections are allowed.
    Please see https://chromedriver.chromium.org/security-considerations for suggestions on keeping ChromeDriver safe.
    ChromeDriver was started successfully.
    [1694375110.502][WARNING]: This version of ChromeDriver has not been tested with Chrome version 115.
    Sep 10, 2023 10:45:10 PM org.openqa.selenium.devtools.CdpVersionFinder findNearestMatch
    WARNING: Unable to find CDP implementation matching 115
    Sep 10, 2023 10:45:10 PM org.openqa.selenium.chromium.ChromiumDriver lambda$new$3
    WARNING: Unable to find version of CDP to use for . You may need to include a dependency on a specific version of the CDP using something similar to `org.seleniumhq.selenium:selenium-devtools-v86:4.8.1` where the version ("v86") matches the version of the chromium-based browser you're using and the version number of the artifact is the same as Selenium's.

> Task :aggregate
Generating Serenity Reports
  - Test Root: starter
  - Main report: file:///home/dani/projects/fb-message-automatizer/FacebookMessageAutomatizer/target/site/serenity/index.html
      - Test Root: starter
      - Requirements base directory: null

BUILD SUCCESSFUL in 30s
4 actionable tasks: 4 executed
> Task :compileJava NO-SOURCE
> Task :processResources NO-SOURCE
> Task :classes UP-TO-DATE
> Task :compileTestJava
> Task :processTestResources
> Task :testClasses

> Task :test

Gradle Test Executor 30 STANDARD_OUT
    22:46:06.504 [ForkJoinPool-1-worker-3] INFO  n.thucydides.core.steps.StepEventBus - Loading JUnit Platform configuration parameters from classpath resource [junit-platform.properties].

MessageTest STANDARD_OUT
    22:46:08.230 [ForkJoinPool-1-worker-3] ERROR i.g.bonigarcia.wdm.online.HttpClient - Error HTTP 404 executing https://chromedriver.storage.googleapis.com/LATEST_RELEASE_115
    22:46:08.231 [ForkJoinPool-1-worker-3] WARN  i.g.b.wdm.versions.VersionDetector - Exception reading https://chromedriver.storage.googleapis.com/LATEST_RELEASE_115 to get latest version of chromedriver (Error HTTP 404 executing https://chromedriver.storage.googleapis.com/LATEST_RELEASE_115)

MessageTest > sendTextTest() STANDARD_OUT
    22:46:09.091 [ForkJoinPool-1-worker-3] INFO  n.s.c.w.d.ChromeDriverProvider - Starting Chrome driver instance with capabilities:
    22:46:09.094 [ForkJoinPool-1-worker-3] INFO  n.s.c.w.d.ChromeDriverProvider - Capabilities {acceptInsecureCerts: false, browserName: chrome, goog:chromeOptions: {args: [--remote-allow-origins=*, test-type, ignore-certificate-errors, --start-maximized, incognito, disable-infobars, disable-gpu, disable-default-apps, disable-popup-blocking, --remote-allow-origins=*, test-type, ignore-certificate-errors, --start-maximized, incognito, disable-infobars, disable-gpu, disable-default-apps, disable-popup-blocking, remote-allow-origins=*, --headless=new], extensions: []}}

MessageTest > sendTextTest() STANDARD_ERROR
    Starting ChromeDriver 114.0.5735.90 (386bc09e8f4f2e025eddae123f36f6263096ae49-refs/branch-heads/5735@{#1052}) on port 32117
    Only local connections are allowed.
    Please see https://chromedriver.chromium.org/security-considerations for suggestions on keeping ChromeDriver safe.
    ChromeDriver was started successfully.
    [1694375170.015][WARNING]: This version of ChromeDriver has not been tested with Chrome version 115.
    Sep 10, 2023 10:46:10 PM org.openqa.selenium.devtools.CdpVersionFinder findNearestMatch
    WARNING: Unable to find CDP implementation matching 115
    Sep 10, 2023 10:46:10 PM org.openqa.selenium.chromium.ChromiumDriver lambda$new$3
    WARNING: Unable to find version of CDP to use for . You may need to include a dependency on a specific version of the CDP using something similar to `org.seleniumhq.selenium:selenium-devtools-v86:4.8.1` where the version ("v86") matches the version of the chromium-based browser you're using and the version number of the artifact is the same as Selenium's.

> Task :aggregate
Generating Serenity Reports
  - Test Root: starter
  - Main report: file:///home/dani/projects/fb-message-automatizer/FacebookMessageAutomatizer/target/site/serenity/index.html
      - Test Root: starter
      - Requirements base directory: null

BUILD SUCCESSFUL in 30s
4 actionable tasks: 4 executed
> Task :compileJava NO-SOURCE
> Task :processResources NO-SOURCE
> Task :classes UP-TO-DATE
> Task :compileTestJava
> Task :processTestResources
> Task :testClasses

> Task :test

Gradle Test Executor 31 STANDARD_OUT
    22:47:06.910 [ForkJoinPool-1-worker-3] INFO  n.thucydides.core.steps.StepEventBus - Loading JUnit Platform configuration parameters from classpath resource [junit-platform.properties].

MessageTest STANDARD_OUT
    22:47:08.510 [ForkJoinPool-1-worker-3] ERROR i.g.bonigarcia.wdm.online.HttpClient - Error HTTP 404 executing https://chromedriver.storage.googleapis.com/LATEST_RELEASE_115
    22:47:08.511 [ForkJoinPool-1-worker-3] WARN  i.g.b.wdm.versions.VersionDetector - Exception reading https://chromedriver.storage.googleapis.com/LATEST_RELEASE_115 to get latest version of chromedriver (Error HTTP 404 executing https://chromedriver.storage.googleapis.com/LATEST_RELEASE_115)

MessageTest > sendTextTest() STANDARD_OUT
    22:47:09.326 [ForkJoinPool-1-worker-3] INFO  n.s.c.w.d.ChromeDriverProvider - Starting Chrome driver instance with capabilities:
    22:47:09.330 [ForkJoinPool-1-worker-3] INFO  n.s.c.w.d.ChromeDriverProvider - Capabilities {acceptInsecureCerts: false, browserName: chrome, goog:chromeOptions: {args: [--remote-allow-origins=*, test-type, ignore-certificate-errors, --start-maximized, incognito, disable-infobars, disable-gpu, disable-default-apps, disable-popup-blocking, --remote-allow-origins=*, test-type, ignore-certificate-errors, --start-maximized, incognito, disable-infobars, disable-gpu, disable-default-apps, disable-popup-blocking, remote-allow-origins=*, --headless=new], extensions: []}}

MessageTest > sendTextTest() STANDARD_ERROR
    Starting ChromeDriver 114.0.5735.90 (386bc09e8f4f2e025eddae123f36f6263096ae49-refs/branch-heads/5735@{#1052}) on port 21511
    Only local connections are allowed.
    Please see https://chromedriver.chromium.org/security-considerations for suggestions on keeping ChromeDriver safe.
    ChromeDriver was started successfully.
    [1694375230.211][WARNING]: This version of ChromeDriver has not been tested with Chrome version 115.
    Sep 10, 2023 10:47:10 PM org.openqa.selenium.devtools.CdpVersionFinder findNearestMatch
    WARNING: Unable to find CDP implementation matching 115
    Sep 10, 2023 10:47:10 PM org.openqa.selenium.chromium.ChromiumDriver lambda$new$3
    WARNING: Unable to find version of CDP to use for . You may need to include a dependency on a specific version of the CDP using something similar to `org.seleniumhq.selenium:selenium-devtools-v86:4.8.1` where the version ("v86") matches the version of the chromium-based browser you're using and the version number of the artifact is the same as Selenium's.

> Task :aggregate
Generating Serenity Reports
  - Test Root: starter
  - Main report: file:///home/dani/projects/fb-message-automatizer/FacebookMessageAutomatizer/target/site/serenity/index.html
      - Test Root: starter
      - Requirements base directory: null

BUILD SUCCESSFUL in 30s
4 actionable tasks: 4 executed
> Task :compileJava NO-SOURCE
> Task :processResources NO-SOURCE
> Task :classes UP-TO-DATE
> Task :compileTestJava
> Task :processTestResources
> Task :testClasses

> Task :test

Gradle Test Executor 32 STANDARD_OUT
    22:48:05.749 [ForkJoinPool-1-worker-3] INFO  n.thucydides.core.steps.StepEventBus - Loading JUnit Platform configuration parameters from classpath resource [junit-platform.properties].

MessageTest STANDARD_OUT
    22:48:07.335 [ForkJoinPool-1-worker-3] ERROR i.g.bonigarcia.wdm.online.HttpClient - Error HTTP 404 executing https://chromedriver.storage.googleapis.com/LATEST_RELEASE_115
    22:48:07.336 [ForkJoinPool-1-worker-3] WARN  i.g.b.wdm.versions.VersionDetector - Exception reading https://chromedriver.storage.googleapis.com/LATEST_RELEASE_115 to get latest version of chromedriver (Error HTTP 404 executing https://chromedriver.storage.googleapis.com/LATEST_RELEASE_115)

MessageTest > sendTextTest() STANDARD_OUT
    22:48:08.116 [ForkJoinPool-1-worker-3] INFO  n.s.c.w.d.ChromeDriverProvider - Starting Chrome driver instance with capabilities:
    22:48:08.120 [ForkJoinPool-1-worker-3] INFO  n.s.c.w.d.ChromeDriverProvider - Capabilities {acceptInsecureCerts: false, browserName: chrome, goog:chromeOptions: {args: [--remote-allow-origins=*, test-type, ignore-certificate-errors, --start-maximized, incognito, disable-infobars, disable-gpu, disable-default-apps, disable-popup-blocking, --remote-allow-origins=*, test-type, ignore-certificate-errors, --start-maximized, incognito, disable-infobars, disable-gpu, disable-default-apps, disable-popup-blocking, remote-allow-origins=*, --headless=new], extensions: []}}

MessageTest > sendTextTest() STANDARD_ERROR
    Starting ChromeDriver 114.0.5735.90 (386bc09e8f4f2e025eddae123f36f6263096ae49-refs/branch-heads/5735@{#1052}) on port 20493
    Only local connections are allowed.
    Please see https://chromedriver.chromium.org/security-considerations for suggestions on keeping ChromeDriver safe.
    ChromeDriver was started successfully.
    [1694375289.086][WARNING]: This version of ChromeDriver has not been tested with Chrome version 115.
    Sep 10, 2023 10:48:09 PM org.openqa.selenium.devtools.CdpVersionFinder findNearestMatch
    WARNING: Unable to find CDP implementation matching 115
    Sep 10, 2023 10:48:09 PM org.openqa.selenium.chromium.ChromiumDriver lambda$new$3
    WARNING: Unable to find version of CDP to use for . You may need to include a dependency on a specific version of the CDP using something similar to `org.seleniumhq.selenium:selenium-devtools-v86:4.8.1` where the version ("v86") matches the version of the chromium-based browser you're using and the version number of the artifact is the same as Selenium's.

MessageTest > sendTextTest() FAILED
    org.openqa.selenium.StaleElementReferenceException at MessageTest.java:53

> Task :test FAILED

> Task :aggregate
Generating Serenity Reports
  - Test Root: starter
  - Main report: file:///home/dani/projects/fb-message-automatizer/FacebookMessageAutomatizer/target/site/serenity/index.html
      - Test Root: starter
      - Requirements base directory: null
4 actionable tasks: 4 executed
> Task :compileJava NO-SOURCE
> Task :processResources NO-SOURCE
> Task :classes UP-TO-DATE
> Task :compileTestJava
> Task :processTestResources
> Task :testClasses

> Task :test

Gradle Test Executor 33 STANDARD_OUT
    22:49:06.125 [ForkJoinPool-1-worker-3] INFO  n.thucydides.core.steps.StepEventBus - Loading JUnit Platform configuration parameters from classpath resource [junit-platform.properties].

MessageTest STANDARD_OUT
    22:49:07.759 [ForkJoinPool-1-worker-3] ERROR i.g.bonigarcia.wdm.online.HttpClient - Error HTTP 404 executing https://chromedriver.storage.googleapis.com/LATEST_RELEASE_115
    22:49:07.760 [ForkJoinPool-1-worker-3] WARN  i.g.b.wdm.versions.VersionDetector - Exception reading https://chromedriver.storage.googleapis.com/LATEST_RELEASE_115 to get latest version of chromedriver (Error HTTP 404 executing https://chromedriver.storage.googleapis.com/LATEST_RELEASE_115)

MessageTest > sendTextTest() STANDARD_OUT
    22:49:08.525 [ForkJoinPool-1-worker-3] INFO  n.s.c.w.d.ChromeDriverProvider - Starting Chrome driver instance with capabilities:
    22:49:08.532 [ForkJoinPool-1-worker-3] INFO  n.s.c.w.d.ChromeDriverProvider - Capabilities {acceptInsecureCerts: false, browserName: chrome, goog:chromeOptions: {args: [--remote-allow-origins=*, test-type, ignore-certificate-errors, --start-maximized, incognito, disable-infobars, disable-gpu, disable-default-apps, disable-popup-blocking, --remote-allow-origins=*, test-type, ignore-certificate-errors, --start-maximized, incognito, disable-infobars, disable-gpu, disable-default-apps, disable-popup-blocking, remote-allow-origins=*, --headless=new], extensions: []}}

MessageTest > sendTextTest() STANDARD_ERROR
    Starting ChromeDriver 114.0.5735.90 (386bc09e8f4f2e025eddae123f36f6263096ae49-refs/branch-heads/5735@{#1052}) on port 17359
    Only local connections are allowed.
    Please see https://chromedriver.chromium.org/security-considerations for suggestions on keeping ChromeDriver safe.
    ChromeDriver was started successfully.
    [1694375349.435][WARNING]: This version of ChromeDriver has not been tested with Chrome version 115.
    Sep 10, 2023 10:49:09 PM org.openqa.selenium.devtools.CdpVersionFinder findNearestMatch
    WARNING: Unable to find CDP implementation matching 115
    Sep 10, 2023 10:49:09 PM org.openqa.selenium.chromium.ChromiumDriver lambda$new$3
    WARNING: Unable to find version of CDP to use for . You may need to include a dependency on a specific version of the CDP using something similar to `org.seleniumhq.selenium:selenium-devtools-v86:4.8.1` where the version ("v86") matches the version of the chromium-based browser you're using and the version number of the artifact is the same as Selenium's.

> Task :aggregate
Generating Serenity Reports
  - Test Root: starter
  - Main report: file:///home/dani/projects/fb-message-automatizer/FacebookMessageAutomatizer/target/site/serenity/index.html
      - Test Root: starter
      - Requirements base directory: null

BUILD SUCCESSFUL in 30s
4 actionable tasks: 4 executed
> Task :compileJava NO-SOURCE
> Task :processResources NO-SOURCE
> Task :classes UP-TO-DATE
> Task :compileTestJava
> Task :processTestResources
> Task :testClasses

> Task :test

Gradle Test Executor 34 STANDARD_OUT
    22:50:06.374 [ForkJoinPool-1-worker-3] INFO  n.thucydides.core.steps.StepEventBus - Loading JUnit Platform configuration parameters from classpath resource [junit-platform.properties].

MessageTest STANDARD_OUT
    22:50:08.101 [ForkJoinPool-1-worker-3] ERROR i.g.bonigarcia.wdm.online.HttpClient - Error HTTP 404 executing https://chromedriver.storage.googleapis.com/LATEST_RELEASE_115
    22:50:08.102 [ForkJoinPool-1-worker-3] WARN  i.g.b.wdm.versions.VersionDetector - Exception reading https://chromedriver.storage.googleapis.com/LATEST_RELEASE_115 to get latest version of chromedriver (Error HTTP 404 executing https://chromedriver.storage.googleapis.com/LATEST_RELEASE_115)

MessageTest > sendTextTest() STANDARD_OUT
    22:50:08.929 [ForkJoinPool-1-worker-3] INFO  n.s.c.w.d.ChromeDriverProvider - Starting Chrome driver instance with capabilities:
    22:50:08.934 [ForkJoinPool-1-worker-3] INFO  n.s.c.w.d.ChromeDriverProvider - Capabilities {acceptInsecureCerts: false, browserName: chrome, goog:chromeOptions: {args: [--remote-allow-origins=*, test-type, ignore-certificate-errors, --start-maximized, incognito, disable-infobars, disable-gpu, disable-default-apps, disable-popup-blocking, --remote-allow-origins=*, test-type, ignore-certificate-errors, --start-maximized, incognito, disable-infobars, disable-gpu, disable-default-apps, disable-popup-blocking, remote-allow-origins=*, --headless=new], extensions: []}}

MessageTest > sendTextTest() STANDARD_ERROR
    Starting ChromeDriver 114.0.5735.90 (386bc09e8f4f2e025eddae123f36f6263096ae49-refs/branch-heads/5735@{#1052}) on port 30350
    Only local connections are allowed.
    Please see https://chromedriver.chromium.org/security-considerations for suggestions on keeping ChromeDriver safe.
    ChromeDriver was started successfully.
    [1694375409.848][WARNING]: This version of ChromeDriver has not been tested with Chrome version 115.
    Sep 10, 2023 10:50:10 PM org.openqa.selenium.devtools.CdpVersionFinder findNearestMatch
    WARNING: Unable to find CDP implementation matching 115
    Sep 10, 2023 10:50:10 PM org.openqa.selenium.chromium.ChromiumDriver lambda$new$3
    WARNING: Unable to find version of CDP to use for . You may need to include a dependency on a specific version of the CDP using something similar to `org.seleniumhq.selenium:selenium-devtools-v86:4.8.1` where the version ("v86") matches the version of the chromium-based browser you're using and the version number of the artifact is the same as Selenium's.

> Task :aggregate
Generating Serenity Reports
  - Test Root: starter
  - Main report: file:///home/dani/projects/fb-message-automatizer/FacebookMessageAutomatizer/target/site/serenity/index.html
      - Test Root: starter
      - Requirements base directory: null

BUILD SUCCESSFUL in 29s
4 actionable tasks: 4 executed
> Task :compileJava NO-SOURCE
> Task :processResources NO-SOURCE
> Task :classes UP-TO-DATE
> Task :compileTestJava
> Task :processTestResources
> Task :testClasses

> Task :test

Gradle Test Executor 35 STANDARD_OUT
    22:51:06.306 [ForkJoinPool-1-worker-3] INFO  n.thucydides.core.steps.StepEventBus - Loading JUnit Platform configuration parameters from classpath resource [junit-platform.properties].

MessageTest STANDARD_OUT
    22:51:07.883 [ForkJoinPool-1-worker-3] ERROR i.g.bonigarcia.wdm.online.HttpClient - Error HTTP 404 executing https://chromedriver.storage.googleapis.com/LATEST_RELEASE_115
    22:51:07.884 [ForkJoinPool-1-worker-3] WARN  i.g.b.wdm.versions.VersionDetector - Exception reading https://chromedriver.storage.googleapis.com/LATEST_RELEASE_115 to get latest version of chromedriver (Error HTTP 404 executing https://chromedriver.storage.googleapis.com/LATEST_RELEASE_115)

MessageTest > sendTextTest() STANDARD_OUT
    22:51:08.648 [ForkJoinPool-1-worker-3] INFO  n.s.c.w.d.ChromeDriverProvider - Starting Chrome driver instance with capabilities:
    22:51:08.652 [ForkJoinPool-1-worker-3] INFO  n.s.c.w.d.ChromeDriverProvider - Capabilities {acceptInsecureCerts: false, browserName: chrome, goog:chromeOptions: {args: [--remote-allow-origins=*, test-type, ignore-certificate-errors, --start-maximized, incognito, disable-infobars, disable-gpu, disable-default-apps, disable-popup-blocking, --remote-allow-origins=*, test-type, ignore-certificate-errors, --start-maximized, incognito, disable-infobars, disable-gpu, disable-default-apps, disable-popup-blocking, remote-allow-origins=*, --headless=new], extensions: []}}

MessageTest > sendTextTest() STANDARD_ERROR
    Starting ChromeDriver 114.0.5735.90 (386bc09e8f4f2e025eddae123f36f6263096ae49-refs/branch-heads/5735@{#1052}) on port 14959
    Only local connections are allowed.
    Please see https://chromedriver.chromium.org/security-considerations for suggestions on keeping ChromeDriver safe.
    ChromeDriver was started successfully.
    [1694375469.549][WARNING]: This version of ChromeDriver has not been tested with Chrome version 115.
    Sep 10, 2023 10:51:09 PM org.openqa.selenium.devtools.CdpVersionFinder findNearestMatch
    WARNING: Unable to find CDP implementation matching 115
    Sep 10, 2023 10:51:09 PM org.openqa.selenium.chromium.ChromiumDriver lambda$new$3
    WARNING: Unable to find version of CDP to use for . You may need to include a dependency on a specific version of the CDP using something similar to `org.seleniumhq.selenium:selenium-devtools-v86:4.8.1` where the version ("v86") matches the version of the chromium-based browser you're using and the version number of the artifact is the same as Selenium's.

> Task :aggregate
Generating Serenity Reports
  - Test Root: starter
  - Main report: file:///home/dani/projects/fb-message-automatizer/FacebookMessageAutomatizer/target/site/serenity/index.html
      - Test Root: starter
      - Requirements base directory: null

BUILD SUCCESSFUL in 29s
4 actionable tasks: 4 executed
> Task :compileJava NO-SOURCE
> Task :processResources NO-SOURCE
> Task :classes UP-TO-DATE
> Task :compileTestJava
> Task :processTestResources
> Task :testClasses

> Task :test

Gradle Test Executor 36 STANDARD_OUT
    22:52:05.801 [ForkJoinPool-1-worker-3] INFO  n.thucydides.core.steps.StepEventBus - Loading JUnit Platform configuration parameters from classpath resource [junit-platform.properties].

MessageTest STANDARD_OUT
    22:52:07.498 [ForkJoinPool-1-worker-3] ERROR i.g.bonigarcia.wdm.online.HttpClient - Error HTTP 404 executing https://chromedriver.storage.googleapis.com/LATEST_RELEASE_115
    22:52:07.499 [ForkJoinPool-1-worker-3] WARN  i.g.b.wdm.versions.VersionDetector - Exception reading https://chromedriver.storage.googleapis.com/LATEST_RELEASE_115 to get latest version of chromedriver (Error HTTP 404 executing https://chromedriver.storage.googleapis.com/LATEST_RELEASE_115)

MessageTest > sendTextTest() STANDARD_OUT
    22:52:08.269 [ForkJoinPool-1-worker-3] INFO  n.s.c.w.d.ChromeDriverProvider - Starting Chrome driver instance with capabilities:
    22:52:08.276 [ForkJoinPool-1-worker-3] INFO  n.s.c.w.d.ChromeDriverProvider - Capabilities {acceptInsecureCerts: false, browserName: chrome, goog:chromeOptions: {args: [--remote-allow-origins=*, test-type, ignore-certificate-errors, --start-maximized, incognito, disable-infobars, disable-gpu, disable-default-apps, disable-popup-blocking, --remote-allow-origins=*, test-type, ignore-certificate-errors, --start-maximized, incognito, disable-infobars, disable-gpu, disable-default-apps, disable-popup-blocking, remote-allow-origins=*, --headless=new], extensions: []}}

MessageTest > sendTextTest() STANDARD_ERROR
    Starting ChromeDriver 114.0.5735.90 (386bc09e8f4f2e025eddae123f36f6263096ae49-refs/branch-heads/5735@{#1052}) on port 22450
    Only local connections are allowed.
    Please see https://chromedriver.chromium.org/security-considerations for suggestions on keeping ChromeDriver safe.
    ChromeDriver was started successfully.
    [1694375529.166][WARNING]: This version of ChromeDriver has not been tested with Chrome version 115.
    Sep 10, 2023 10:52:09 PM org.openqa.selenium.devtools.CdpVersionFinder findNearestMatch
    WARNING: Unable to find CDP implementation matching 115
    Sep 10, 2023 10:52:09 PM org.openqa.selenium.chromium.ChromiumDriver lambda$new$3
    WARNING: Unable to find version of CDP to use for . You may need to include a dependency on a specific version of the CDP using something similar to `org.seleniumhq.selenium:selenium-devtools-v86:4.8.1` where the version ("v86") matches the version of the chromium-based browser you're using and the version number of the artifact is the same as Selenium's.

> Task :aggregate
Generating Serenity Reports
  - Test Root: starter
  - Main report: file:///home/dani/projects/fb-message-automatizer/FacebookMessageAutomatizer/target/site/serenity/index.html
      - Test Root: starter
      - Requirements base directory: null

BUILD SUCCESSFUL in 31s
4 actionable tasks: 4 executed
> Task :compileJava NO-SOURCE
> Task :processResources NO-SOURCE
> Task :classes UP-TO-DATE
> Task :compileTestJava
> Task :processTestResources
> Task :testClasses

> Task :test

Gradle Test Executor 37 STANDARD_OUT
    22:53:06.523 [ForkJoinPool-1-worker-3] INFO  n.thucydides.core.steps.StepEventBus - Loading JUnit Platform configuration parameters from classpath resource [junit-platform.properties].

MessageTest STANDARD_OUT
    22:53:08.099 [ForkJoinPool-1-worker-3] ERROR i.g.bonigarcia.wdm.online.HttpClient - Error HTTP 404 executing https://chromedriver.storage.googleapis.com/LATEST_RELEASE_115
    22:53:08.100 [ForkJoinPool-1-worker-3] WARN  i.g.b.wdm.versions.VersionDetector - Exception reading https://chromedriver.storage.googleapis.com/LATEST_RELEASE_115 to get latest version of chromedriver (Error HTTP 404 executing https://chromedriver.storage.googleapis.com/LATEST_RELEASE_115)

MessageTest > sendTextTest() STANDARD_OUT
    22:53:08.934 [ForkJoinPool-1-worker-3] INFO  n.s.c.w.d.ChromeDriverProvider - Starting Chrome driver instance with capabilities:
    22:53:08.942 [ForkJoinPool-1-worker-3] INFO  n.s.c.w.d.ChromeDriverProvider - Capabilities {acceptInsecureCerts: false, browserName: chrome, goog:chromeOptions: {args: [--remote-allow-origins=*, test-type, ignore-certificate-errors, --start-maximized, incognito, disable-infobars, disable-gpu, disable-default-apps, disable-popup-blocking, --remote-allow-origins=*, test-type, ignore-certificate-errors, --start-maximized, incognito, disable-infobars, disable-gpu, disable-default-apps, disable-popup-blocking, remote-allow-origins=*, --headless=new], extensions: []}}

MessageTest > sendTextTest() STANDARD_ERROR
    Starting ChromeDriver 114.0.5735.90 (386bc09e8f4f2e025eddae123f36f6263096ae49-refs/branch-heads/5735@{#1052}) on port 23102
    Only local connections are allowed.
    Please see https://chromedriver.chromium.org/security-considerations for suggestions on keeping ChromeDriver safe.
    ChromeDriver was started successfully.
    [1694375589.901][WARNING]: This version of ChromeDriver has not been tested with Chrome version 115.
    Sep 10, 2023 10:53:10 PM org.openqa.selenium.devtools.CdpVersionFinder findNearestMatch
    WARNING: Unable to find CDP implementation matching 115
    Sep 10, 2023 10:53:10 PM org.openqa.selenium.chromium.ChromiumDriver lambda$new$3
    WARNING: Unable to find version of CDP to use for . You may need to include a dependency on a specific version of the CDP using something similar to `org.seleniumhq.selenium:selenium-devtools-v86:4.8.1` where the version ("v86") matches the version of the chromium-based browser you're using and the version number of the artifact is the same as Selenium's.

> Task :aggregate
Generating Serenity Reports
  - Test Root: starter
  - Main report: file:///home/dani/projects/fb-message-automatizer/FacebookMessageAutomatizer/target/site/serenity/index.html
      - Test Root: starter
      - Requirements base directory: null

BUILD SUCCESSFUL in 30s
4 actionable tasks: 4 executed
> Task :compileJava NO-SOURCE
> Task :processResources NO-SOURCE
> Task :classes UP-TO-DATE
> Task :compileTestJava
> Task :processTestResources
> Task :testClasses

> Task :test

Gradle Test Executor 38 STANDARD_OUT
    22:54:06.571 [ForkJoinPool-1-worker-3] INFO  n.thucydides.core.steps.StepEventBus - Loading JUnit Platform configuration parameters from classpath resource [junit-platform.properties].

MessageTest STANDARD_OUT
    22:54:08.245 [ForkJoinPool-1-worker-3] ERROR i.g.bonigarcia.wdm.online.HttpClient - Error HTTP 404 executing https://chromedriver.storage.googleapis.com/LATEST_RELEASE_115
    22:54:08.246 [ForkJoinPool-1-worker-3] WARN  i.g.b.wdm.versions.VersionDetector - Exception reading https://chromedriver.storage.googleapis.com/LATEST_RELEASE_115 to get latest version of chromedriver (Error HTTP 404 executing https://chromedriver.storage.googleapis.com/LATEST_RELEASE_115)

MessageTest > sendTextTest() STANDARD_OUT
    22:54:09.051 [ForkJoinPool-1-worker-3] INFO  n.s.c.w.d.ChromeDriverProvider - Starting Chrome driver instance with capabilities:
    22:54:09.060 [ForkJoinPool-1-worker-3] INFO  n.s.c.w.d.ChromeDriverProvider - Capabilities {acceptInsecureCerts: false, browserName: chrome, goog:chromeOptions: {args: [--remote-allow-origins=*, test-type, ignore-certificate-errors, --start-maximized, incognito, disable-infobars, disable-gpu, disable-default-apps, disable-popup-blocking, --remote-allow-origins=*, test-type, ignore-certificate-errors, --start-maximized, incognito, disable-infobars, disable-gpu, disable-default-apps, disable-popup-blocking, remote-allow-origins=*, --headless=new], extensions: []}}

MessageTest > sendTextTest() STANDARD_ERROR
    Starting ChromeDriver 114.0.5735.90 (386bc09e8f4f2e025eddae123f36f6263096ae49-refs/branch-heads/5735@{#1052}) on port 24566
    Only local connections are allowed.
    Please see https://chromedriver.chromium.org/security-considerations for suggestions on keeping ChromeDriver safe.
    ChromeDriver was started successfully.
    [1694375650.080][WARNING]: This version of ChromeDriver has not been tested with Chrome version 115.
    Sep 10, 2023 10:54:10 PM org.openqa.selenium.devtools.CdpVersionFinder findNearestMatch
    WARNING: Unable to find CDP implementation matching 115
    Sep 10, 2023 10:54:10 PM org.openqa.selenium.chromium.ChromiumDriver lambda$new$3
    WARNING: Unable to find version of CDP to use for . You may need to include a dependency on a specific version of the CDP using something similar to `org.seleniumhq.selenium:selenium-devtools-v86:4.8.1` where the version ("v86") matches the version of the chromium-based browser you're using and the version number of the artifact is the same as Selenium's.

> Task :aggregate
Generating Serenity Reports
  - Test Root: starter
  - Main report: file:///home/dani/projects/fb-message-automatizer/FacebookMessageAutomatizer/target/site/serenity/index.html
      - Test Root: starter
      - Requirements base directory: null

BUILD SUCCESSFUL in 31s
4 actionable tasks: 4 executed
> Task :compileJava NO-SOURCE
> Task :processResources NO-SOURCE
> Task :classes UP-TO-DATE
> Task :compileTestJava
> Task :processTestResources
> Task :testClasses

> Task :test

Gradle Test Executor 39 STANDARD_OUT
    22:55:06.384 [ForkJoinPool-1-worker-3] INFO  n.thucydides.core.steps.StepEventBus - Loading JUnit Platform configuration parameters from classpath resource [junit-platform.properties].

MessageTest STANDARD_OUT
    22:55:08.012 [ForkJoinPool-1-worker-3] ERROR i.g.bonigarcia.wdm.online.HttpClient - Error HTTP 404 executing https://chromedriver.storage.googleapis.com/LATEST_RELEASE_115
    22:55:08.012 [ForkJoinPool-1-worker-3] WARN  i.g.b.wdm.versions.VersionDetector - Exception reading https://chromedriver.storage.googleapis.com/LATEST_RELEASE_115 to get latest version of chromedriver (Error HTTP 404 executing https://chromedriver.storage.googleapis.com/LATEST_RELEASE_115)

MessageTest > sendTextTest() STANDARD_OUT
    22:55:08.959 [ForkJoinPool-1-worker-3] INFO  n.s.c.w.d.ChromeDriverProvider - Starting Chrome driver instance with capabilities:
    22:55:08.966 [ForkJoinPool-1-worker-3] INFO  n.s.c.w.d.ChromeDriverProvider - Capabilities {acceptInsecureCerts: false, browserName: chrome, goog:chromeOptions: {args: [--remote-allow-origins=*, test-type, ignore-certificate-errors, --start-maximized, incognito, disable-infobars, disable-gpu, disable-default-apps, disable-popup-blocking, --remote-allow-origins=*, test-type, ignore-certificate-errors, --start-maximized, incognito, disable-infobars, disable-gpu, disable-default-apps, disable-popup-blocking, remote-allow-origins=*, --headless=new], extensions: []}}

MessageTest > sendTextTest() STANDARD_ERROR
    Starting ChromeDriver 114.0.5735.90 (386bc09e8f4f2e025eddae123f36f6263096ae49-refs/branch-heads/5735@{#1052}) on port 3849
    Only local connections are allowed.
    Please see https://chromedriver.chromium.org/security-considerations for suggestions on keeping ChromeDriver safe.
    ChromeDriver was started successfully.
    [1694375709.927][WARNING]: This version of ChromeDriver has not been tested with Chrome version 115.
    Sep 10, 2023 10:55:10 PM org.openqa.selenium.devtools.CdpVersionFinder findNearestMatch
    WARNING: Unable to find CDP implementation matching 115
    Sep 10, 2023 10:55:10 PM org.openqa.selenium.chromium.ChromiumDriver lambda$new$3
    WARNING: Unable to find version of CDP to use for . You may need to include a dependency on a specific version of the CDP using something similar to `org.seleniumhq.selenium:selenium-devtools-v86:4.8.1` where the version ("v86") matches the version of the chromium-based browser you're using and the version number of the artifact is the same as Selenium's.

> Task :aggregate
Generating Serenity Reports
  - Test Root: starter
  - Main report: file:///home/dani/projects/fb-message-automatizer/FacebookMessageAutomatizer/target/site/serenity/index.html
      - Test Root: starter
      - Requirements base directory: null

BUILD SUCCESSFUL in 31s
4 actionable tasks: 4 executed
> Task :compileJava NO-SOURCE
> Task :processResources NO-SOURCE
> Task :classes UP-TO-DATE
> Task :compileTestJava
> Task :processTestResources
> Task :testClasses

> Task :test

Gradle Test Executor 40 STANDARD_OUT
    22:56:06.471 [ForkJoinPool-1-worker-3] INFO  n.thucydides.core.steps.StepEventBus - Loading JUnit Platform configuration parameters from classpath resource [junit-platform.properties].

MessageTest STANDARD_OUT
    22:56:08.306 [ForkJoinPool-1-worker-3] ERROR i.g.bonigarcia.wdm.online.HttpClient - Error HTTP 404 executing https://chromedriver.storage.googleapis.com/LATEST_RELEASE_115
    22:56:08.307 [ForkJoinPool-1-worker-3] WARN  i.g.b.wdm.versions.VersionDetector - Exception reading https://chromedriver.storage.googleapis.com/LATEST_RELEASE_115 to get latest version of chromedriver (Error HTTP 404 executing https://chromedriver.storage.googleapis.com/LATEST_RELEASE_115)

MessageTest > sendTextTest() STANDARD_OUT
    22:56:09.123 [ForkJoinPool-1-worker-3] INFO  n.s.c.w.d.ChromeDriverProvider - Starting Chrome driver instance with capabilities:
    22:56:09.128 [ForkJoinPool-1-worker-3] INFO  n.s.c.w.d.ChromeDriverProvider - Capabilities {acceptInsecureCerts: false, browserName: chrome, goog:chromeOptions: {args: [--remote-allow-origins=*, test-type, ignore-certificate-errors, --start-maximized, incognito, disable-infobars, disable-gpu, disable-default-apps, disable-popup-blocking, --remote-allow-origins=*, test-type, ignore-certificate-errors, --start-maximized, incognito, disable-infobars, disable-gpu, disable-default-apps, disable-popup-blocking, remote-allow-origins=*, --headless=new], extensions: []}}

MessageTest > sendTextTest() STANDARD_ERROR
    Starting ChromeDriver 114.0.5735.90 (386bc09e8f4f2e025eddae123f36f6263096ae49-refs/branch-heads/5735@{#1052}) on port 31982
    Only local connections are allowed.
    Please see https://chromedriver.chromium.org/security-considerations for suggestions on keeping ChromeDriver safe.
    ChromeDriver was started successfully.
    [1694375770.063][WARNING]: This version of ChromeDriver has not been tested with Chrome version 115.
    Sep 10, 2023 10:56:10 PM org.openqa.selenium.devtools.CdpVersionFinder findNearestMatch
    WARNING: Unable to find CDP implementation matching 115
    Sep 10, 2023 10:56:10 PM org.openqa.selenium.chromium.ChromiumDriver lambda$new$3
    WARNING: Unable to find version of CDP to use for . You may need to include a dependency on a specific version of the CDP using something similar to `org.seleniumhq.selenium:selenium-devtools-v86:4.8.1` where the version ("v86") matches the version of the chromium-based browser you're using and the version number of the artifact is the same as Selenium's.

> Task :aggregate
Generating Serenity Reports
  - Test Root: starter
  - Main report: file:///home/dani/projects/fb-message-automatizer/FacebookMessageAutomatizer/target/site/serenity/index.html
      - Test Root: starter
      - Requirements base directory: null

BUILD SUCCESSFUL in 32s
4 actionable tasks: 4 executed
> Task :compileJava NO-SOURCE
> Task :processResources NO-SOURCE
> Task :classes UP-TO-DATE
> Task :compileTestJava
> Task :processTestResources
> Task :testClasses

> Task :test

Gradle Test Executor 41 STANDARD_OUT
    22:57:06.800 [ForkJoinPool-1-worker-3] INFO  n.thucydides.core.steps.StepEventBus - Loading JUnit Platform configuration parameters from classpath resource [junit-platform.properties].

MessageTest STANDARD_OUT
    22:57:08.395 [ForkJoinPool-1-worker-3] ERROR i.g.bonigarcia.wdm.online.HttpClient - Error HTTP 404 executing https://chromedriver.storage.googleapis.com/LATEST_RELEASE_115
    22:57:08.396 [ForkJoinPool-1-worker-3] WARN  i.g.b.wdm.versions.VersionDetector - Exception reading https://chromedriver.storage.googleapis.com/LATEST_RELEASE_115 to get latest version of chromedriver (Error HTTP 404 executing https://chromedriver.storage.googleapis.com/LATEST_RELEASE_115)

MessageTest > sendTextTest() STANDARD_OUT
    22:57:09.170 [ForkJoinPool-1-worker-3] INFO  n.s.c.w.d.ChromeDriverProvider - Starting Chrome driver instance with capabilities:
    22:57:09.177 [ForkJoinPool-1-worker-3] INFO  n.s.c.w.d.ChromeDriverProvider - Capabilities {acceptInsecureCerts: false, browserName: chrome, goog:chromeOptions: {args: [--remote-allow-origins=*, test-type, ignore-certificate-errors, --start-maximized, incognito, disable-infobars, disable-gpu, disable-default-apps, disable-popup-blocking, --remote-allow-origins=*, test-type, ignore-certificate-errors, --start-maximized, incognito, disable-infobars, disable-gpu, disable-default-apps, disable-popup-blocking, remote-allow-origins=*, --headless=new], extensions: []}}

MessageTest > sendTextTest() STANDARD_ERROR
    Starting ChromeDriver 114.0.5735.90 (386bc09e8f4f2e025eddae123f36f6263096ae49-refs/branch-heads/5735@{#1052}) on port 22287
    Only local connections are allowed.
    Please see https://chromedriver.chromium.org/security-considerations for suggestions on keeping ChromeDriver safe.
    ChromeDriver was started successfully.
    [1694375830.098][WARNING]: This version of ChromeDriver has not been tested with Chrome version 115.
    Sep 10, 2023 10:57:10 PM org.openqa.selenium.devtools.CdpVersionFinder findNearestMatch
    WARNING: Unable to find CDP implementation matching 115
    Sep 10, 2023 10:57:10 PM org.openqa.selenium.chromium.ChromiumDriver lambda$new$3
    WARNING: Unable to find version of CDP to use for . You may need to include a dependency on a specific version of the CDP using something similar to `org.seleniumhq.selenium:selenium-devtools-v86:4.8.1` where the version ("v86") matches the version of the chromium-based browser you're using and the version number of the artifact is the same as Selenium's.

> Task :aggregate
Generating Serenity Reports
  - Test Root: starter
  - Main report: file:///home/dani/projects/fb-message-automatizer/FacebookMessageAutomatizer/target/site/serenity/index.html
      - Test Root: starter
      - Requirements base directory: null

BUILD SUCCESSFUL in 33s
4 actionable tasks: 4 executed
> Task :compileJava NO-SOURCE
> Task :processResources NO-SOURCE
> Task :classes UP-TO-DATE
> Task :compileTestJava
> Task :processTestResources
> Task :testClasses

> Task :test

Gradle Test Executor 42 STANDARD_OUT
    22:58:06.949 [ForkJoinPool-1-worker-3] INFO  n.thucydides.core.steps.StepEventBus - Loading JUnit Platform configuration parameters from classpath resource [junit-platform.properties].

MessageTest STANDARD_OUT
    22:58:08.602 [ForkJoinPool-1-worker-3] ERROR i.g.bonigarcia.wdm.online.HttpClient - Error HTTP 404 executing https://chromedriver.storage.googleapis.com/LATEST_RELEASE_115
    22:58:08.603 [ForkJoinPool-1-worker-3] WARN  i.g.b.wdm.versions.VersionDetector - Exception reading https://chromedriver.storage.googleapis.com/LATEST_RELEASE_115 to get latest version of chromedriver (Error HTTP 404 executing https://chromedriver.storage.googleapis.com/LATEST_RELEASE_115)

MessageTest > sendTextTest() STANDARD_OUT
    22:58:09.439 [ForkJoinPool-1-worker-3] INFO  n.s.c.w.d.ChromeDriverProvider - Starting Chrome driver instance with capabilities:
    22:58:09.443 [ForkJoinPool-1-worker-3] INFO  n.s.c.w.d.ChromeDriverProvider - Capabilities {acceptInsecureCerts: false, browserName: chrome, goog:chromeOptions: {args: [--remote-allow-origins=*, test-type, ignore-certificate-errors, --start-maximized, incognito, disable-infobars, disable-gpu, disable-default-apps, disable-popup-blocking, --remote-allow-origins=*, test-type, ignore-certificate-errors, --start-maximized, incognito, disable-infobars, disable-gpu, disable-default-apps, disable-popup-blocking, remote-allow-origins=*, --headless=new], extensions: []}}

MessageTest > sendTextTest() STANDARD_ERROR
    Starting ChromeDriver 114.0.5735.90 (386bc09e8f4f2e025eddae123f36f6263096ae49-refs/branch-heads/5735@{#1052}) on port 23617
    Only local connections are allowed.
    Please see https://chromedriver.chromium.org/security-considerations for suggestions on keeping ChromeDriver safe.
    ChromeDriver was started successfully.
    [1694375890.425][WARNING]: This version of ChromeDriver has not been tested with Chrome version 115.
    Sep 10, 2023 10:58:10 PM org.openqa.selenium.devtools.CdpVersionFinder findNearestMatch
    WARNING: Unable to find CDP implementation matching 115
    Sep 10, 2023 10:58:10 PM org.openqa.selenium.chromium.ChromiumDriver lambda$new$3
    WARNING: Unable to find version of CDP to use for . You may need to include a dependency on a specific version of the CDP using something similar to `org.seleniumhq.selenium:selenium-devtools-v86:4.8.1` where the version ("v86") matches the version of the chromium-based browser you're using and the version number of the artifact is the same as Selenium's.

> Task :aggregate
Generating Serenity Reports
  - Test Root: starter
  - Main report: file:///home/dani/projects/fb-message-automatizer/FacebookMessageAutomatizer/target/site/serenity/index.html
      - Test Root: starter
      - Requirements base directory: null

BUILD SUCCESSFUL in 30s
4 actionable tasks: 4 executed
> Task :compileJava NO-SOURCE
> Task :processResources NO-SOURCE
> Task :classes UP-TO-DATE
> Task :compileTestJava
> Task :processTestResources
> Task :testClasses

> Task :test

Gradle Test Executor 43 STANDARD_OUT
    22:59:06.494 [ForkJoinPool-1-worker-3] INFO  n.thucydides.core.steps.StepEventBus - Loading JUnit Platform configuration parameters from classpath resource [junit-platform.properties].

MessageTest STANDARD_OUT
    22:59:08.044 [ForkJoinPool-1-worker-3] ERROR i.g.bonigarcia.wdm.online.HttpClient - Error HTTP 404 executing https://chromedriver.storage.googleapis.com/LATEST_RELEASE_115
    22:59:08.044 [ForkJoinPool-1-worker-3] WARN  i.g.b.wdm.versions.VersionDetector - Exception reading https://chromedriver.storage.googleapis.com/LATEST_RELEASE_115 to get latest version of chromedriver (Error HTTP 404 executing https://chromedriver.storage.googleapis.com/LATEST_RELEASE_115)

MessageTest > sendTextTest() STANDARD_OUT
    22:59:08.799 [ForkJoinPool-1-worker-3] INFO  n.s.c.w.d.ChromeDriverProvider - Starting Chrome driver instance with capabilities:
    22:59:08.808 [ForkJoinPool-1-worker-3] INFO  n.s.c.w.d.ChromeDriverProvider - Capabilities {acceptInsecureCerts: false, browserName: chrome, goog:chromeOptions: {args: [--remote-allow-origins=*, test-type, ignore-certificate-errors, --start-maximized, incognito, disable-infobars, disable-gpu, disable-default-apps, disable-popup-blocking, --remote-allow-origins=*, test-type, ignore-certificate-errors, --start-maximized, incognito, disable-infobars, disable-gpu, disable-default-apps, disable-popup-blocking, remote-allow-origins=*, --headless=new], extensions: []}}

MessageTest > sendTextTest() STANDARD_ERROR
    Starting ChromeDriver 114.0.5735.90 (386bc09e8f4f2e025eddae123f36f6263096ae49-refs/branch-heads/5735@{#1052}) on port 22304
    Only local connections are allowed.
    Please see https://chromedriver.chromium.org/security-considerations for suggestions on keeping ChromeDriver safe.
    ChromeDriver was started successfully.
    [1694375949.705][WARNING]: This version of ChromeDriver has not been tested with Chrome version 115.
    Sep 10, 2023 10:59:09 PM org.openqa.selenium.devtools.CdpVersionFinder findNearestMatch
    WARNING: Unable to find CDP implementation matching 115
    Sep 10, 2023 10:59:09 PM org.openqa.selenium.chromium.ChromiumDriver lambda$new$3
    WARNING: Unable to find version of CDP to use for . You may need to include a dependency on a specific version of the CDP using something similar to `org.seleniumhq.selenium:selenium-devtools-v86:4.8.1` where the version ("v86") matches the version of the chromium-based browser you're using and the version number of the artifact is the same as Selenium's.

> Task :aggregate
Generating Serenity Reports
  - Test Root: starter
  - Main report: file:///home/dani/projects/fb-message-automatizer/FacebookMessageAutomatizer/target/site/serenity/index.html
      - Test Root: starter
      - Requirements base directory: null

BUILD SUCCESSFUL in 30s
4 actionable tasks: 4 executed
> Task :compileJava NO-SOURCE
> Task :processResources NO-SOURCE
> Task :classes UP-TO-DATE
> Task :compileTestJava
> Task :processTestResources
> Task :testClasses

> Task :test

Gradle Test Executor 44 STANDARD_OUT
    23:00:06.281 [ForkJoinPool-1-worker-3] INFO  n.thucydides.core.steps.StepEventBus - Loading JUnit Platform configuration parameters from classpath resource [junit-platform.properties].

MessageTest STANDARD_OUT
    23:00:07.838 [ForkJoinPool-1-worker-3] ERROR i.g.bonigarcia.wdm.online.HttpClient - Error HTTP 404 executing https://chromedriver.storage.googleapis.com/LATEST_RELEASE_115
    23:00:07.839 [ForkJoinPool-1-worker-3] WARN  i.g.b.wdm.versions.VersionDetector - Exception reading https://chromedriver.storage.googleapis.com/LATEST_RELEASE_115 to get latest version of chromedriver (Error HTTP 404 executing https://chromedriver.storage.googleapis.com/LATEST_RELEASE_115)

MessageTest > sendTextTest() STANDARD_OUT
    23:00:08.599 [ForkJoinPool-1-worker-3] INFO  n.s.c.w.d.ChromeDriverProvider - Starting Chrome driver instance with capabilities:
    23:00:08.606 [ForkJoinPool-1-worker-3] INFO  n.s.c.w.d.ChromeDriverProvider - Capabilities {acceptInsecureCerts: false, browserName: chrome, goog:chromeOptions: {args: [--remote-allow-origins=*, test-type, ignore-certificate-errors, --start-maximized, incognito, disable-infobars, disable-gpu, disable-default-apps, disable-popup-blocking, --remote-allow-origins=*, test-type, ignore-certificate-errors, --start-maximized, incognito, disable-infobars, disable-gpu, disable-default-apps, disable-popup-blocking, remote-allow-origins=*, --headless=new], extensions: []}}

MessageTest > sendTextTest() STANDARD_ERROR
    Starting ChromeDriver 114.0.5735.90 (386bc09e8f4f2e025eddae123f36f6263096ae49-refs/branch-heads/5735@{#1052}) on port 9537
    Only local connections are allowed.
    Please see https://chromedriver.chromium.org/security-considerations for suggestions on keeping ChromeDriver safe.
    ChromeDriver was started successfully.
    [1694376009.516][WARNING]: This version of ChromeDriver has not been tested with Chrome version 115.
    Sep 10, 2023 11:00:09 PM org.openqa.selenium.devtools.CdpVersionFinder findNearestMatch
    WARNING: Unable to find CDP implementation matching 115
    Sep 10, 2023 11:00:09 PM org.openqa.selenium.chromium.ChromiumDriver lambda$new$3
    WARNING: Unable to find version of CDP to use for . You may need to include a dependency on a specific version of the CDP using something similar to `org.seleniumhq.selenium:selenium-devtools-v86:4.8.1` where the version ("v86") matches the version of the chromium-based browser you're using and the version number of the artifact is the same as Selenium's.

> Task :aggregate
Generating Serenity Reports
  - Test Root: starter
  - Main report: file:///home/dani/projects/fb-message-automatizer/FacebookMessageAutomatizer/target/site/serenity/index.html
      - Test Root: starter
      - Requirements base directory: null

BUILD SUCCESSFUL in 29s
4 actionable tasks: 4 executed
> Task :compileJava NO-SOURCE
> Task :processResources NO-SOURCE
> Task :classes UP-TO-DATE
> Task :compileTestJava
> Task :processTestResources
> Task :testClasses

> Task :test

Gradle Test Executor 45 STANDARD_OUT
    23:01:06.013 [ForkJoinPool-1-worker-3] INFO  n.thucydides.core.steps.StepEventBus - Loading JUnit Platform configuration parameters from classpath resource [junit-platform.properties].

MessageTest STANDARD_OUT
    23:01:07.579 [ForkJoinPool-1-worker-3] ERROR i.g.bonigarcia.wdm.online.HttpClient - Error HTTP 404 executing https://chromedriver.storage.googleapis.com/LATEST_RELEASE_115
    23:01:07.579 [ForkJoinPool-1-worker-3] WARN  i.g.b.wdm.versions.VersionDetector - Exception reading https://chromedriver.storage.googleapis.com/LATEST_RELEASE_115 to get latest version of chromedriver (Error HTTP 404 executing https://chromedriver.storage.googleapis.com/LATEST_RELEASE_115)

MessageTest > sendTextTest() STANDARD_OUT
    23:01:08.339 [ForkJoinPool-1-worker-3] INFO  n.s.c.w.d.ChromeDriverProvider - Starting Chrome driver instance with capabilities:
    23:01:08.342 [ForkJoinPool-1-worker-3] INFO  n.s.c.w.d.ChromeDriverProvider - Capabilities {acceptInsecureCerts: false, browserName: chrome, goog:chromeOptions: {args: [--remote-allow-origins=*, test-type, ignore-certificate-errors, --start-maximized, incognito, disable-infobars, disable-gpu, disable-default-apps, disable-popup-blocking, --remote-allow-origins=*, test-type, ignore-certificate-errors, --start-maximized, incognito, disable-infobars, disable-gpu, disable-default-apps, disable-popup-blocking, remote-allow-origins=*, --headless=new], extensions: []}}

MessageTest > sendTextTest() STANDARD_ERROR
    Starting ChromeDriver 114.0.5735.90 (386bc09e8f4f2e025eddae123f36f6263096ae49-refs/branch-heads/5735@{#1052}) on port 16181
    Only local connections are allowed.
    Please see https://chromedriver.chromium.org/security-considerations for suggestions on keeping ChromeDriver safe.
    ChromeDriver was started successfully.
    [1694376069.236][WARNING]: This version of ChromeDriver has not been tested with Chrome version 115.
    Sep 10, 2023 11:01:09 PM org.openqa.selenium.devtools.CdpVersionFinder findNearestMatch
    WARNING: Unable to find CDP implementation matching 115
    Sep 10, 2023 11:01:09 PM org.openqa.selenium.chromium.ChromiumDriver lambda$new$3
    WARNING: Unable to find version of CDP to use for . You may need to include a dependency on a specific version of the CDP using something similar to `org.seleniumhq.selenium:selenium-devtools-v86:4.8.1` where the version ("v86") matches the version of the chromium-based browser you're using and the version number of the artifact is the same as Selenium's.

> Task :aggregate
Generating Serenity Reports
  - Test Root: starter
  - Main report: file:///home/dani/projects/fb-message-automatizer/FacebookMessageAutomatizer/target/site/serenity/index.html
      - Test Root: starter
      - Requirements base directory: null

BUILD SUCCESSFUL in 30s
4 actionable tasks: 4 executed
> Task :compileJava NO-SOURCE
> Task :processResources NO-SOURCE
> Task :classes UP-TO-DATE
> Task :compileTestJava
> Task :processTestResources
> Task :testClasses

> Task :test

Gradle Test Executor 46 STANDARD_OUT
    23:02:06.047 [ForkJoinPool-1-worker-3] INFO  n.thucydides.core.steps.StepEventBus - Loading JUnit Platform configuration parameters from classpath resource [junit-platform.properties].

MessageTest STANDARD_OUT
    23:02:07.624 [ForkJoinPool-1-worker-3] ERROR i.g.bonigarcia.wdm.online.HttpClient - Error HTTP 404 executing https://chromedriver.storage.googleapis.com/LATEST_RELEASE_115
    23:02:07.624 [ForkJoinPool-1-worker-3] WARN  i.g.b.wdm.versions.VersionDetector - Exception reading https://chromedriver.storage.googleapis.com/LATEST_RELEASE_115 to get latest version of chromedriver (Error HTTP 404 executing https://chromedriver.storage.googleapis.com/LATEST_RELEASE_115)

MessageTest > sendTextTest() STANDARD_OUT
    23:02:08.366 [ForkJoinPool-1-worker-3] INFO  n.s.c.w.d.ChromeDriverProvider - Starting Chrome driver instance with capabilities:
    23:02:08.369 [ForkJoinPool-1-worker-3] INFO  n.s.c.w.d.ChromeDriverProvider - Capabilities {acceptInsecureCerts: false, browserName: chrome, goog:chromeOptions: {args: [--remote-allow-origins=*, test-type, ignore-certificate-errors, --start-maximized, incognito, disable-infobars, disable-gpu, disable-default-apps, disable-popup-blocking, --remote-allow-origins=*, test-type, ignore-certificate-errors, --start-maximized, incognito, disable-infobars, disable-gpu, disable-default-apps, disable-popup-blocking, remote-allow-origins=*, --headless=new], extensions: []}}

MessageTest > sendTextTest() STANDARD_ERROR
    Starting ChromeDriver 114.0.5735.90 (386bc09e8f4f2e025eddae123f36f6263096ae49-refs/branch-heads/5735@{#1052}) on port 15512
    Only local connections are allowed.
    Please see https://chromedriver.chromium.org/security-considerations for suggestions on keeping ChromeDriver safe.
    ChromeDriver was started successfully.
    [1694376129.270][WARNING]: This version of ChromeDriver has not been tested with Chrome version 115.
    Sep 10, 2023 11:02:09 PM org.openqa.selenium.devtools.CdpVersionFinder findNearestMatch
    WARNING: Unable to find CDP implementation matching 115
    Sep 10, 2023 11:02:09 PM org.openqa.selenium.chromium.ChromiumDriver lambda$new$3
    WARNING: Unable to find version of CDP to use for . You may need to include a dependency on a specific version of the CDP using something similar to `org.seleniumhq.selenium:selenium-devtools-v86:4.8.1` where the version ("v86") matches the version of the chromium-based browser you're using and the version number of the artifact is the same as Selenium's.

> Task :aggregate
Generating Serenity Reports
  - Test Root: starter
  - Main report: file:///home/dani/projects/fb-message-automatizer/FacebookMessageAutomatizer/target/site/serenity/index.html
      - Test Root: starter
      - Requirements base directory: null

BUILD SUCCESSFUL in 30s
4 actionable tasks: 4 executed
> Task :compileJava NO-SOURCE
> Task :processResources NO-SOURCE
> Task :classes UP-TO-DATE
> Task :compileTestJava
> Task :processTestResources
> Task :testClasses

> Task :test

Gradle Test Executor 47 STANDARD_OUT
    23:03:06.676 [ForkJoinPool-1-worker-3] INFO  n.thucydides.core.steps.StepEventBus - Loading JUnit Platform configuration parameters from classpath resource [junit-platform.properties].

MessageTest STANDARD_OUT
    23:03:08.300 [ForkJoinPool-1-worker-3] ERROR i.g.bonigarcia.wdm.online.HttpClient - Error HTTP 404 executing https://chromedriver.storage.googleapis.com/LATEST_RELEASE_115
    23:03:08.301 [ForkJoinPool-1-worker-3] WARN  i.g.b.wdm.versions.VersionDetector - Exception reading https://chromedriver.storage.googleapis.com/LATEST_RELEASE_115 to get latest version of chromedriver (Error HTTP 404 executing https://chromedriver.storage.googleapis.com/LATEST_RELEASE_115)

MessageTest > sendTextTest() STANDARD_OUT
    23:03:09.072 [ForkJoinPool-1-worker-3] INFO  n.s.c.w.d.ChromeDriverProvider - Starting Chrome driver instance with capabilities:
    23:03:09.076 [ForkJoinPool-1-worker-3] INFO  n.s.c.w.d.ChromeDriverProvider - Capabilities {acceptInsecureCerts: false, browserName: chrome, goog:chromeOptions: {args: [--remote-allow-origins=*, test-type, ignore-certificate-errors, --start-maximized, incognito, disable-infobars, disable-gpu, disable-default-apps, disable-popup-blocking, --remote-allow-origins=*, test-type, ignore-certificate-errors, --start-maximized, incognito, disable-infobars, disable-gpu, disable-default-apps, disable-popup-blocking, remote-allow-origins=*, --headless=new], extensions: []}}

MessageTest > sendTextTest() STANDARD_ERROR
    Starting ChromeDriver 114.0.5735.90 (386bc09e8f4f2e025eddae123f36f6263096ae49-refs/branch-heads/5735@{#1052}) on port 28556
    Only local connections are allowed.
    Please see https://chromedriver.chromium.org/security-considerations for suggestions on keeping ChromeDriver safe.
    ChromeDriver was started successfully.
    [1694376189.982][WARNING]: This version of ChromeDriver has not been tested with Chrome version 115.
    Sep 10, 2023 11:03:10 PM org.openqa.selenium.devtools.CdpVersionFinder findNearestMatch
    WARNING: Unable to find CDP implementation matching 115
    Sep 10, 2023 11:03:10 PM org.openqa.selenium.chromium.ChromiumDriver lambda$new$3
    WARNING: Unable to find version of CDP to use for . You may need to include a dependency on a specific version of the CDP using something similar to `org.seleniumhq.selenium:selenium-devtools-v86:4.8.1` where the version ("v86") matches the version of the chromium-based browser you're using and the version number of the artifact is the same as Selenium's.

> Task :aggregate
Generating Serenity Reports
  - Test Root: starter
  - Main report: file:///home/dani/projects/fb-message-automatizer/FacebookMessageAutomatizer/target/site/serenity/index.html
      - Test Root: starter
      - Requirements base directory: null

BUILD SUCCESSFUL in 31s
4 actionable tasks: 4 executed
> Task :compileJava NO-SOURCE
> Task :processResources NO-SOURCE
> Task :classes UP-TO-DATE
> Task :compileTestJava
> Task :processTestResources
> Task :testClasses

> Task :test

Gradle Test Executor 48 STANDARD_OUT
    23:04:06.304 [ForkJoinPool-1-worker-3] INFO  n.thucydides.core.steps.StepEventBus - Loading JUnit Platform configuration parameters from classpath resource [junit-platform.properties].

MessageTest STANDARD_OUT
    23:04:07.844 [ForkJoinPool-1-worker-3] ERROR i.g.bonigarcia.wdm.online.HttpClient - Error HTTP 404 executing https://chromedriver.storage.googleapis.com/LATEST_RELEASE_115
    23:04:07.845 [ForkJoinPool-1-worker-3] WARN  i.g.b.wdm.versions.VersionDetector - Exception reading https://chromedriver.storage.googleapis.com/LATEST_RELEASE_115 to get latest version of chromedriver (Error HTTP 404 executing https://chromedriver.storage.googleapis.com/LATEST_RELEASE_115)

MessageTest > sendTextTest() STANDARD_OUT
    23:04:08.624 [ForkJoinPool-1-worker-3] INFO  n.s.c.w.d.ChromeDriverProvider - Starting Chrome driver instance with capabilities:
    23:04:08.628 [ForkJoinPool-1-worker-3] INFO  n.s.c.w.d.ChromeDriverProvider - Capabilities {acceptInsecureCerts: false, browserName: chrome, goog:chromeOptions: {args: [--remote-allow-origins=*, test-type, ignore-certificate-errors, --start-maximized, incognito, disable-infobars, disable-gpu, disable-default-apps, disable-popup-blocking, --remote-allow-origins=*, test-type, ignore-certificate-errors, --start-maximized, incognito, disable-infobars, disable-gpu, disable-default-apps, disable-popup-blocking, remote-allow-origins=*, --headless=new], extensions: []}}

MessageTest > sendTextTest() STANDARD_ERROR
    Starting ChromeDriver 114.0.5735.90 (386bc09e8f4f2e025eddae123f36f6263096ae49-refs/branch-heads/5735@{#1052}) on port 26625
    Only local connections are allowed.
    Please see https://chromedriver.chromium.org/security-considerations for suggestions on keeping ChromeDriver safe.
    ChromeDriver was started successfully.
    [1694376249.519][WARNING]: This version of ChromeDriver has not been tested with Chrome version 115.
    Sep 10, 2023 11:04:09 PM org.openqa.selenium.devtools.CdpVersionFinder findNearestMatch
    WARNING: Unable to find CDP implementation matching 115
    Sep 10, 2023 11:04:09 PM org.openqa.selenium.chromium.ChromiumDriver lambda$new$3
    WARNING: Unable to find version of CDP to use for . You may need to include a dependency on a specific version of the CDP using something similar to `org.seleniumhq.selenium:selenium-devtools-v86:4.8.1` where the version ("v86") matches the version of the chromium-based browser you're using and the version number of the artifact is the same as Selenium's.

> Task :aggregate
Generating Serenity Reports
  - Test Root: starter
  - Main report: file:///home/dani/projects/fb-message-automatizer/FacebookMessageAutomatizer/target/site/serenity/index.html
      - Test Root: starter
      - Requirements base directory: null

BUILD SUCCESSFUL in 29s
4 actionable tasks: 4 executed
> Task :compileJava NO-SOURCE
> Task :processResources NO-SOURCE
> Task :classes UP-TO-DATE
> Task :compileTestJava
> Task :processTestResources
> Task :testClasses

> Task :test

Gradle Test Executor 49 STANDARD_OUT
    23:05:05.934 [ForkJoinPool-1-worker-3] INFO  n.thucydides.core.steps.StepEventBus - Loading JUnit Platform configuration parameters from classpath resource [junit-platform.properties].

MessageTest STANDARD_OUT
    23:05:07.624 [ForkJoinPool-1-worker-3] ERROR i.g.bonigarcia.wdm.online.HttpClient - Error HTTP 404 executing https://chromedriver.storage.googleapis.com/LATEST_RELEASE_115
    23:05:07.625 [ForkJoinPool-1-worker-3] WARN  i.g.b.wdm.versions.VersionDetector - Exception reading https://chromedriver.storage.googleapis.com/LATEST_RELEASE_115 to get latest version of chromedriver (Error HTTP 404 executing https://chromedriver.storage.googleapis.com/LATEST_RELEASE_115)

MessageTest > sendTextTest() STANDARD_OUT
    23:05:08.372 [ForkJoinPool-1-worker-3] INFO  n.s.c.w.d.ChromeDriverProvider - Starting Chrome driver instance with capabilities:
    23:05:08.377 [ForkJoinPool-1-worker-3] INFO  n.s.c.w.d.ChromeDriverProvider - Capabilities {acceptInsecureCerts: false, browserName: chrome, goog:chromeOptions: {args: [--remote-allow-origins=*, test-type, ignore-certificate-errors, --start-maximized, incognito, disable-infobars, disable-gpu, disable-default-apps, disable-popup-blocking, --remote-allow-origins=*, test-type, ignore-certificate-errors, --start-maximized, incognito, disable-infobars, disable-gpu, disable-default-apps, disable-popup-blocking, remote-allow-origins=*, --headless=new], extensions: []}}

MessageTest > sendTextTest() STANDARD_ERROR
    Starting ChromeDriver 114.0.5735.90 (386bc09e8f4f2e025eddae123f36f6263096ae49-refs/branch-heads/5735@{#1052}) on port 9456
    Only local connections are allowed.
    Please see https://chromedriver.chromium.org/security-considerations for suggestions on keeping ChromeDriver safe.
    ChromeDriver was started successfully.
    [1694376309.267][WARNING]: This version of ChromeDriver has not been tested with Chrome version 115.
    Sep 10, 2023 11:05:09 PM org.openqa.selenium.devtools.CdpVersionFinder findNearestMatch
    WARNING: Unable to find CDP implementation matching 115
    Sep 10, 2023 11:05:09 PM org.openqa.selenium.chromium.ChromiumDriver lambda$new$3
    WARNING: Unable to find version of CDP to use for . You may need to include a dependency on a specific version of the CDP using something similar to `org.seleniumhq.selenium:selenium-devtools-v86:4.8.1` where the version ("v86") matches the version of the chromium-based browser you're using and the version number of the artifact is the same as Selenium's.

> Task :aggregate
Generating Serenity Reports
  - Test Root: starter
  - Main report: file:///home/dani/projects/fb-message-automatizer/FacebookMessageAutomatizer/target/site/serenity/index.html
      - Test Root: starter
      - Requirements base directory: null

BUILD SUCCESSFUL in 29s
4 actionable tasks: 4 executed
> Task :compileJava NO-SOURCE
> Task :processResources NO-SOURCE
> Task :classes UP-TO-DATE
> Task :compileTestJava
> Task :processTestResources
> Task :testClasses

> Task :test

Gradle Test Executor 50 STANDARD_OUT
    23:06:06.011 [ForkJoinPool-1-worker-3] INFO  n.thucydides.core.steps.StepEventBus - Loading JUnit Platform configuration parameters from classpath resource [junit-platform.properties].

MessageTest STANDARD_OUT
    23:06:07.545 [ForkJoinPool-1-worker-3] ERROR i.g.bonigarcia.wdm.online.HttpClient - Error HTTP 404 executing https://chromedriver.storage.googleapis.com/LATEST_RELEASE_115
    23:06:07.546 [ForkJoinPool-1-worker-3] WARN  i.g.b.wdm.versions.VersionDetector - Exception reading https://chromedriver.storage.googleapis.com/LATEST_RELEASE_115 to get latest version of chromedriver (Error HTTP 404 executing https://chromedriver.storage.googleapis.com/LATEST_RELEASE_115)

MessageTest > sendTextTest() STANDARD_OUT
    23:06:08.317 [ForkJoinPool-1-worker-3] INFO  n.s.c.w.d.ChromeDriverProvider - Starting Chrome driver instance with capabilities:
    23:06:08.320 [ForkJoinPool-1-worker-3] INFO  n.s.c.w.d.ChromeDriverProvider - Capabilities {acceptInsecureCerts: false, browserName: chrome, goog:chromeOptions: {args: [--remote-allow-origins=*, test-type, ignore-certificate-errors, --start-maximized, incognito, disable-infobars, disable-gpu, disable-default-apps, disable-popup-blocking, --remote-allow-origins=*, test-type, ignore-certificate-errors, --start-maximized, incognito, disable-infobars, disable-gpu, disable-default-apps, disable-popup-blocking, remote-allow-origins=*, --headless=new], extensions: []}}

MessageTest > sendTextTest() STANDARD_ERROR
    Starting ChromeDriver 114.0.5735.90 (386bc09e8f4f2e025eddae123f36f6263096ae49-refs/branch-heads/5735@{#1052}) on port 30754
    Only local connections are allowed.
    Please see https://chromedriver.chromium.org/security-considerations for suggestions on keeping ChromeDriver safe.
    ChromeDriver was started successfully.
    [1694376369.193][WARNING]: This version of ChromeDriver has not been tested with Chrome version 115.
    Sep 10, 2023 11:06:09 PM org.openqa.selenium.devtools.CdpVersionFinder findNearestMatch
    WARNING: Unable to find CDP implementation matching 115
    Sep 10, 2023 11:06:09 PM org.openqa.selenium.chromium.ChromiumDriver lambda$new$3
    WARNING: Unable to find version of CDP to use for . You may need to include a dependency on a specific version of the CDP using something similar to `org.seleniumhq.selenium:selenium-devtools-v86:4.8.1` where the version ("v86") matches the version of the chromium-based browser you're using and the version number of the artifact is the same as Selenium's.

> Task :aggregate
Generating Serenity Reports
  - Test Root: starter
  - Main report: file:///home/dani/projects/fb-message-automatizer/FacebookMessageAutomatizer/target/site/serenity/index.html
      - Test Root: starter
      - Requirements base directory: null

BUILD SUCCESSFUL in 30s
4 actionable tasks: 4 executed
> Task :compileJava NO-SOURCE
> Task :processResources NO-SOURCE
> Task :classes UP-TO-DATE
> Task :compileTestJava
> Task :processTestResources
> Task :testClasses

> Task :test

Gradle Test Executor 51 STANDARD_OUT
    23:07:06.690 [ForkJoinPool-1-worker-3] INFO  n.thucydides.core.steps.StepEventBus - Loading JUnit Platform configuration parameters from classpath resource [junit-platform.properties].

MessageTest STANDARD_OUT
    23:07:08.248 [ForkJoinPool-1-worker-3] ERROR i.g.bonigarcia.wdm.online.HttpClient - Error HTTP 404 executing https://chromedriver.storage.googleapis.com/LATEST_RELEASE_115
    23:07:08.249 [ForkJoinPool-1-worker-3] WARN  i.g.b.wdm.versions.VersionDetector - Exception reading https://chromedriver.storage.googleapis.com/LATEST_RELEASE_115 to get latest version of chromedriver (Error HTTP 404 executing https://chromedriver.storage.googleapis.com/LATEST_RELEASE_115)

MessageTest > sendTextTest() STANDARD_OUT
    23:07:09.020 [ForkJoinPool-1-worker-3] INFO  n.s.c.w.d.ChromeDriverProvider - Starting Chrome driver instance with capabilities:
    23:07:09.024 [ForkJoinPool-1-worker-3] INFO  n.s.c.w.d.ChromeDriverProvider - Capabilities {acceptInsecureCerts: false, browserName: chrome, goog:chromeOptions: {args: [--remote-allow-origins=*, test-type, ignore-certificate-errors, --start-maximized, incognito, disable-infobars, disable-gpu, disable-default-apps, disable-popup-blocking, --remote-allow-origins=*, test-type, ignore-certificate-errors, --start-maximized, incognito, disable-infobars, disable-gpu, disable-default-apps, disable-popup-blocking, remote-allow-origins=*, --headless=new], extensions: []}}

MessageTest > sendTextTest() STANDARD_ERROR
    Starting ChromeDriver 114.0.5735.90 (386bc09e8f4f2e025eddae123f36f6263096ae49-refs/branch-heads/5735@{#1052}) on port 15683
    Only local connections are allowed.
    Please see https://chromedriver.chromium.org/security-considerations for suggestions on keeping ChromeDriver safe.
    ChromeDriver was started successfully.
    [1694376429.909][WARNING]: This version of ChromeDriver has not been tested with Chrome version 115.
    Sep 10, 2023 11:07:10 PM org.openqa.selenium.devtools.CdpVersionFinder findNearestMatch
    WARNING: Unable to find CDP implementation matching 115
    Sep 10, 2023 11:07:10 PM org.openqa.selenium.chromium.ChromiumDriver lambda$new$3
    WARNING: Unable to find version of CDP to use for . You may need to include a dependency on a specific version of the CDP using something similar to `org.seleniumhq.selenium:selenium-devtools-v86:4.8.1` where the version ("v86") matches the version of the chromium-based browser you're using and the version number of the artifact is the same as Selenium's.

MessageTest > sendTextTest() FAILED
    org.openqa.selenium.NoSuchElementException at MessageTest.java:53

> Task :test FAILED

> Task :aggregate
Generating Serenity Reports
  - Test Root: starter
  - Main report: file:///home/dani/projects/fb-message-automatizer/FacebookMessageAutomatizer/target/site/serenity/index.html
      - Test Root: starter
      - Requirements base directory: null
4 actionable tasks: 4 executed
> Task :compileJava NO-SOURCE
> Task :processResources NO-SOURCE
> Task :classes UP-TO-DATE
> Task :compileTestJava
> Task :processTestResources
> Task :testClasses

> Task :test

Gradle Test Executor 52 STANDARD_OUT
    23:08:06.341 [ForkJoinPool-1-worker-3] INFO  n.thucydides.core.steps.StepEventBus - Loading JUnit Platform configuration parameters from classpath resource [junit-platform.properties].

MessageTest STANDARD_OUT
    23:08:07.908 [ForkJoinPool-1-worker-3] ERROR i.g.bonigarcia.wdm.online.HttpClient - Error HTTP 404 executing https://chromedriver.storage.googleapis.com/LATEST_RELEASE_115
    23:08:07.909 [ForkJoinPool-1-worker-3] WARN  i.g.b.wdm.versions.VersionDetector - Exception reading https://chromedriver.storage.googleapis.com/LATEST_RELEASE_115 to get latest version of chromedriver (Error HTTP 404 executing https://chromedriver.storage.googleapis.com/LATEST_RELEASE_115)

MessageTest > sendTextTest() STANDARD_OUT
    23:08:08.667 [ForkJoinPool-1-worker-3] INFO  n.s.c.w.d.ChromeDriverProvider - Starting Chrome driver instance with capabilities:
    23:08:08.671 [ForkJoinPool-1-worker-3] INFO  n.s.c.w.d.ChromeDriverProvider - Capabilities {acceptInsecureCerts: false, browserName: chrome, goog:chromeOptions: {args: [--remote-allow-origins=*, test-type, ignore-certificate-errors, --start-maximized, incognito, disable-infobars, disable-gpu, disable-default-apps, disable-popup-blocking, --remote-allow-origins=*, test-type, ignore-certificate-errors, --start-maximized, incognito, disable-infobars, disable-gpu, disable-default-apps, disable-popup-blocking, remote-allow-origins=*, --headless=new], extensions: []}}

MessageTest > sendTextTest() STANDARD_ERROR
    Starting ChromeDriver 114.0.5735.90 (386bc09e8f4f2e025eddae123f36f6263096ae49-refs/branch-heads/5735@{#1052}) on port 2521
    Only local connections are allowed.
    Please see https://chromedriver.chromium.org/security-considerations for suggestions on keeping ChromeDriver safe.
    ChromeDriver was started successfully.
    [1694376489.581][WARNING]: This version of ChromeDriver has not been tested with Chrome version 115.
    Sep 10, 2023 11:08:09 PM org.openqa.selenium.devtools.CdpVersionFinder findNearestMatch
    WARNING: Unable to find CDP implementation matching 115
    Sep 10, 2023 11:08:09 PM org.openqa.selenium.chromium.ChromiumDriver lambda$new$3
    WARNING: Unable to find version of CDP to use for . You may need to include a dependency on a specific version of the CDP using something similar to `org.seleniumhq.selenium:selenium-devtools-v86:4.8.1` where the version ("v86") matches the version of the chromium-based browser you're using and the version number of the artifact is the same as Selenium's.

> Task :aggregate
Generating Serenity Reports
  - Test Root: starter
  - Main report: file:///home/dani/projects/fb-message-automatizer/FacebookMessageAutomatizer/target/site/serenity/index.html
      - Test Root: starter
      - Requirements base directory: null

BUILD SUCCESSFUL in 31s
4 actionable tasks: 4 executed
> Task :compileJava NO-SOURCE
> Task :processResources NO-SOURCE
> Task :classes UP-TO-DATE
> Task :compileTestJava
> Task :processTestResources
> Task :testClasses

> Task :test

Gradle Test Executor 53 STANDARD_OUT
    23:09:06.072 [ForkJoinPool-1-worker-3] INFO  n.thucydides.core.steps.StepEventBus - Loading JUnit Platform configuration parameters from classpath resource [junit-platform.properties].

MessageTest STANDARD_OUT
    23:09:07.667 [ForkJoinPool-1-worker-3] ERROR i.g.bonigarcia.wdm.online.HttpClient - Error HTTP 404 executing https://chromedriver.storage.googleapis.com/LATEST_RELEASE_115
    23:09:07.668 [ForkJoinPool-1-worker-3] WARN  i.g.b.wdm.versions.VersionDetector - Exception reading https://chromedriver.storage.googleapis.com/LATEST_RELEASE_115 to get latest version of chromedriver (Error HTTP 404 executing https://chromedriver.storage.googleapis.com/LATEST_RELEASE_115)

MessageTest > sendTextTest() STANDARD_OUT
    23:09:08.460 [ForkJoinPool-1-worker-3] INFO  n.s.c.w.d.ChromeDriverProvider - Starting Chrome driver instance with capabilities:
    23:09:08.463 [ForkJoinPool-1-worker-3] INFO  n.s.c.w.d.ChromeDriverProvider - Capabilities {acceptInsecureCerts: false, browserName: chrome, goog:chromeOptions: {args: [--remote-allow-origins=*, test-type, ignore-certificate-errors, --start-maximized, incognito, disable-infobars, disable-gpu, disable-default-apps, disable-popup-blocking, --remote-allow-origins=*, test-type, ignore-certificate-errors, --start-maximized, incognito, disable-infobars, disable-gpu, disable-default-apps, disable-popup-blocking, remote-allow-origins=*, --headless=new], extensions: []}}

MessageTest > sendTextTest() STANDARD_ERROR
    Starting ChromeDriver 114.0.5735.90 (386bc09e8f4f2e025eddae123f36f6263096ae49-refs/branch-heads/5735@{#1052}) on port 17896
    Only local connections are allowed.
    Please see https://chromedriver.chromium.org/security-considerations for suggestions on keeping ChromeDriver safe.
    ChromeDriver was started successfully.
    [1694376549.347][WARNING]: This version of ChromeDriver has not been tested with Chrome version 115.
    Sep 10, 2023 11:09:09 PM org.openqa.selenium.devtools.CdpVersionFinder findNearestMatch
    WARNING: Unable to find CDP implementation matching 115
    Sep 10, 2023 11:09:09 PM org.openqa.selenium.chromium.ChromiumDriver lambda$new$3
    WARNING: Unable to find version of CDP to use for . You may need to include a dependency on a specific version of the CDP using something similar to `org.seleniumhq.selenium:selenium-devtools-v86:4.8.1` where the version ("v86") matches the version of the chromium-based browser you're using and the version number of the artifact is the same as Selenium's.

MessageTest > sendTextTest() FAILED
    org.openqa.selenium.NoSuchElementException at MessageTest.java:53

> Task :test FAILED

> Task :aggregate
Generating Serenity Reports
  - Test Root: starter
  - Main report: file:///home/dani/projects/fb-message-automatizer/FacebookMessageAutomatizer/target/site/serenity/index.html
      - Test Root: starter
      - Requirements base directory: null
4 actionable tasks: 4 executed
> Task :compileJava NO-SOURCE
> Task :processResources NO-SOURCE
> Task :classes UP-TO-DATE
> Task :compileTestJava
> Task :processTestResources
> Task :testClasses

> Task :test

Gradle Test Executor 54 STANDARD_OUT
    23:10:06.303 [ForkJoinPool-1-worker-3] INFO  n.thucydides.core.steps.StepEventBus - Loading JUnit Platform configuration parameters from classpath resource [junit-platform.properties].

MessageTest STANDARD_OUT
    23:10:08.056 [ForkJoinPool-1-worker-3] ERROR i.g.bonigarcia.wdm.online.HttpClient - Error HTTP 404 executing https://chromedriver.storage.googleapis.com/LATEST_RELEASE_115
    23:10:08.057 [ForkJoinPool-1-worker-3] WARN  i.g.b.wdm.versions.VersionDetector - Exception reading https://chromedriver.storage.googleapis.com/LATEST_RELEASE_115 to get latest version of chromedriver (Error HTTP 404 executing https://chromedriver.storage.googleapis.com/LATEST_RELEASE_115)

MessageTest > sendTextTest() STANDARD_OUT
    23:10:08.843 [ForkJoinPool-1-worker-3] INFO  n.s.c.w.d.ChromeDriverProvider - Starting Chrome driver instance with capabilities:
    23:10:08.847 [ForkJoinPool-1-worker-3] INFO  n.s.c.w.d.ChromeDriverProvider - Capabilities {acceptInsecureCerts: false, browserName: chrome, goog:chromeOptions: {args: [--remote-allow-origins=*, test-type, ignore-certificate-errors, --start-maximized, incognito, disable-infobars, disable-gpu, disable-default-apps, disable-popup-blocking, --remote-allow-origins=*, test-type, ignore-certificate-errors, --start-maximized, incognito, disable-infobars, disable-gpu, disable-default-apps, disable-popup-blocking, remote-allow-origins=*, --headless=new], extensions: []}}

MessageTest > sendTextTest() STANDARD_ERROR
    Starting ChromeDriver 114.0.5735.90 (386bc09e8f4f2e025eddae123f36f6263096ae49-refs/branch-heads/5735@{#1052}) on port 3178
    Only local connections are allowed.
    Please see https://chromedriver.chromium.org/security-considerations for suggestions on keeping ChromeDriver safe.
    ChromeDriver was started successfully.
    [1694376609.728][WARNING]: This version of ChromeDriver has not been tested with Chrome version 115.
    Sep 10, 2023 11:10:09 PM org.openqa.selenium.devtools.CdpVersionFinder findNearestMatch
    WARNING: Unable to find CDP implementation matching 115
    Sep 10, 2023 11:10:09 PM org.openqa.selenium.chromium.ChromiumDriver lambda$new$3
    WARNING: Unable to find version of CDP to use for . You may need to include a dependency on a specific version of the CDP using something similar to `org.seleniumhq.selenium:selenium-devtools-v86:4.8.1` where the version ("v86") matches the version of the chromium-based browser you're using and the version number of the artifact is the same as Selenium's.

MessageTest > sendTextTest() FAILED
    org.openqa.selenium.ElementNotInteractableException at MessageTest.java:52

> Task :test FAILED

> Task :aggregate
Generating Serenity Reports
  - Test Root: starter
  - Main report: file:///home/dani/projects/fb-message-automatizer/FacebookMessageAutomatizer/target/site/serenity/index.html
      - Test Root: starter
      - Requirements base directory: null
4 actionable tasks: 4 executed
> Task :compileJava NO-SOURCE
> Task :processResources NO-SOURCE
> Task :classes UP-TO-DATE
> Task :compileTestJava
> Task :processTestResources
> Task :testClasses

> Task :test

Gradle Test Executor 55 STANDARD_OUT
    23:11:06.391 [ForkJoinPool-1-worker-3] INFO  n.thucydides.core.steps.StepEventBus - Loading JUnit Platform configuration parameters from classpath resource [junit-platform.properties].

MessageTest STANDARD_OUT
    23:11:07.951 [ForkJoinPool-1-worker-3] ERROR i.g.bonigarcia.wdm.online.HttpClient - Error HTTP 404 executing https://chromedriver.storage.googleapis.com/LATEST_RELEASE_115
    23:11:07.952 [ForkJoinPool-1-worker-3] WARN  i.g.b.wdm.versions.VersionDetector - Exception reading https://chromedriver.storage.googleapis.com/LATEST_RELEASE_115 to get latest version of chromedriver (Error HTTP 404 executing https://chromedriver.storage.googleapis.com/LATEST_RELEASE_115)

MessageTest > sendTextTest() STANDARD_OUT
    23:11:08.688 [ForkJoinPool-1-worker-3] INFO  n.s.c.w.d.ChromeDriverProvider - Starting Chrome driver instance with capabilities:
    23:11:08.696 [ForkJoinPool-1-worker-3] INFO  n.s.c.w.d.ChromeDriverProvider - Capabilities {acceptInsecureCerts: false, browserName: chrome, goog:chromeOptions: {args: [--remote-allow-origins=*, test-type, ignore-certificate-errors, --start-maximized, incognito, disable-infobars, disable-gpu, disable-default-apps, disable-popup-blocking, --remote-allow-origins=*, test-type, ignore-certificate-errors, --start-maximized, incognito, disable-infobars, disable-gpu, disable-default-apps, disable-popup-blocking, remote-allow-origins=*, --headless=new], extensions: []}}

MessageTest > sendTextTest() STANDARD_ERROR
    Starting ChromeDriver 114.0.5735.90 (386bc09e8f4f2e025eddae123f36f6263096ae49-refs/branch-heads/5735@{#1052}) on port 30811
    Only local connections are allowed.
    Please see https://chromedriver.chromium.org/security-considerations for suggestions on keeping ChromeDriver safe.
    ChromeDriver was started successfully.
    [1694376669.583][WARNING]: This version of ChromeDriver has not been tested with Chrome version 115.
    Sep 10, 2023 11:11:09 PM org.openqa.selenium.devtools.CdpVersionFinder findNearestMatch
    WARNING: Unable to find CDP implementation matching 115
    Sep 10, 2023 11:11:09 PM org.openqa.selenium.chromium.ChromiumDriver lambda$new$3
    WARNING: Unable to find version of CDP to use for . You may need to include a dependency on a specific version of the CDP using something similar to `org.seleniumhq.selenium:selenium-devtools-v86:4.8.1` where the version ("v86") matches the version of the chromium-based browser you're using and the version number of the artifact is the same as Selenium's.

MessageTest > sendTextTest() FAILED
    org.openqa.selenium.NoSuchElementException at MessageTest.java:53

> Task :test FAILED

> Task :aggregate
Generating Serenity Reports
  - Test Root: starter
  - Main report: file:///home/dani/projects/fb-message-automatizer/FacebookMessageAutomatizer/target/site/serenity/index.html
      - Test Root: starter
      - Requirements base directory: null
4 actionable tasks: 4 executed
> Task :compileJava NO-SOURCE
> Task :processResources NO-SOURCE
> Task :classes UP-TO-DATE
> Task :compileTestJava
> Task :processTestResources
> Task :testClasses

> Task :test

Gradle Test Executor 56 STANDARD_OUT
    23:12:05.840 [ForkJoinPool-1-worker-3] INFO  n.thucydides.core.steps.StepEventBus - Loading JUnit Platform configuration parameters from classpath resource [junit-platform.properties].

MessageTest STANDARD_OUT
    23:12:07.395 [ForkJoinPool-1-worker-3] ERROR i.g.bonigarcia.wdm.online.HttpClient - Error HTTP 404 executing https://chromedriver.storage.googleapis.com/LATEST_RELEASE_115
    23:12:07.396 [ForkJoinPool-1-worker-3] WARN  i.g.b.wdm.versions.VersionDetector - Exception reading https://chromedriver.storage.googleapis.com/LATEST_RELEASE_115 to get latest version of chromedriver (Error HTTP 404 executing https://chromedriver.storage.googleapis.com/LATEST_RELEASE_115)

MessageTest > sendTextTest() STANDARD_OUT
    23:12:08.152 [ForkJoinPool-1-worker-3] INFO  n.s.c.w.d.ChromeDriverProvider - Starting Chrome driver instance with capabilities:
    23:12:08.163 [ForkJoinPool-1-worker-3] INFO  n.s.c.w.d.ChromeDriverProvider - Capabilities {acceptInsecureCerts: false, browserName: chrome, goog:chromeOptions: {args: [--remote-allow-origins=*, test-type, ignore-certificate-errors, --start-maximized, incognito, disable-infobars, disable-gpu, disable-default-apps, disable-popup-blocking, --remote-allow-origins=*, test-type, ignore-certificate-errors, --start-maximized, incognito, disable-infobars, disable-gpu, disable-default-apps, disable-popup-blocking, remote-allow-origins=*, --headless=new], extensions: []}}

MessageTest > sendTextTest() STANDARD_ERROR
    Starting ChromeDriver 114.0.5735.90 (386bc09e8f4f2e025eddae123f36f6263096ae49-refs/branch-heads/5735@{#1052}) on port 2901
    Only local connections are allowed.
    Please see https://chromedriver.chromium.org/security-considerations for suggestions on keeping ChromeDriver safe.
    ChromeDriver was started successfully.
    [1694376729.074][WARNING]: This version of ChromeDriver has not been tested with Chrome version 115.
    Sep 10, 2023 11:12:09 PM org.openqa.selenium.devtools.CdpVersionFinder findNearestMatch
    WARNING: Unable to find CDP implementation matching 115
    Sep 10, 2023 11:12:09 PM org.openqa.selenium.chromium.ChromiumDriver lambda$new$3
    WARNING: Unable to find version of CDP to use for . You may need to include a dependency on a specific version of the CDP using something similar to `org.seleniumhq.selenium:selenium-devtools-v86:4.8.1` where the version ("v86") matches the version of the chromium-based browser you're using and the version number of the artifact is the same as Selenium's.

> Task :aggregate
Generating Serenity Reports
  - Test Root: starter
  - Main report: file:///home/dani/projects/fb-message-automatizer/FacebookMessageAutomatizer/target/site/serenity/index.html
      - Test Root: starter
      - Requirements base directory: null

BUILD SUCCESSFUL in 29s
4 actionable tasks: 4 executed
> Task :compileJava NO-SOURCE
> Task :processResources NO-SOURCE
> Task :classes UP-TO-DATE
> Task :compileTestJava
> Task :processTestResources
> Task :testClasses

> Task :test

Gradle Test Executor 57 STANDARD_OUT
    23:13:06.334 [ForkJoinPool-1-worker-3] INFO  n.thucydides.core.steps.StepEventBus - Loading JUnit Platform configuration parameters from classpath resource [junit-platform.properties].

MessageTest STANDARD_OUT
    23:13:07.888 [ForkJoinPool-1-worker-3] ERROR i.g.bonigarcia.wdm.online.HttpClient - Error HTTP 404 executing https://chromedriver.storage.googleapis.com/LATEST_RELEASE_115
    23:13:07.889 [ForkJoinPool-1-worker-3] WARN  i.g.b.wdm.versions.VersionDetector - Exception reading https://chromedriver.storage.googleapis.com/LATEST_RELEASE_115 to get latest version of chromedriver (Error HTTP 404 executing https://chromedriver.storage.googleapis.com/LATEST_RELEASE_115)

MessageTest > sendTextTest() STANDARD_OUT
    23:13:08.640 [ForkJoinPool-1-worker-3] INFO  n.s.c.w.d.ChromeDriverProvider - Starting Chrome driver instance with capabilities:
    23:13:08.644 [ForkJoinPool-1-worker-3] INFO  n.s.c.w.d.ChromeDriverProvider - Capabilities {acceptInsecureCerts: false, browserName: chrome, goog:chromeOptions: {args: [--remote-allow-origins=*, test-type, ignore-certificate-errors, --start-maximized, incognito, disable-infobars, disable-gpu, disable-default-apps, disable-popup-blocking, --remote-allow-origins=*, test-type, ignore-certificate-errors, --start-maximized, incognito, disable-infobars, disable-gpu, disable-default-apps, disable-popup-blocking, remote-allow-origins=*, --headless=new], extensions: []}}

MessageTest > sendTextTest() STANDARD_ERROR
    Starting ChromeDriver 114.0.5735.90 (386bc09e8f4f2e025eddae123f36f6263096ae49-refs/branch-heads/5735@{#1052}) on port 10540
    Only local connections are allowed.
    Please see https://chromedriver.chromium.org/security-considerations for suggestions on keeping ChromeDriver safe.
    ChromeDriver was started successfully.
    [1694376789.544][WARNING]: This version of ChromeDriver has not been tested with Chrome version 115.
    Sep 10, 2023 11:13:09 PM org.openqa.selenium.devtools.CdpVersionFinder findNearestMatch
    WARNING: Unable to find CDP implementation matching 115
    Sep 10, 2023 11:13:09 PM org.openqa.selenium.chromium.ChromiumDriver lambda$new$3
    WARNING: Unable to find version of CDP to use for . You may need to include a dependency on a specific version of the CDP using something similar to `org.seleniumhq.selenium:selenium-devtools-v86:4.8.1` where the version ("v86") matches the version of the chromium-based browser you're using and the version number of the artifact is the same as Selenium's.

> Task :aggregate
Generating Serenity Reports
  - Test Root: starter
  - Main report: file:///home/dani/projects/fb-message-automatizer/FacebookMessageAutomatizer/target/site/serenity/index.html
      - Test Root: starter
      - Requirements base directory: null

BUILD SUCCESSFUL in 29s
4 actionable tasks: 4 executed
> Task :compileJava NO-SOURCE
> Task :processResources NO-SOURCE
> Task :classes UP-TO-DATE
> Task :compileTestJava
> Task :processTestResources
> Task :testClasses

> Task :test

Gradle Test Executor 58 STANDARD_OUT
    23:14:06.118 [ForkJoinPool-1-worker-3] INFO  n.thucydides.core.steps.StepEventBus - Loading JUnit Platform configuration parameters from classpath resource [junit-platform.properties].

MessageTest STANDARD_OUT
    23:14:07.758 [ForkJoinPool-1-worker-3] ERROR i.g.bonigarcia.wdm.online.HttpClient - Error HTTP 404 executing https://chromedriver.storage.googleapis.com/LATEST_RELEASE_115
    23:14:07.758 [ForkJoinPool-1-worker-3] WARN  i.g.b.wdm.versions.VersionDetector - Exception reading https://chromedriver.storage.googleapis.com/LATEST_RELEASE_115 to get latest version of chromedriver (Error HTTP 404 executing https://chromedriver.storage.googleapis.com/LATEST_RELEASE_115)

MessageTest > sendTextTest() STANDARD_OUT
    23:14:08.543 [ForkJoinPool-1-worker-3] INFO  n.s.c.w.d.ChromeDriverProvider - Starting Chrome driver instance with capabilities:
    23:14:08.547 [ForkJoinPool-1-worker-3] INFO  n.s.c.w.d.ChromeDriverProvider - Capabilities {acceptInsecureCerts: false, browserName: chrome, goog:chromeOptions: {args: [--remote-allow-origins=*, test-type, ignore-certificate-errors, --start-maximized, incognito, disable-infobars, disable-gpu, disable-default-apps, disable-popup-blocking, --remote-allow-origins=*, test-type, ignore-certificate-errors, --start-maximized, incognito, disable-infobars, disable-gpu, disable-default-apps, disable-popup-blocking, remote-allow-origins=*, --headless=new], extensions: []}}

MessageTest > sendTextTest() STANDARD_ERROR
    Starting ChromeDriver 114.0.5735.90 (386bc09e8f4f2e025eddae123f36f6263096ae49-refs/branch-heads/5735@{#1052}) on port 25968
    Only local connections are allowed.
    Please see https://chromedriver.chromium.org/security-considerations for suggestions on keeping ChromeDriver safe.
    ChromeDriver was started successfully.
    [1694376849.440][WARNING]: This version of ChromeDriver has not been tested with Chrome version 115.
    Sep 10, 2023 11:14:09 PM org.openqa.selenium.devtools.CdpVersionFinder findNearestMatch
    WARNING: Unable to find CDP implementation matching 115
    Sep 10, 2023 11:14:09 PM org.openqa.selenium.chromium.ChromiumDriver lambda$new$3
    WARNING: Unable to find version of CDP to use for . You may need to include a dependency on a specific version of the CDP using something similar to `org.seleniumhq.selenium:selenium-devtools-v86:4.8.1` where the version ("v86") matches the version of the chromium-based browser you're using and the version number of the artifact is the same as Selenium's.

> Task :aggregate
Generating Serenity Reports
  - Test Root: starter
  - Main report: file:///home/dani/projects/fb-message-automatizer/FacebookMessageAutomatizer/target/site/serenity/index.html
      - Test Root: starter
      - Requirements base directory: null

BUILD SUCCESSFUL in 31s
4 actionable tasks: 4 executed
> Task :compileJava NO-SOURCE
> Task :processResources NO-SOURCE
> Task :classes UP-TO-DATE
> Task :compileTestJava
> Task :processTestResources
> Task :testClasses

> Task :test

Gradle Test Executor 59 STANDARD_OUT
    23:15:06.430 [ForkJoinPool-1-worker-3] INFO  n.thucydides.core.steps.StepEventBus - Loading JUnit Platform configuration parameters from classpath resource [junit-platform.properties].

MessageTest STANDARD_OUT
    23:15:08.031 [ForkJoinPool-1-worker-3] ERROR i.g.bonigarcia.wdm.online.HttpClient - Error HTTP 404 executing https://chromedriver.storage.googleapis.com/LATEST_RELEASE_115
    23:15:08.032 [ForkJoinPool-1-worker-3] WARN  i.g.b.wdm.versions.VersionDetector - Exception reading https://chromedriver.storage.googleapis.com/LATEST_RELEASE_115 to get latest version of chromedriver (Error HTTP 404 executing https://chromedriver.storage.googleapis.com/LATEST_RELEASE_115)

MessageTest > sendTextTest() STANDARD_OUT
    23:15:08.796 [ForkJoinPool-1-worker-3] INFO  n.s.c.w.d.ChromeDriverProvider - Starting Chrome driver instance with capabilities:
    23:15:08.800 [ForkJoinPool-1-worker-3] INFO  n.s.c.w.d.ChromeDriverProvider - Capabilities {acceptInsecureCerts: false, browserName: chrome, goog:chromeOptions: {args: [--remote-allow-origins=*, test-type, ignore-certificate-errors, --start-maximized, incognito, disable-infobars, disable-gpu, disable-default-apps, disable-popup-blocking, --remote-allow-origins=*, test-type, ignore-certificate-errors, --start-maximized, incognito, disable-infobars, disable-gpu, disable-default-apps, disable-popup-blocking, remote-allow-origins=*, --headless=new], extensions: []}}

MessageTest > sendTextTest() STANDARD_ERROR
    Starting ChromeDriver 114.0.5735.90 (386bc09e8f4f2e025eddae123f36f6263096ae49-refs/branch-heads/5735@{#1052}) on port 28557
    Only local connections are allowed.
    Please see https://chromedriver.chromium.org/security-considerations for suggestions on keeping ChromeDriver safe.
    ChromeDriver was started successfully.
    [1694376909.684][WARNING]: This version of ChromeDriver has not been tested with Chrome version 115.
    Sep 10, 2023 11:15:09 PM org.openqa.selenium.devtools.CdpVersionFinder findNearestMatch
    WARNING: Unable to find CDP implementation matching 115
    Sep 10, 2023 11:15:09 PM org.openqa.selenium.chromium.ChromiumDriver lambda$new$3
    WARNING: Unable to find version of CDP to use for . You may need to include a dependency on a specific version of the CDP using something similar to `org.seleniumhq.selenium:selenium-devtools-v86:4.8.1` where the version ("v86") matches the version of the chromium-based browser you're using and the version number of the artifact is the same as Selenium's.

MessageTest > sendTextTest() FAILED
    org.openqa.selenium.NoSuchElementException at MessageTest.java:53

> Task :test FAILED

> Task :aggregate
Generating Serenity Reports
  - Test Root: starter
  - Main report: file:///home/dani/projects/fb-message-automatizer/FacebookMessageAutomatizer/target/site/serenity/index.html
      - Test Root: starter
      - Requirements base directory: null
4 actionable tasks: 4 executed
> Task :compileJava NO-SOURCE
> Task :processResources NO-SOURCE
> Task :classes UP-TO-DATE
> Task :compileTestJava
> Task :processTestResources
> Task :testClasses

> Task :test

Gradle Test Executor 60 STANDARD_OUT
    23:16:05.807 [ForkJoinPool-1-worker-3] INFO  n.thucydides.core.steps.StepEventBus - Loading JUnit Platform configuration parameters from classpath resource [junit-platform.properties].

MessageTest STANDARD_OUT
    23:16:07.410 [ForkJoinPool-1-worker-3] ERROR i.g.bonigarcia.wdm.online.HttpClient - Error HTTP 404 executing https://chromedriver.storage.googleapis.com/LATEST_RELEASE_115
    23:16:07.411 [ForkJoinPool-1-worker-3] WARN  i.g.b.wdm.versions.VersionDetector - Exception reading https://chromedriver.storage.googleapis.com/LATEST_RELEASE_115 to get latest version of chromedriver (Error HTTP 404 executing https://chromedriver.storage.googleapis.com/LATEST_RELEASE_115)

MessageTest > sendTextTest() STANDARD_OUT
    23:16:08.170 [ForkJoinPool-1-worker-3] INFO  n.s.c.w.d.ChromeDriverProvider - Starting Chrome driver instance with capabilities:
    23:16:08.173 [ForkJoinPool-1-worker-3] INFO  n.s.c.w.d.ChromeDriverProvider - Capabilities {acceptInsecureCerts: false, browserName: chrome, goog:chromeOptions: {args: [--remote-allow-origins=*, test-type, ignore-certificate-errors, --start-maximized, incognito, disable-infobars, disable-gpu, disable-default-apps, disable-popup-blocking, --remote-allow-origins=*, test-type, ignore-certificate-errors, --start-maximized, incognito, disable-infobars, disable-gpu, disable-default-apps, disable-popup-blocking, remote-allow-origins=*, --headless=new], extensions: []}}

MessageTest > sendTextTest() STANDARD_ERROR
    Starting ChromeDriver 114.0.5735.90 (386bc09e8f4f2e025eddae123f36f6263096ae49-refs/branch-heads/5735@{#1052}) on port 12012
    Only local connections are allowed.
    Please see https://chromedriver.chromium.org/security-considerations for suggestions on keeping ChromeDriver safe.
    ChromeDriver was started successfully.
    [1694376969.065][WARNING]: This version of ChromeDriver has not been tested with Chrome version 115.
    Sep 10, 2023 11:16:09 PM org.openqa.selenium.devtools.CdpVersionFinder findNearestMatch
    WARNING: Unable to find CDP implementation matching 115
    Sep 10, 2023 11:16:09 PM org.openqa.selenium.chromium.ChromiumDriver lambda$new$3
    WARNING: Unable to find version of CDP to use for . You may need to include a dependency on a specific version of the CDP using something similar to `org.seleniumhq.selenium:selenium-devtools-v86:4.8.1` where the version ("v86") matches the version of the chromium-based browser you're using and the version number of the artifact is the same as Selenium's.

> Task :aggregate
Generating Serenity Reports
  - Test Root: starter
  - Main report: file:///home/dani/projects/fb-message-automatizer/FacebookMessageAutomatizer/target/site/serenity/index.html
      - Test Root: starter
      - Requirements base directory: null

BUILD SUCCESSFUL in 29s
4 actionable tasks: 4 executed
Starting a Gradle Daemon (subsequent builds will be faster)
> Task :compileJava NO-SOURCE
> Task :processResources NO-SOURCE
> Task :classes UP-TO-DATE
> Task :compileTestJava
> Task :processTestResources
> Task :testClasses

> Task :test

Gradle Test Executor 1 STANDARD_OUT
    21:34:17.960 [ForkJoinPool-1-worker-3] INFO  n.thucydides.core.steps.StepEventBus - Loading JUnit Platform configuration parameters from classpath resource [junit-platform.properties].

MessageTest STANDARD_OUT
    21:34:19.862 [ForkJoinPool-1-worker-3] ERROR i.g.bonigarcia.wdm.online.HttpClient - Error HTTP 404 executing https://chromedriver.storage.googleapis.com/LATEST_RELEASE_115
    21:34:19.863 [ForkJoinPool-1-worker-3] WARN  i.g.b.wdm.versions.VersionDetector - Exception reading https://chromedriver.storage.googleapis.com/LATEST_RELEASE_115 to get latest version of chromedriver (Error HTTP 404 executing https://chromedriver.storage.googleapis.com/LATEST_RELEASE_115)

MessageTest > sendTextTest() STANDARD_OUT
    21:34:20.700 [ForkJoinPool-1-worker-3] INFO  n.s.c.w.d.ChromeDriverProvider - Starting Chrome driver instance with capabilities:
    21:34:20.708 [ForkJoinPool-1-worker-3] INFO  n.s.c.w.d.ChromeDriverProvider - Capabilities {acceptInsecureCerts: false, browserName: chrome, goog:chromeOptions: {args: [--remote-allow-origins=*, test-type, ignore-certificate-errors, --start-maximized, incognito, disable-infobars, disable-gpu, disable-default-apps, disable-popup-blocking, --remote-allow-origins=*, test-type, ignore-certificate-errors, --start-maximized, incognito, disable-infobars, disable-gpu, disable-default-apps, disable-popup-blocking, remote-allow-origins=*, --headless=new], extensions: []}}

MessageTest > sendTextTest() STANDARD_ERROR
    Starting ChromeDriver 114.0.5735.90 (386bc09e8f4f2e025eddae123f36f6263096ae49-refs/branch-heads/5735@{#1052}) on port 15799
    Only local connections are allowed.
    Please see https://chromedriver.chromium.org/security-considerations for suggestions on keeping ChromeDriver safe.
    ChromeDriver was started successfully.
    [1694630061.943][WARNING]: This version of ChromeDriver has not been tested with Chrome version 115.
    Sep 13, 2023 9:34:22 PM org.openqa.selenium.devtools.CdpVersionFinder findNearestMatch
    WARNING: Unable to find CDP implementation matching 115
    Sep 13, 2023 9:34:22 PM org.openqa.selenium.chromium.ChromiumDriver lambda$new$3
    WARNING: Unable to find version of CDP to use for . You may need to include a dependency on a specific version of the CDP using something similar to `org.seleniumhq.selenium:selenium-devtools-v86:4.8.1` where the version ("v86") matches the version of the chromium-based browser you're using and the version number of the artifact is the same as Selenium's.

> Task :aggregate
Generating Serenity Reports
  - Test Root: starter
  - Main report: file:///home/dani/projects/fb-message-automatizer/FacebookMessageAutomatizer/target/site/serenity/index.html
      - Test Root: starter
      - Requirements base directory: null

BUILD SUCCESSFUL in 53s
4 actionable tasks: 4 executed
> Task :compileJava NO-SOURCE
> Task :processResources NO-SOURCE
> Task :classes UP-TO-DATE
> Task :compileTestJava
> Task :processTestResources
> Task :testClasses

> Task :test

Gradle Test Executor 2 STANDARD_OUT
    21:35:07.755 [ForkJoinPool-1-worker-3] INFO  n.thucydides.core.steps.StepEventBus - Loading JUnit Platform configuration parameters from classpath resource [junit-platform.properties].

MessageTest STANDARD_OUT
    21:35:09.368 [ForkJoinPool-1-worker-3] ERROR i.g.bonigarcia.wdm.online.HttpClient - Error HTTP 404 executing https://chromedriver.storage.googleapis.com/LATEST_RELEASE_115
    21:35:09.369 [ForkJoinPool-1-worker-3] WARN  i.g.b.wdm.versions.VersionDetector - Exception reading https://chromedriver.storage.googleapis.com/LATEST_RELEASE_115 to get latest version of chromedriver (Error HTTP 404 executing https://chromedriver.storage.googleapis.com/LATEST_RELEASE_115)

MessageTest > sendTextTest() STANDARD_OUT
    21:35:10.122 [ForkJoinPool-1-worker-3] INFO  n.s.c.w.d.ChromeDriverProvider - Starting Chrome driver instance with capabilities:
    21:35:10.129 [ForkJoinPool-1-worker-3] INFO  n.s.c.w.d.ChromeDriverProvider - Capabilities {acceptInsecureCerts: false, browserName: chrome, goog:chromeOptions: {args: [--remote-allow-origins=*, test-type, ignore-certificate-errors, --start-maximized, incognito, disable-infobars, disable-gpu, disable-default-apps, disable-popup-blocking, --remote-allow-origins=*, test-type, ignore-certificate-errors, --start-maximized, incognito, disable-infobars, disable-gpu, disable-default-apps, disable-popup-blocking, remote-allow-origins=*, --headless=new], extensions: []}}

MessageTest > sendTextTest() STANDARD_ERROR
    Starting ChromeDriver 114.0.5735.90 (386bc09e8f4f2e025eddae123f36f6263096ae49-refs/branch-heads/5735@{#1052}) on port 8700
    Only local connections are allowed.
    Please see https://chromedriver.chromium.org/security-considerations for suggestions on keeping ChromeDriver safe.
    ChromeDriver was started successfully.
    [1694630111.005][WARNING]: This version of ChromeDriver has not been tested with Chrome version 115.
    Sep 13, 2023 9:35:11 PM org.openqa.selenium.devtools.CdpVersionFinder findNearestMatch
    WARNING: Unable to find CDP implementation matching 115
    Sep 13, 2023 9:35:11 PM org.openqa.selenium.chromium.ChromiumDriver lambda$new$3
    WARNING: Unable to find version of CDP to use for . You may need to include a dependency on a specific version of the CDP using something similar to `org.seleniumhq.selenium:selenium-devtools-v86:4.8.1` where the version ("v86") matches the version of the chromium-based browser you're using and the version number of the artifact is the same as Selenium's.

> Task :aggregate
Generating Serenity Reports
  - Test Root: starter
  - Main report: file:///home/dani/projects/fb-message-automatizer/FacebookMessageAutomatizer/target/site/serenity/index.html
      - Test Root: starter
      - Requirements base directory: null

BUILD SUCCESSFUL in 33s
4 actionable tasks: 4 executed
> Task :compileJava NO-SOURCE
> Task :processResources NO-SOURCE
> Task :classes UP-TO-DATE
> Task :compileTestJava
> Task :processTestResources
> Task :testClasses

> Task :test

Gradle Test Executor 3 STANDARD_OUT
    21:36:07.216 [ForkJoinPool-1-worker-3] INFO  n.thucydides.core.steps.StepEventBus - Loading JUnit Platform configuration parameters from classpath resource [junit-platform.properties].

MessageTest STANDARD_OUT
    21:36:08.767 [ForkJoinPool-1-worker-3] ERROR i.g.bonigarcia.wdm.online.HttpClient - Error HTTP 404 executing https://chromedriver.storage.googleapis.com/LATEST_RELEASE_115
    21:36:08.767 [ForkJoinPool-1-worker-3] WARN  i.g.b.wdm.versions.VersionDetector - Exception reading https://chromedriver.storage.googleapis.com/LATEST_RELEASE_115 to get latest version of chromedriver (Error HTTP 404 executing https://chromedriver.storage.googleapis.com/LATEST_RELEASE_115)

MessageTest > sendTextTest() STANDARD_OUT
    21:36:09.546 [ForkJoinPool-1-worker-3] INFO  n.s.c.w.d.ChromeDriverProvider - Starting Chrome driver instance with capabilities:
    21:36:09.549 [ForkJoinPool-1-worker-3] INFO  n.s.c.w.d.ChromeDriverProvider - Capabilities {acceptInsecureCerts: false, browserName: chrome, goog:chromeOptions: {args: [--remote-allow-origins=*, test-type, ignore-certificate-errors, --start-maximized, incognito, disable-infobars, disable-gpu, disable-default-apps, disable-popup-blocking, --remote-allow-origins=*, test-type, ignore-certificate-errors, --start-maximized, incognito, disable-infobars, disable-gpu, disable-default-apps, disable-popup-blocking, remote-allow-origins=*, --headless=new], extensions: []}}

MessageTest > sendTextTest() STANDARD_ERROR
    Starting ChromeDriver 114.0.5735.90 (386bc09e8f4f2e025eddae123f36f6263096ae49-refs/branch-heads/5735@{#1052}) on port 14922
    Only local connections are allowed.
    Please see https://chromedriver.chromium.org/security-considerations for suggestions on keeping ChromeDriver safe.
    ChromeDriver was started successfully.
    [1694630170.420][WARNING]: This version of ChromeDriver has not been tested with Chrome version 115.
    Sep 13, 2023 9:36:10 PM org.openqa.selenium.devtools.CdpVersionFinder findNearestMatch
    WARNING: Unable to find CDP implementation matching 115
    Sep 13, 2023 9:36:10 PM org.openqa.selenium.chromium.ChromiumDriver lambda$new$3
    WARNING: Unable to find version of CDP to use for . You may need to include a dependency on a specific version of the CDP using something similar to `org.seleniumhq.selenium:selenium-devtools-v86:4.8.1` where the version ("v86") matches the version of the chromium-based browser you're using and the version number of the artifact is the same as Selenium's.

MessageTest > sendTextTest() FAILED
    org.openqa.selenium.StaleElementReferenceException at MessageTest.java:53

> Task :test FAILED

> Task :aggregate
Generating Serenity Reports
  - Test Root: starter
  - Main report: file:///home/dani/projects/fb-message-automatizer/FacebookMessageAutomatizer/target/site/serenity/index.html
      - Test Root: starter
      - Requirements base directory: null
4 actionable tasks: 4 executed
> Task :compileJava NO-SOURCE
> Task :processResources NO-SOURCE
> Task :classes UP-TO-DATE
> Task :compileTestJava
> Task :processTestResources
> Task :testClasses

> Task :test

Gradle Test Executor 4 STANDARD_OUT
    21:37:06.644 [ForkJoinPool-1-worker-3] INFO  n.thucydides.core.steps.StepEventBus - Loading JUnit Platform configuration parameters from classpath resource [junit-platform.properties].

MessageTest STANDARD_OUT
    21:37:08.263 [ForkJoinPool-1-worker-3] ERROR i.g.bonigarcia.wdm.online.HttpClient - Error HTTP 404 executing https://chromedriver.storage.googleapis.com/LATEST_RELEASE_115
    21:37:08.264 [ForkJoinPool-1-worker-3] WARN  i.g.b.wdm.versions.VersionDetector - Exception reading https://chromedriver.storage.googleapis.com/LATEST_RELEASE_115 to get latest version of chromedriver (Error HTTP 404 executing https://chromedriver.storage.googleapis.com/LATEST_RELEASE_115)

MessageTest > sendTextTest() STANDARD_OUT
    21:37:09.081 [ForkJoinPool-1-worker-3] INFO  n.s.c.w.d.ChromeDriverProvider - Starting Chrome driver instance with capabilities:
    21:37:09.085 [ForkJoinPool-1-worker-3] INFO  n.s.c.w.d.ChromeDriverProvider - Capabilities {acceptInsecureCerts: false, browserName: chrome, goog:chromeOptions: {args: [--remote-allow-origins=*, test-type, ignore-certificate-errors, --start-maximized, incognito, disable-infobars, disable-gpu, disable-default-apps, disable-popup-blocking, --remote-allow-origins=*, test-type, ignore-certificate-errors, --start-maximized, incognito, disable-infobars, disable-gpu, disable-default-apps, disable-popup-blocking, remote-allow-origins=*, --headless=new], extensions: []}}

MessageTest > sendTextTest() STANDARD_ERROR
    Starting ChromeDriver 114.0.5735.90 (386bc09e8f4f2e025eddae123f36f6263096ae49-refs/branch-heads/5735@{#1052}) on port 29470
    Only local connections are allowed.
    Please see https://chromedriver.chromium.org/security-considerations for suggestions on keeping ChromeDriver safe.
    ChromeDriver was started successfully.
    [1694630229.977][WARNING]: This version of ChromeDriver has not been tested with Chrome version 115.
    Sep 13, 2023 9:37:10 PM org.openqa.selenium.devtools.CdpVersionFinder findNearestMatch
    WARNING: Unable to find CDP implementation matching 115
    Sep 13, 2023 9:37:10 PM org.openqa.selenium.chromium.ChromiumDriver lambda$new$3
    WARNING: Unable to find version of CDP to use for . You may need to include a dependency on a specific version of the CDP using something similar to `org.seleniumhq.selenium:selenium-devtools-v86:4.8.1` where the version ("v86") matches the version of the chromium-based browser you're using and the version number of the artifact is the same as Selenium's.

> Task :aggregate
Generating Serenity Reports
  - Test Root: starter
  - Main report: file:///home/dani/projects/fb-message-automatizer/FacebookMessageAutomatizer/target/site/serenity/index.html
      - Test Root: starter
      - Requirements base directory: null

BUILD SUCCESSFUL in 32s
4 actionable tasks: 4 executed
> Task :compileJava NO-SOURCE
> Task :processResources NO-SOURCE
> Task :classes UP-TO-DATE
> Task :compileTestJava
> Task :processTestResources
> Task :testClasses

> Task :test

Gradle Test Executor 5 STANDARD_OUT
    21:38:06.476 [ForkJoinPool-1-worker-3] INFO  n.thucydides.core.steps.StepEventBus - Loading JUnit Platform configuration parameters from classpath resource [junit-platform.properties].

MessageTest STANDARD_OUT
    21:38:08.027 [ForkJoinPool-1-worker-3] ERROR i.g.bonigarcia.wdm.online.HttpClient - Error HTTP 404 executing https://chromedriver.storage.googleapis.com/LATEST_RELEASE_115
    21:38:08.028 [ForkJoinPool-1-worker-3] WARN  i.g.b.wdm.versions.VersionDetector - Exception reading https://chromedriver.storage.googleapis.com/LATEST_RELEASE_115 to get latest version of chromedriver (Error HTTP 404 executing https://chromedriver.storage.googleapis.com/LATEST_RELEASE_115)

MessageTest > sendTextTest() STANDARD_OUT
    21:38:08.771 [ForkJoinPool-1-worker-3] INFO  n.s.c.w.d.ChromeDriverProvider - Starting Chrome driver instance with capabilities:
    21:38:08.774 [ForkJoinPool-1-worker-3] INFO  n.s.c.w.d.ChromeDriverProvider - Capabilities {acceptInsecureCerts: false, browserName: chrome, goog:chromeOptions: {args: [--remote-allow-origins=*, test-type, ignore-certificate-errors, --start-maximized, incognito, disable-infobars, disable-gpu, disable-default-apps, disable-popup-blocking, --remote-allow-origins=*, test-type, ignore-certificate-errors, --start-maximized, incognito, disable-infobars, disable-gpu, disable-default-apps, disable-popup-blocking, remote-allow-origins=*, --headless=new], extensions: []}}

MessageTest > sendTextTest() STANDARD_ERROR
    Starting ChromeDriver 114.0.5735.90 (386bc09e8f4f2e025eddae123f36f6263096ae49-refs/branch-heads/5735@{#1052}) on port 4132
    Only local connections are allowed.
    Please see https://chromedriver.chromium.org/security-considerations for suggestions on keeping ChromeDriver safe.
    ChromeDriver was started successfully.
    [1694630289.658][WARNING]: This version of ChromeDriver has not been tested with Chrome version 115.
    Sep 13, 2023 9:38:09 PM org.openqa.selenium.devtools.CdpVersionFinder findNearestMatch
    WARNING: Unable to find CDP implementation matching 115
    Sep 13, 2023 9:38:09 PM org.openqa.selenium.chromium.ChromiumDriver lambda$new$3
    WARNING: Unable to find version of CDP to use for . You may need to include a dependency on a specific version of the CDP using something similar to `org.seleniumhq.selenium:selenium-devtools-v86:4.8.1` where the version ("v86") matches the version of the chromium-based browser you're using and the version number of the artifact is the same as Selenium's.

> Task :aggregate
Generating Serenity Reports
  - Test Root: starter
  - Main report: file:///home/dani/projects/fb-message-automatizer/FacebookMessageAutomatizer/target/site/serenity/index.html
      - Test Root: starter
      - Requirements base directory: null

BUILD SUCCESSFUL in 30s
4 actionable tasks: 4 executed
> Task :compileJava NO-SOURCE
> Task :processResources NO-SOURCE
> Task :classes UP-TO-DATE
> Task :compileTestJava
> Task :processTestResources
> Task :testClasses

> Task :test

Gradle Test Executor 6 STANDARD_OUT
    21:39:06.049 [ForkJoinPool-1-worker-3] INFO  n.thucydides.core.steps.StepEventBus - Loading JUnit Platform configuration parameters from classpath resource [junit-platform.properties].

MessageTest STANDARD_OUT
    21:39:07.693 [ForkJoinPool-1-worker-3] ERROR i.g.bonigarcia.wdm.online.HttpClient - Error HTTP 404 executing https://chromedriver.storage.googleapis.com/LATEST_RELEASE_115
    21:39:07.694 [ForkJoinPool-1-worker-3] WARN  i.g.b.wdm.versions.VersionDetector - Exception reading https://chromedriver.storage.googleapis.com/LATEST_RELEASE_115 to get latest version of chromedriver (Error HTTP 404 executing https://chromedriver.storage.googleapis.com/LATEST_RELEASE_115)

MessageTest > sendTextTest() STANDARD_OUT
    21:39:08.487 [ForkJoinPool-1-worker-3] INFO  n.s.c.w.d.ChromeDriverProvider - Starting Chrome driver instance with capabilities:
    21:39:08.491 [ForkJoinPool-1-worker-3] INFO  n.s.c.w.d.ChromeDriverProvider - Capabilities {acceptInsecureCerts: false, browserName: chrome, goog:chromeOptions: {args: [--remote-allow-origins=*, test-type, ignore-certificate-errors, --start-maximized, incognito, disable-infobars, disable-gpu, disable-default-apps, disable-popup-blocking, --remote-allow-origins=*, test-type, ignore-certificate-errors, --start-maximized, incognito, disable-infobars, disable-gpu, disable-default-apps, disable-popup-blocking, remote-allow-origins=*, --headless=new], extensions: []}}

MessageTest > sendTextTest() STANDARD_ERROR
    Starting ChromeDriver 114.0.5735.90 (386bc09e8f4f2e025eddae123f36f6263096ae49-refs/branch-heads/5735@{#1052}) on port 15618
    Only local connections are allowed.
    Please see https://chromedriver.chromium.org/security-considerations for suggestions on keeping ChromeDriver safe.
    ChromeDriver was started successfully.
    [1694630349.355][WARNING]: This version of ChromeDriver has not been tested with Chrome version 115.
    Sep 13, 2023 9:39:09 PM org.openqa.selenium.devtools.CdpVersionFinder findNearestMatch
    WARNING: Unable to find CDP implementation matching 115
    Sep 13, 2023 9:39:09 PM org.openqa.selenium.chromium.ChromiumDriver lambda$new$3
    WARNING: Unable to find version of CDP to use for . You may need to include a dependency on a specific version of the CDP using something similar to `org.seleniumhq.selenium:selenium-devtools-v86:4.8.1` where the version ("v86") matches the version of the chromium-based browser you're using and the version number of the artifact is the same as Selenium's.

> Task :aggregate
Generating Serenity Reports
  - Test Root: starter
  - Main report: file:///home/dani/projects/fb-message-automatizer/FacebookMessageAutomatizer/target/site/serenity/index.html
      - Test Root: starter
      - Requirements base directory: null

BUILD SUCCESSFUL in 31s
4 actionable tasks: 4 executed
> Task :compileJava NO-SOURCE
> Task :processResources NO-SOURCE
> Task :classes UP-TO-DATE
> Task :compileTestJava
> Task :processTestResources
> Task :testClasses

> Task :test

Gradle Test Executor 7 STANDARD_OUT
    21:40:06.647 [ForkJoinPool-1-worker-3] INFO  n.thucydides.core.steps.StepEventBus - Loading JUnit Platform configuration parameters from classpath resource [junit-platform.properties].

MessageTest STANDARD_OUT
    21:40:08.387 [ForkJoinPool-1-worker-3] ERROR i.g.bonigarcia.wdm.online.HttpClient - Error HTTP 404 executing https://chromedriver.storage.googleapis.com/LATEST_RELEASE_115
    21:40:08.388 [ForkJoinPool-1-worker-3] WARN  i.g.b.wdm.versions.VersionDetector - Exception reading https://chromedriver.storage.googleapis.com/LATEST_RELEASE_115 to get latest version of chromedriver (Error HTTP 404 executing https://chromedriver.storage.googleapis.com/LATEST_RELEASE_115)

MessageTest > sendTextTest() STANDARD_OUT
    21:40:09.205 [ForkJoinPool-1-worker-3] INFO  n.s.c.w.d.ChromeDriverProvider - Starting Chrome driver instance with capabilities:
    21:40:09.208 [ForkJoinPool-1-worker-3] INFO  n.s.c.w.d.ChromeDriverProvider - Capabilities {acceptInsecureCerts: false, browserName: chrome, goog:chromeOptions: {args: [--remote-allow-origins=*, test-type, ignore-certificate-errors, --start-maximized, incognito, disable-infobars, disable-gpu, disable-default-apps, disable-popup-blocking, --remote-allow-origins=*, test-type, ignore-certificate-errors, --start-maximized, incognito, disable-infobars, disable-gpu, disable-default-apps, disable-popup-blocking, remote-allow-origins=*, --headless=new], extensions: []}}

MessageTest > sendTextTest() STANDARD_ERROR
    Starting ChromeDriver 114.0.5735.90 (386bc09e8f4f2e025eddae123f36f6263096ae49-refs/branch-heads/5735@{#1052}) on port 32207
    Only local connections are allowed.
    Please see https://chromedriver.chromium.org/security-considerations for suggestions on keeping ChromeDriver safe.
    ChromeDriver was started successfully.
    [1694630410.074][WARNING]: This version of ChromeDriver has not been tested with Chrome version 115.
    Sep 13, 2023 9:40:10 PM org.openqa.selenium.devtools.CdpVersionFinder findNearestMatch
    WARNING: Unable to find CDP implementation matching 115
    Sep 13, 2023 9:40:10 PM org.openqa.selenium.chromium.ChromiumDriver lambda$new$3
    WARNING: Unable to find version of CDP to use for . You may need to include a dependency on a specific version of the CDP using something similar to `org.seleniumhq.selenium:selenium-devtools-v86:4.8.1` where the version ("v86") matches the version of the chromium-based browser you're using and the version number of the artifact is the same as Selenium's.

> Task :aggregate
Generating Serenity Reports
  - Test Root: starter
  - Main report: file:///home/dani/projects/fb-message-automatizer/FacebookMessageAutomatizer/target/site/serenity/index.html
      - Test Root: starter
      - Requirements base directory: null

BUILD SUCCESSFUL in 32s
4 actionable tasks: 4 executed
> Task :compileJava NO-SOURCE
> Task :processResources NO-SOURCE
> Task :classes UP-TO-DATE
> Task :compileTestJava
> Task :processTestResources
> Task :testClasses

> Task :test

Gradle Test Executor 8 STANDARD_OUT
    21:41:06.659 [ForkJoinPool-1-worker-3] INFO  n.thucydides.core.steps.StepEventBus - Loading JUnit Platform configuration parameters from classpath resource [junit-platform.properties].

MessageTest STANDARD_OUT
    21:41:08.234 [ForkJoinPool-1-worker-3] ERROR i.g.bonigarcia.wdm.online.HttpClient - Error HTTP 404 executing https://chromedriver.storage.googleapis.com/LATEST_RELEASE_115
    21:41:08.235 [ForkJoinPool-1-worker-3] WARN  i.g.b.wdm.versions.VersionDetector - Exception reading https://chromedriver.storage.googleapis.com/LATEST_RELEASE_115 to get latest version of chromedriver (Error HTTP 404 executing https://chromedriver.storage.googleapis.com/LATEST_RELEASE_115)

MessageTest > sendTextTest() STANDARD_OUT
    21:41:09.030 [ForkJoinPool-1-worker-3] INFO  n.s.c.w.d.ChromeDriverProvider - Starting Chrome driver instance with capabilities:
    21:41:09.033 [ForkJoinPool-1-worker-3] INFO  n.s.c.w.d.ChromeDriverProvider - Capabilities {acceptInsecureCerts: false, browserName: chrome, goog:chromeOptions: {args: [--remote-allow-origins=*, test-type, ignore-certificate-errors, --start-maximized, incognito, disable-infobars, disable-gpu, disable-default-apps, disable-popup-blocking, --remote-allow-origins=*, test-type, ignore-certificate-errors, --start-maximized, incognito, disable-infobars, disable-gpu, disable-default-apps, disable-popup-blocking, remote-allow-origins=*, --headless=new], extensions: []}}

MessageTest > sendTextTest() STANDARD_ERROR
    Starting ChromeDriver 114.0.5735.90 (386bc09e8f4f2e025eddae123f36f6263096ae49-refs/branch-heads/5735@{#1052}) on port 16557
    Only local connections are allowed.
    Please see https://chromedriver.chromium.org/security-considerations for suggestions on keeping ChromeDriver safe.
    ChromeDriver was started successfully.
    [1694630469.911][WARNING]: This version of ChromeDriver has not been tested with Chrome version 115.
    Sep 13, 2023 9:41:10 PM org.openqa.selenium.devtools.CdpVersionFinder findNearestMatch
    WARNING: Unable to find CDP implementation matching 115
    Sep 13, 2023 9:41:10 PM org.openqa.selenium.chromium.ChromiumDriver lambda$new$3
    WARNING: Unable to find version of CDP to use for . You may need to include a dependency on a specific version of the CDP using something similar to `org.seleniumhq.selenium:selenium-devtools-v86:4.8.1` where the version ("v86") matches the version of the chromium-based browser you're using and the version number of the artifact is the same as Selenium's.

> Task :aggregate
Generating Serenity Reports
  - Test Root: starter
  - Main report: file:///home/dani/projects/fb-message-automatizer/FacebookMessageAutomatizer/target/site/serenity/index.html
      - Test Root: starter
      - Requirements base directory: null

BUILD SUCCESSFUL in 31s
4 actionable tasks: 4 executed
> Task :compileJava NO-SOURCE
> Task :processResources NO-SOURCE
> Task :classes UP-TO-DATE
> Task :compileTestJava
> Task :processTestResources
> Task :testClasses

> Task :test

Gradle Test Executor 9 STANDARD_OUT
    21:42:05.994 [ForkJoinPool-1-worker-3] INFO  n.thucydides.core.steps.StepEventBus - Loading JUnit Platform configuration parameters from classpath resource [junit-platform.properties].

MessageTest STANDARD_OUT
    21:42:07.526 [ForkJoinPool-1-worker-3] ERROR i.g.bonigarcia.wdm.online.HttpClient - Error HTTP 404 executing https://chromedriver.storage.googleapis.com/LATEST_RELEASE_115
    21:42:07.527 [ForkJoinPool-1-worker-3] WARN  i.g.b.wdm.versions.VersionDetector - Exception reading https://chromedriver.storage.googleapis.com/LATEST_RELEASE_115 to get latest version of chromedriver (Error HTTP 404 executing https://chromedriver.storage.googleapis.com/LATEST_RELEASE_115)

MessageTest > sendTextTest() STANDARD_OUT
    21:42:08.279 [ForkJoinPool-1-worker-3] INFO  n.s.c.w.d.ChromeDriverProvider - Starting Chrome driver instance with capabilities:
    21:42:08.287 [ForkJoinPool-1-worker-3] INFO  n.s.c.w.d.ChromeDriverProvider - Capabilities {acceptInsecureCerts: false, browserName: chrome, goog:chromeOptions: {args: [--remote-allow-origins=*, test-type, ignore-certificate-errors, --start-maximized, incognito, disable-infobars, disable-gpu, disable-default-apps, disable-popup-blocking, --remote-allow-origins=*, test-type, ignore-certificate-errors, --start-maximized, incognito, disable-infobars, disable-gpu, disable-default-apps, disable-popup-blocking, remote-allow-origins=*, --headless=new], extensions: []}}

MessageTest > sendTextTest() STANDARD_ERROR
    Starting ChromeDriver 114.0.5735.90 (386bc09e8f4f2e025eddae123f36f6263096ae49-refs/branch-heads/5735@{#1052}) on port 3973
    Only local connections are allowed.
    Please see https://chromedriver.chromium.org/security-considerations for suggestions on keeping ChromeDriver safe.
    ChromeDriver was started successfully.
    [1694630529.156][WARNING]: This version of ChromeDriver has not been tested with Chrome version 115.
    Sep 13, 2023 9:42:09 PM org.openqa.selenium.devtools.CdpVersionFinder findNearestMatch
    WARNING: Unable to find CDP implementation matching 115
    Sep 13, 2023 9:42:09 PM org.openqa.selenium.chromium.ChromiumDriver lambda$new$3
    WARNING: Unable to find version of CDP to use for . You may need to include a dependency on a specific version of the CDP using something similar to `org.seleniumhq.selenium:selenium-devtools-v86:4.8.1` where the version ("v86") matches the version of the chromium-based browser you're using and the version number of the artifact is the same as Selenium's.

> Task :aggregate
Generating Serenity Reports
  - Test Root: starter
  - Main report: file:///home/dani/projects/fb-message-automatizer/FacebookMessageAutomatizer/target/site/serenity/index.html
      - Test Root: starter
      - Requirements base directory: null

BUILD SUCCESSFUL in 31s
4 actionable tasks: 4 executed
> Task :compileJava NO-SOURCE
> Task :processResources NO-SOURCE
> Task :classes UP-TO-DATE
> Task :compileTestJava
> Task :processTestResources
> Task :testClasses

> Task :test

Gradle Test Executor 10 STANDARD_OUT
    21:43:06.076 [ForkJoinPool-1-worker-3] INFO  n.thucydides.core.steps.StepEventBus - Loading JUnit Platform configuration parameters from classpath resource [junit-platform.properties].

MessageTest STANDARD_OUT
    21:43:07.628 [ForkJoinPool-1-worker-3] ERROR i.g.bonigarcia.wdm.online.HttpClient - Error HTTP 404 executing https://chromedriver.storage.googleapis.com/LATEST_RELEASE_115
    21:43:07.629 [ForkJoinPool-1-worker-3] WARN  i.g.b.wdm.versions.VersionDetector - Exception reading https://chromedriver.storage.googleapis.com/LATEST_RELEASE_115 to get latest version of chromedriver (Error HTTP 404 executing https://chromedriver.storage.googleapis.com/LATEST_RELEASE_115)

MessageTest > sendTextTest() STANDARD_OUT
    21:43:08.365 [ForkJoinPool-1-worker-3] INFO  n.s.c.w.d.ChromeDriverProvider - Starting Chrome driver instance with capabilities:
    21:43:08.368 [ForkJoinPool-1-worker-3] INFO  n.s.c.w.d.ChromeDriverProvider - Capabilities {acceptInsecureCerts: false, browserName: chrome, goog:chromeOptions: {args: [--remote-allow-origins=*, test-type, ignore-certificate-errors, --start-maximized, incognito, disable-infobars, disable-gpu, disable-default-apps, disable-popup-blocking, --remote-allow-origins=*, test-type, ignore-certificate-errors, --start-maximized, incognito, disable-infobars, disable-gpu, disable-default-apps, disable-popup-blocking, remote-allow-origins=*, --headless=new], extensions: []}}

MessageTest > sendTextTest() STANDARD_ERROR
    Starting ChromeDriver 114.0.5735.90 (386bc09e8f4f2e025eddae123f36f6263096ae49-refs/branch-heads/5735@{#1052}) on port 7606
    Only local connections are allowed.
    Please see https://chromedriver.chromium.org/security-considerations for suggestions on keeping ChromeDriver safe.
    ChromeDriver was started successfully.
    [1694630589.213][WARNING]: This version of ChromeDriver has not been tested with Chrome version 115.
    Sep 13, 2023 9:43:09 PM org.openqa.selenium.devtools.CdpVersionFinder findNearestMatch
    WARNING: Unable to find CDP implementation matching 115
    Sep 13, 2023 9:43:09 PM org.openqa.selenium.chromium.ChromiumDriver lambda$new$3
    WARNING: Unable to find version of CDP to use for . You may need to include a dependency on a specific version of the CDP using something similar to `org.seleniumhq.selenium:selenium-devtools-v86:4.8.1` where the version ("v86") matches the version of the chromium-based browser you're using and the version number of the artifact is the same as Selenium's.

> Task :aggregate
Generating Serenity Reports
  - Test Root: starter
  - Main report: file:///home/dani/projects/fb-message-automatizer/FacebookMessageAutomatizer/target/site/serenity/index.html
      - Test Root: starter
      - Requirements base directory: null

BUILD SUCCESSFUL in 32s
4 actionable tasks: 4 executed
> Task :compileJava NO-SOURCE
> Task :processResources NO-SOURCE
> Task :classes UP-TO-DATE
> Task :compileTestJava
> Task :processTestResources
> Task :testClasses

> Task :test

Gradle Test Executor 11 STANDARD_OUT
    21:44:06.047 [ForkJoinPool-1-worker-3] INFO  n.thucydides.core.steps.StepEventBus - Loading JUnit Platform configuration parameters from classpath resource [junit-platform.properties].

MessageTest STANDARD_OUT
    21:44:08.672 [ForkJoinPool-1-worker-3] ERROR i.g.bonigarcia.wdm.online.HttpClient - Error HTTP 404 executing https://chromedriver.storage.googleapis.com/LATEST_RELEASE_115
    21:44:08.672 [ForkJoinPool-1-worker-3] WARN  i.g.b.wdm.versions.VersionDetector - Exception reading https://chromedriver.storage.googleapis.com/LATEST_RELEASE_115 to get latest version of chromedriver (Error HTTP 404 executing https://chromedriver.storage.googleapis.com/LATEST_RELEASE_115)

MessageTest > sendTextTest() STANDARD_OUT
    21:44:09.443 [ForkJoinPool-1-worker-3] INFO  n.s.c.w.d.ChromeDriverProvider - Starting Chrome driver instance with capabilities:
    21:44:09.449 [ForkJoinPool-1-worker-3] INFO  n.s.c.w.d.ChromeDriverProvider - Capabilities {acceptInsecureCerts: false, browserName: chrome, goog:chromeOptions: {args: [--remote-allow-origins=*, test-type, ignore-certificate-errors, --start-maximized, incognito, disable-infobars, disable-gpu, disable-default-apps, disable-popup-blocking, --remote-allow-origins=*, test-type, ignore-certificate-errors, --start-maximized, incognito, disable-infobars, disable-gpu, disable-default-apps, disable-popup-blocking, remote-allow-origins=*, --headless=new], extensions: []}}

MessageTest > sendTextTest() STANDARD_ERROR
    Starting ChromeDriver 114.0.5735.90 (386bc09e8f4f2e025eddae123f36f6263096ae49-refs/branch-heads/5735@{#1052}) on port 5897
    Only local connections are allowed.
    Please see https://chromedriver.chromium.org/security-considerations for suggestions on keeping ChromeDriver safe.
    ChromeDriver was started successfully.
    [1694630650.333][WARNING]: This version of ChromeDriver has not been tested with Chrome version 115.
    Sep 13, 2023 9:44:10 PM org.openqa.selenium.devtools.CdpVersionFinder findNearestMatch
    WARNING: Unable to find CDP implementation matching 115
    Sep 13, 2023 9:44:10 PM org.openqa.selenium.chromium.ChromiumDriver lambda$new$3
    WARNING: Unable to find version of CDP to use for . You may need to include a dependency on a specific version of the CDP using something similar to `org.seleniumhq.selenium:selenium-devtools-v86:4.8.1` where the version ("v86") matches the version of the chromium-based browser you're using and the version number of the artifact is the same as Selenium's.

> Task :aggregate
Generating Serenity Reports
  - Test Root: starter
  - Main report: file:///home/dani/projects/fb-message-automatizer/FacebookMessageAutomatizer/target/site/serenity/index.html
      - Test Root: starter
      - Requirements base directory: null

BUILD SUCCESSFUL in 32s
4 actionable tasks: 4 executed
> Task :compileJava NO-SOURCE
> Task :processResources NO-SOURCE
> Task :classes UP-TO-DATE
> Task :compileTestJava
> Task :processTestResources
> Task :testClasses

> Task :test

Gradle Test Executor 12 STANDARD_OUT
    21:45:06.088 [ForkJoinPool-1-worker-3] INFO  n.thucydides.core.steps.StepEventBus - Loading JUnit Platform configuration parameters from classpath resource [junit-platform.properties].

MessageTest STANDARD_OUT
    21:45:07.728 [ForkJoinPool-1-worker-3] ERROR i.g.bonigarcia.wdm.online.HttpClient - Error HTTP 404 executing https://chromedriver.storage.googleapis.com/LATEST_RELEASE_115
    21:45:07.729 [ForkJoinPool-1-worker-3] WARN  i.g.b.wdm.versions.VersionDetector - Exception reading https://chromedriver.storage.googleapis.com/LATEST_RELEASE_115 to get latest version of chromedriver (Error HTTP 404 executing https://chromedriver.storage.googleapis.com/LATEST_RELEASE_115)

MessageTest > sendTextTest() STANDARD_OUT
    21:45:08.508 [ForkJoinPool-1-worker-3] INFO  n.s.c.w.d.ChromeDriverProvider - Starting Chrome driver instance with capabilities:
    21:45:08.514 [ForkJoinPool-1-worker-3] INFO  n.s.c.w.d.ChromeDriverProvider - Capabilities {acceptInsecureCerts: false, browserName: chrome, goog:chromeOptions: {args: [--remote-allow-origins=*, test-type, ignore-certificate-errors, --start-maximized, incognito, disable-infobars, disable-gpu, disable-default-apps, disable-popup-blocking, --remote-allow-origins=*, test-type, ignore-certificate-errors, --start-maximized, incognito, disable-infobars, disable-gpu, disable-default-apps, disable-popup-blocking, remote-allow-origins=*, --headless=new], extensions: []}}

MessageTest > sendTextTest() STANDARD_ERROR
    Starting ChromeDriver 114.0.5735.90 (386bc09e8f4f2e025eddae123f36f6263096ae49-refs/branch-heads/5735@{#1052}) on port 14478
    Only local connections are allowed.
    Please see https://chromedriver.chromium.org/security-considerations for suggestions on keeping ChromeDriver safe.
    ChromeDriver was started successfully.
    [1694630709.366][WARNING]: This version of ChromeDriver has not been tested with Chrome version 115.
    Sep 13, 2023 9:45:09 PM org.openqa.selenium.devtools.CdpVersionFinder findNearestMatch
    WARNING: Unable to find CDP implementation matching 115
    Sep 13, 2023 9:45:09 PM org.openqa.selenium.chromium.ChromiumDriver lambda$new$3
    WARNING: Unable to find version of CDP to use for . You may need to include a dependency on a specific version of the CDP using something similar to `org.seleniumhq.selenium:selenium-devtools-v86:4.8.1` where the version ("v86") matches the version of the chromium-based browser you're using and the version number of the artifact is the same as Selenium's.

> Task :aggregate
Generating Serenity Reports
  - Test Root: starter
  - Main report: file:///home/dani/projects/fb-message-automatizer/FacebookMessageAutomatizer/target/site/serenity/index.html
      - Test Root: starter
      - Requirements base directory: null

BUILD SUCCESSFUL in 31s
4 actionable tasks: 4 executed
> Task :compileJava NO-SOURCE
> Task :processResources NO-SOURCE
> Task :classes UP-TO-DATE
> Task :compileTestJava
> Task :processTestResources
> Task :testClasses

> Task :test

Gradle Test Executor 13 STANDARD_OUT
    21:46:06.060 [ForkJoinPool-1-worker-3] INFO  n.thucydides.core.steps.StepEventBus - Loading JUnit Platform configuration parameters from classpath resource [junit-platform.properties].

MessageTest STANDARD_OUT
    21:46:07.729 [ForkJoinPool-1-worker-3] ERROR i.g.bonigarcia.wdm.online.HttpClient - Error HTTP 404 executing https://chromedriver.storage.googleapis.com/LATEST_RELEASE_115
    21:46:07.730 [ForkJoinPool-1-worker-3] WARN  i.g.b.wdm.versions.VersionDetector - Exception reading https://chromedriver.storage.googleapis.com/LATEST_RELEASE_115 to get latest version of chromedriver (Error HTTP 404 executing https://chromedriver.storage.googleapis.com/LATEST_RELEASE_115)

MessageTest > sendTextTest() STANDARD_OUT
    21:46:08.494 [ForkJoinPool-1-worker-3] INFO  n.s.c.w.d.ChromeDriverProvider - Starting Chrome driver instance with capabilities:
    21:46:08.498 [ForkJoinPool-1-worker-3] INFO  n.s.c.w.d.ChromeDriverProvider - Capabilities {acceptInsecureCerts: false, browserName: chrome, goog:chromeOptions: {args: [--remote-allow-origins=*, test-type, ignore-certificate-errors, --start-maximized, incognito, disable-infobars, disable-gpu, disable-default-apps, disable-popup-blocking, --remote-allow-origins=*, test-type, ignore-certificate-errors, --start-maximized, incognito, disable-infobars, disable-gpu, disable-default-apps, disable-popup-blocking, remote-allow-origins=*, --headless=new], extensions: []}}

MessageTest > sendTextTest() STANDARD_ERROR
    Starting ChromeDriver 114.0.5735.90 (386bc09e8f4f2e025eddae123f36f6263096ae49-refs/branch-heads/5735@{#1052}) on port 32000
    Only local connections are allowed.
    Please see https://chromedriver.chromium.org/security-considerations for suggestions on keeping ChromeDriver safe.
    ChromeDriver was started successfully.
    [1694630769.342][WARNING]: This version of ChromeDriver has not been tested with Chrome version 115.
    Sep 13, 2023 9:46:09 PM org.openqa.selenium.devtools.CdpVersionFinder findNearestMatch
    WARNING: Unable to find CDP implementation matching 115
    Sep 13, 2023 9:46:09 PM org.openqa.selenium.chromium.ChromiumDriver lambda$new$3
    WARNING: Unable to find version of CDP to use for . You may need to include a dependency on a specific version of the CDP using something similar to `org.seleniumhq.selenium:selenium-devtools-v86:4.8.1` where the version ("v86") matches the version of the chromium-based browser you're using and the version number of the artifact is the same as Selenium's.

> Task :aggregate
Generating Serenity Reports
  - Test Root: starter
  - Main report: file:///home/dani/projects/fb-message-automatizer/FacebookMessageAutomatizer/target/site/serenity/index.html
      - Test Root: starter
      - Requirements base directory: null

BUILD SUCCESSFUL in 30s
4 actionable tasks: 4 executed
> Task :compileJava NO-SOURCE
> Task :processResources NO-SOURCE
> Task :classes UP-TO-DATE
> Task :compileTestJava
> Task :processTestResources
> Task :testClasses

> Task :test

Gradle Test Executor 14 STANDARD_OUT
    21:47:06.593 [ForkJoinPool-1-worker-3] INFO  n.thucydides.core.steps.StepEventBus - Loading JUnit Platform configuration parameters from classpath resource [junit-platform.properties].

MessageTest STANDARD_OUT
    21:47:08.100 [ForkJoinPool-1-worker-3] ERROR i.g.bonigarcia.wdm.online.HttpClient - Error HTTP 404 executing https://chromedriver.storage.googleapis.com/LATEST_RELEASE_115
    21:47:08.101 [ForkJoinPool-1-worker-3] WARN  i.g.b.wdm.versions.VersionDetector - Exception reading https://chromedriver.storage.googleapis.com/LATEST_RELEASE_115 to get latest version of chromedriver (Error HTTP 404 executing https://chromedriver.storage.googleapis.com/LATEST_RELEASE_115)

MessageTest > sendTextTest() STANDARD_OUT
    21:47:08.867 [ForkJoinPool-1-worker-3] INFO  n.s.c.w.d.ChromeDriverProvider - Starting Chrome driver instance with capabilities:
    21:47:08.870 [ForkJoinPool-1-worker-3] INFO  n.s.c.w.d.ChromeDriverProvider - Capabilities {acceptInsecureCerts: false, browserName: chrome, goog:chromeOptions: {args: [--remote-allow-origins=*, test-type, ignore-certificate-errors, --start-maximized, incognito, disable-infobars, disable-gpu, disable-default-apps, disable-popup-blocking, --remote-allow-origins=*, test-type, ignore-certificate-errors, --start-maximized, incognito, disable-infobars, disable-gpu, disable-default-apps, disable-popup-blocking, remote-allow-origins=*, --headless=new], extensions: []}}

MessageTest > sendTextTest() STANDARD_ERROR
    Starting ChromeDriver 114.0.5735.90 (386bc09e8f4f2e025eddae123f36f6263096ae49-refs/branch-heads/5735@{#1052}) on port 3157
    Only local connections are allowed.
    Please see https://chromedriver.chromium.org/security-considerations for suggestions on keeping ChromeDriver safe.
    ChromeDriver was started successfully.
    [1694630829.727][WARNING]: This version of ChromeDriver has not been tested with Chrome version 115.
    Sep 13, 2023 9:47:09 PM org.openqa.selenium.devtools.CdpVersionFinder findNearestMatch
    WARNING: Unable to find CDP implementation matching 115
    Sep 13, 2023 9:47:09 PM org.openqa.selenium.chromium.ChromiumDriver lambda$new$3
    WARNING: Unable to find version of CDP to use for . You may need to include a dependency on a specific version of the CDP using something similar to `org.seleniumhq.selenium:selenium-devtools-v86:4.8.1` where the version ("v86") matches the version of the chromium-based browser you're using and the version number of the artifact is the same as Selenium's.

> Task :aggregate
Generating Serenity Reports
  - Test Root: starter
  - Main report: file:///home/dani/projects/fb-message-automatizer/FacebookMessageAutomatizer/target/site/serenity/index.html
      - Test Root: starter
      - Requirements base directory: null

BUILD SUCCESSFUL in 31s
4 actionable tasks: 4 executed
> Task :compileJava NO-SOURCE
> Task :processResources NO-SOURCE
> Task :classes UP-TO-DATE
> Task :compileTestJava
> Task :processTestResources
> Task :testClasses

> Task :test

Gradle Test Executor 15 STANDARD_OUT
    21:48:06.720 [ForkJoinPool-1-worker-3] INFO  n.thucydides.core.steps.StepEventBus - Loading JUnit Platform configuration parameters from classpath resource [junit-platform.properties].

MessageTest STANDARD_OUT
    21:48:08.326 [ForkJoinPool-1-worker-3] ERROR i.g.bonigarcia.wdm.online.HttpClient - Error HTTP 404 executing https://chromedriver.storage.googleapis.com/LATEST_RELEASE_115
    21:48:08.327 [ForkJoinPool-1-worker-3] WARN  i.g.b.wdm.versions.VersionDetector - Exception reading https://chromedriver.storage.googleapis.com/LATEST_RELEASE_115 to get latest version of chromedriver (Error HTTP 404 executing https://chromedriver.storage.googleapis.com/LATEST_RELEASE_115)

MessageTest > sendTextTest() STANDARD_OUT
    21:48:09.135 [ForkJoinPool-1-worker-3] INFO  n.s.c.w.d.ChromeDriverProvider - Starting Chrome driver instance with capabilities:
    21:48:09.144 [ForkJoinPool-1-worker-3] INFO  n.s.c.w.d.ChromeDriverProvider - Capabilities {acceptInsecureCerts: false, browserName: chrome, goog:chromeOptions: {args: [--remote-allow-origins=*, test-type, ignore-certificate-errors, --start-maximized, incognito, disable-infobars, disable-gpu, disable-default-apps, disable-popup-blocking, --remote-allow-origins=*, test-type, ignore-certificate-errors, --start-maximized, incognito, disable-infobars, disable-gpu, disable-default-apps, disable-popup-blocking, remote-allow-origins=*, --headless=new], extensions: []}}

MessageTest > sendTextTest() STANDARD_ERROR
    Starting ChromeDriver 114.0.5735.90 (386bc09e8f4f2e025eddae123f36f6263096ae49-refs/branch-heads/5735@{#1052}) on port 22679
    Only local connections are allowed.
    Please see https://chromedriver.chromium.org/security-considerations for suggestions on keeping ChromeDriver safe.
    ChromeDriver was started successfully.
    [1694630889.987][WARNING]: This version of ChromeDriver has not been tested with Chrome version 115.
    Sep 13, 2023 9:48:10 PM org.openqa.selenium.devtools.CdpVersionFinder findNearestMatch
    WARNING: Unable to find CDP implementation matching 115
    Sep 13, 2023 9:48:10 PM org.openqa.selenium.chromium.ChromiumDriver lambda$new$3
    WARNING: Unable to find version of CDP to use for . You may need to include a dependency on a specific version of the CDP using something similar to `org.seleniumhq.selenium:selenium-devtools-v86:4.8.1` where the version ("v86") matches the version of the chromium-based browser you're using and the version number of the artifact is the same as Selenium's.

> Task :aggregate
Generating Serenity Reports
  - Test Root: starter
  - Main report: file:///home/dani/projects/fb-message-automatizer/FacebookMessageAutomatizer/target/site/serenity/index.html
      - Test Root: starter
      - Requirements base directory: null

BUILD SUCCESSFUL in 32s
4 actionable tasks: 4 executed
> Task :compileJava NO-SOURCE
> Task :processResources NO-SOURCE
> Task :classes UP-TO-DATE
> Task :compileTestJava
> Task :processTestResources
> Task :testClasses

> Task :test

Gradle Test Executor 16 STANDARD_OUT
    21:49:07.116 [ForkJoinPool-1-worker-3] INFO  n.thucydides.core.steps.StepEventBus - Loading JUnit Platform configuration parameters from classpath resource [junit-platform.properties].

MessageTest STANDARD_OUT
    21:49:09.087 [ForkJoinPool-1-worker-3] ERROR i.g.bonigarcia.wdm.online.HttpClient - Error HTTP 404 executing https://chromedriver.storage.googleapis.com/LATEST_RELEASE_115
    21:49:09.088 [ForkJoinPool-1-worker-3] WARN  i.g.b.wdm.versions.VersionDetector - Exception reading https://chromedriver.storage.googleapis.com/LATEST_RELEASE_115 to get latest version of chromedriver (Error HTTP 404 executing https://chromedriver.storage.googleapis.com/LATEST_RELEASE_115)

MessageTest > sendTextTest() STANDARD_OUT
    21:49:09.966 [ForkJoinPool-1-worker-3] INFO  n.s.c.w.d.ChromeDriverProvider - Starting Chrome driver instance with capabilities:
    21:49:09.977 [ForkJoinPool-1-worker-3] INFO  n.s.c.w.d.ChromeDriverProvider - Capabilities {acceptInsecureCerts: false, browserName: chrome, goog:chromeOptions: {args: [--remote-allow-origins=*, test-type, ignore-certificate-errors, --start-maximized, incognito, disable-infobars, disable-gpu, disable-default-apps, disable-popup-blocking, --remote-allow-origins=*, test-type, ignore-certificate-errors, --start-maximized, incognito, disable-infobars, disable-gpu, disable-default-apps, disable-popup-blocking, remote-allow-origins=*, --headless=new], extensions: []}}

MessageTest > sendTextTest() STANDARD_ERROR
    Starting ChromeDriver 114.0.5735.90 (386bc09e8f4f2e025eddae123f36f6263096ae49-refs/branch-heads/5735@{#1052}) on port 1416
    Only local connections are allowed.
    Please see https://chromedriver.chromium.org/security-considerations for suggestions on keeping ChromeDriver safe.
    ChromeDriver was started successfully.
    [1694630950.983][WARNING]: This version of ChromeDriver has not been tested with Chrome version 115.
    Sep 13, 2023 9:49:11 PM org.openqa.selenium.devtools.CdpVersionFinder findNearestMatch
    WARNING: Unable to find CDP implementation matching 115
    Sep 13, 2023 9:49:11 PM org.openqa.selenium.chromium.ChromiumDriver lambda$new$3
    WARNING: Unable to find version of CDP to use for . You may need to include a dependency on a specific version of the CDP using something similar to `org.seleniumhq.selenium:selenium-devtools-v86:4.8.1` where the version ("v86") matches the version of the chromium-based browser you're using and the version number of the artifact is the same as Selenium's.

> Task :aggregate
Generating Serenity Reports
  - Test Root: starter
  - Main report: file:///home/dani/projects/fb-message-automatizer/FacebookMessageAutomatizer/target/site/serenity/index.html
      - Test Root: starter
      - Requirements base directory: null

BUILD SUCCESSFUL in 32s
4 actionable tasks: 4 executed
> Task :compileJava NO-SOURCE
> Task :processResources NO-SOURCE
> Task :classes UP-TO-DATE
> Task :compileTestJava
> Task :processTestResources
> Task :testClasses

> Task :test

Gradle Test Executor 17 STANDARD_OUT
    21:50:07.001 [ForkJoinPool-1-worker-3] INFO  n.thucydides.core.steps.StepEventBus - Loading JUnit Platform configuration parameters from classpath resource [junit-platform.properties].

MessageTest STANDARD_OUT
    21:50:08.628 [ForkJoinPool-1-worker-3] ERROR i.g.bonigarcia.wdm.online.HttpClient - Error HTTP 404 executing https://chromedriver.storage.googleapis.com/LATEST_RELEASE_115
    21:50:08.628 [ForkJoinPool-1-worker-3] WARN  i.g.b.wdm.versions.VersionDetector - Exception reading https://chromedriver.storage.googleapis.com/LATEST_RELEASE_115 to get latest version of chromedriver (Error HTTP 404 executing https://chromedriver.storage.googleapis.com/LATEST_RELEASE_115)

MessageTest > sendTextTest() STANDARD_OUT
    21:50:09.377 [ForkJoinPool-1-worker-3] INFO  n.s.c.w.d.ChromeDriverProvider - Starting Chrome driver instance with capabilities:
    21:50:09.396 [ForkJoinPool-1-worker-3] INFO  n.s.c.w.d.ChromeDriverProvider - Capabilities {acceptInsecureCerts: false, browserName: chrome, goog:chromeOptions: {args: [--remote-allow-origins=*, test-type, ignore-certificate-errors, --start-maximized, incognito, disable-infobars, disable-gpu, disable-default-apps, disable-popup-blocking, --remote-allow-origins=*, test-type, ignore-certificate-errors, --start-maximized, incognito, disable-infobars, disable-gpu, disable-default-apps, disable-popup-blocking, remote-allow-origins=*, --headless=new], extensions: []}}

MessageTest > sendTextTest() STANDARD_ERROR
    Starting ChromeDriver 114.0.5735.90 (386bc09e8f4f2e025eddae123f36f6263096ae49-refs/branch-heads/5735@{#1052}) on port 28886
    Only local connections are allowed.
    Please see https://chromedriver.chromium.org/security-considerations for suggestions on keeping ChromeDriver safe.
    ChromeDriver was started successfully.
    [1694631010.280][WARNING]: This version of ChromeDriver has not been tested with Chrome version 115.
    Sep 13, 2023 9:50:10 PM org.openqa.selenium.devtools.CdpVersionFinder findNearestMatch
    WARNING: Unable to find CDP implementation matching 115
    Sep 13, 2023 9:50:10 PM org.openqa.selenium.chromium.ChromiumDriver lambda$new$3
    WARNING: Unable to find version of CDP to use for . You may need to include a dependency on a specific version of the CDP using something similar to `org.seleniumhq.selenium:selenium-devtools-v86:4.8.1` where the version ("v86") matches the version of the chromium-based browser you're using and the version number of the artifact is the same as Selenium's.

> Task :aggregate
Generating Serenity Reports
  - Test Root: starter
  - Main report: file:///home/dani/projects/fb-message-automatizer/FacebookMessageAutomatizer/target/site/serenity/index.html
      - Test Root: starter
      - Requirements base directory: null

BUILD SUCCESSFUL in 31s
4 actionable tasks: 4 executed
> Task :compileJava NO-SOURCE
> Task :processResources NO-SOURCE
> Task :classes UP-TO-DATE
> Task :compileTestJava
> Task :processTestResources
> Task :testClasses

> Task :test

Gradle Test Executor 18 STANDARD_OUT
    21:51:06.434 [ForkJoinPool-1-worker-3] INFO  n.thucydides.core.steps.StepEventBus - Loading JUnit Platform configuration parameters from classpath resource [junit-platform.properties].

MessageTest STANDARD_OUT
    21:51:08.137 [ForkJoinPool-1-worker-3] ERROR i.g.bonigarcia.wdm.online.HttpClient - Error HTTP 404 executing https://chromedriver.storage.googleapis.com/LATEST_RELEASE_115
    21:51:08.138 [ForkJoinPool-1-worker-3] WARN  i.g.b.wdm.versions.VersionDetector - Exception reading https://chromedriver.storage.googleapis.com/LATEST_RELEASE_115 to get latest version of chromedriver (Error HTTP 404 executing https://chromedriver.storage.googleapis.com/LATEST_RELEASE_115)

MessageTest > sendTextTest() STANDARD_OUT
    21:51:08.950 [ForkJoinPool-1-worker-3] INFO  n.s.c.w.d.ChromeDriverProvider - Starting Chrome driver instance with capabilities:
    21:51:08.954 [ForkJoinPool-1-worker-3] INFO  n.s.c.w.d.ChromeDriverProvider - Capabilities {acceptInsecureCerts: false, browserName: chrome, goog:chromeOptions: {args: [--remote-allow-origins=*, test-type, ignore-certificate-errors, --start-maximized, incognito, disable-infobars, disable-gpu, disable-default-apps, disable-popup-blocking, --remote-allow-origins=*, test-type, ignore-certificate-errors, --start-maximized, incognito, disable-infobars, disable-gpu, disable-default-apps, disable-popup-blocking, remote-allow-origins=*, --headless=new], extensions: []}}

MessageTest > sendTextTest() STANDARD_ERROR
    Starting ChromeDriver 114.0.5735.90 (386bc09e8f4f2e025eddae123f36f6263096ae49-refs/branch-heads/5735@{#1052}) on port 15361
    Only local connections are allowed.
    Please see https://chromedriver.chromium.org/security-considerations for suggestions on keeping ChromeDriver safe.
    ChromeDriver was started successfully.
    [1694631069.964][WARNING]: This version of ChromeDriver has not been tested with Chrome version 115.
    Sep 13, 2023 9:51:10 PM org.openqa.selenium.devtools.CdpVersionFinder findNearestMatch
    WARNING: Unable to find CDP implementation matching 115
    Sep 13, 2023 9:51:10 PM org.openqa.selenium.chromium.ChromiumDriver lambda$new$3
    WARNING: Unable to find version of CDP to use for . You may need to include a dependency on a specific version of the CDP using something similar to `org.seleniumhq.selenium:selenium-devtools-v86:4.8.1` where the version ("v86") matches the version of the chromium-based browser you're using and the version number of the artifact is the same as Selenium's.

MessageTest > sendTextTest() FAILED
    org.openqa.selenium.StaleElementReferenceException at MessageTest.java:53

> Task :test FAILED

> Task :aggregate
Generating Serenity Reports
  - Test Root: starter
  - Main report: file:///home/dani/projects/fb-message-automatizer/FacebookMessageAutomatizer/target/site/serenity/index.html
      - Test Root: starter
      - Requirements base directory: null
4 actionable tasks: 4 executed
> Task :compileJava NO-SOURCE
> Task :processResources NO-SOURCE
> Task :classes UP-TO-DATE
> Task :compileTestJava
> Task :processTestResources
> Task :testClasses

> Task :test

Gradle Test Executor 19 STANDARD_OUT
    21:52:07.034 [ForkJoinPool-1-worker-3] INFO  n.thucydides.core.steps.StepEventBus - Loading JUnit Platform configuration parameters from classpath resource [junit-platform.properties].

MessageTest STANDARD_OUT
    21:52:08.773 [ForkJoinPool-1-worker-3] ERROR i.g.bonigarcia.wdm.online.HttpClient - Error HTTP 404 executing https://chromedriver.storage.googleapis.com/LATEST_RELEASE_115
    21:52:08.773 [ForkJoinPool-1-worker-3] WARN  i.g.b.wdm.versions.VersionDetector - Exception reading https://chromedriver.storage.googleapis.com/LATEST_RELEASE_115 to get latest version of chromedriver (Error HTTP 404 executing https://chromedriver.storage.googleapis.com/LATEST_RELEASE_115)

MessageTest > sendTextTest() STANDARD_OUT
    21:52:09.602 [ForkJoinPool-1-worker-3] INFO  n.s.c.w.d.ChromeDriverProvider - Starting Chrome driver instance with capabilities:
    21:52:09.606 [ForkJoinPool-1-worker-3] INFO  n.s.c.w.d.ChromeDriverProvider - Capabilities {acceptInsecureCerts: false, browserName: chrome, goog:chromeOptions: {args: [--remote-allow-origins=*, test-type, ignore-certificate-errors, --start-maximized, incognito, disable-infobars, disable-gpu, disable-default-apps, disable-popup-blocking, --remote-allow-origins=*, test-type, ignore-certificate-errors, --start-maximized, incognito, disable-infobars, disable-gpu, disable-default-apps, disable-popup-blocking, remote-allow-origins=*, --headless=new], extensions: []}}

MessageTest > sendTextTest() STANDARD_ERROR
    Starting ChromeDriver 114.0.5735.90 (386bc09e8f4f2e025eddae123f36f6263096ae49-refs/branch-heads/5735@{#1052}) on port 24573
    Only local connections are allowed.
    Please see https://chromedriver.chromium.org/security-considerations for suggestions on keeping ChromeDriver safe.
    ChromeDriver was started successfully.
    [1694631130.654][WARNING]: This version of ChromeDriver has not been tested with Chrome version 115.
    Sep 13, 2023 9:52:10 PM org.openqa.selenium.devtools.CdpVersionFinder findNearestMatch
    WARNING: Unable to find CDP implementation matching 115
    Sep 13, 2023 9:52:10 PM org.openqa.selenium.chromium.ChromiumDriver lambda$new$3
    WARNING: Unable to find version of CDP to use for . You may need to include a dependency on a specific version of the CDP using something similar to `org.seleniumhq.selenium:selenium-devtools-v86:4.8.1` where the version ("v86") matches the version of the chromium-based browser you're using and the version number of the artifact is the same as Selenium's.

> Task :aggregate
Generating Serenity Reports
  - Test Root: starter
  - Main report: file:///home/dani/projects/fb-message-automatizer/FacebookMessageAutomatizer/target/site/serenity/index.html
      - Test Root: starter
      - Requirements base directory: null

BUILD SUCCESSFUL in 34s
4 actionable tasks: 4 executed
> Task :compileJava NO-SOURCE
> Task :processResources NO-SOURCE
> Task :classes UP-TO-DATE
> Task :compileTestJava
> Task :processTestResources
> Task :testClasses

> Task :test

Gradle Test Executor 20 STANDARD_OUT
    21:53:07.289 [ForkJoinPool-1-worker-3] INFO  n.thucydides.core.steps.StepEventBus - Loading JUnit Platform configuration parameters from classpath resource [junit-platform.properties].

MessageTest STANDARD_OUT
    21:53:09.164 [ForkJoinPool-1-worker-3] ERROR i.g.bonigarcia.wdm.online.HttpClient - Error HTTP 404 executing https://chromedriver.storage.googleapis.com/LATEST_RELEASE_115
    21:53:09.165 [ForkJoinPool-1-worker-3] WARN  i.g.b.wdm.versions.VersionDetector - Exception reading https://chromedriver.storage.googleapis.com/LATEST_RELEASE_115 to get latest version of chromedriver (Error HTTP 404 executing https://chromedriver.storage.googleapis.com/LATEST_RELEASE_115)

MessageTest > sendTextTest() STANDARD_OUT
    21:53:09.983 [ForkJoinPool-1-worker-3] INFO  n.s.c.w.d.ChromeDriverProvider - Starting Chrome driver instance with capabilities:
    21:53:09.988 [ForkJoinPool-1-worker-3] INFO  n.s.c.w.d.ChromeDriverProvider - Capabilities {acceptInsecureCerts: false, browserName: chrome, goog:chromeOptions: {args: [--remote-allow-origins=*, test-type, ignore-certificate-errors, --start-maximized, incognito, disable-infobars, disable-gpu, disable-default-apps, disable-popup-blocking, --remote-allow-origins=*, test-type, ignore-certificate-errors, --start-maximized, incognito, disable-infobars, disable-gpu, disable-default-apps, disable-popup-blocking, remote-allow-origins=*, --headless=new], extensions: []}}

MessageTest > sendTextTest() STANDARD_ERROR
    Starting ChromeDriver 114.0.5735.90 (386bc09e8f4f2e025eddae123f36f6263096ae49-refs/branch-heads/5735@{#1052}) on port 3519
    Only local connections are allowed.
    Please see https://chromedriver.chromium.org/security-considerations for suggestions on keeping ChromeDriver safe.
    ChromeDriver was started successfully.
    [1694631191.028][WARNING]: This version of ChromeDriver has not been tested with Chrome version 115.
    Sep 13, 2023 9:53:11 PM org.openqa.selenium.devtools.CdpVersionFinder findNearestMatch
    WARNING: Unable to find CDP implementation matching 115
    Sep 13, 2023 9:53:11 PM org.openqa.selenium.chromium.ChromiumDriver lambda$new$3
    WARNING: Unable to find version of CDP to use for . You may need to include a dependency on a specific version of the CDP using something similar to `org.seleniumhq.selenium:selenium-devtools-v86:4.8.1` where the version ("v86") matches the version of the chromium-based browser you're using and the version number of the artifact is the same as Selenium's.

MessageTest > sendTextTest() FAILED
    org.openqa.selenium.StaleElementReferenceException at MessageTest.java:53

> Task :test FAILED

> Task :aggregate
Generating Serenity Reports
  - Test Root: starter
  - Main report: file:///home/dani/projects/fb-message-automatizer/FacebookMessageAutomatizer/target/site/serenity/index.html
      - Test Root: starter
      - Requirements base directory: null
4 actionable tasks: 4 executed
> Task :compileJava NO-SOURCE
> Task :processResources NO-SOURCE
> Task :classes UP-TO-DATE
> Task :compileTestJava
> Task :processTestResources
> Task :testClasses

> Task :test

Gradle Test Executor 21 STANDARD_OUT
    21:54:06.524 [ForkJoinPool-1-worker-3] INFO  n.thucydides.core.steps.StepEventBus - Loading JUnit Platform configuration parameters from classpath resource [junit-platform.properties].

MessageTest STANDARD_OUT
    21:54:08.229 [ForkJoinPool-1-worker-3] ERROR i.g.bonigarcia.wdm.online.HttpClient - Error HTTP 404 executing https://chromedriver.storage.googleapis.com/LATEST_RELEASE_115
    21:54:08.229 [ForkJoinPool-1-worker-3] WARN  i.g.b.wdm.versions.VersionDetector - Exception reading https://chromedriver.storage.googleapis.com/LATEST_RELEASE_115 to get latest version of chromedriver (Error HTTP 404 executing https://chromedriver.storage.googleapis.com/LATEST_RELEASE_115)

MessageTest > sendTextTest() STANDARD_OUT
    21:54:09.095 [ForkJoinPool-1-worker-3] INFO  n.s.c.w.d.ChromeDriverProvider - Starting Chrome driver instance with capabilities:
    21:54:09.099 [ForkJoinPool-1-worker-3] INFO  n.s.c.w.d.ChromeDriverProvider - Capabilities {acceptInsecureCerts: false, browserName: chrome, goog:chromeOptions: {args: [--remote-allow-origins=*, test-type, ignore-certificate-errors, --start-maximized, incognito, disable-infobars, disable-gpu, disable-default-apps, disable-popup-blocking, --remote-allow-origins=*, test-type, ignore-certificate-errors, --start-maximized, incognito, disable-infobars, disable-gpu, disable-default-apps, disable-popup-blocking, remote-allow-origins=*, --headless=new], extensions: []}}

MessageTest > sendTextTest() STANDARD_ERROR
    Starting ChromeDriver 114.0.5735.90 (386bc09e8f4f2e025eddae123f36f6263096ae49-refs/branch-heads/5735@{#1052}) on port 8953
    Only local connections are allowed.
    Please see https://chromedriver.chromium.org/security-considerations for suggestions on keeping ChromeDriver safe.
    ChromeDriver was started successfully.
    [1694631250.090][WARNING]: This version of ChromeDriver has not been tested with Chrome version 115.
    Sep 13, 2023 9:54:10 PM org.openqa.selenium.devtools.CdpVersionFinder findNearestMatch
    WARNING: Unable to find CDP implementation matching 115
    Sep 13, 2023 9:54:10 PM org.openqa.selenium.chromium.ChromiumDriver lambda$new$3
    WARNING: Unable to find version of CDP to use for . You may need to include a dependency on a specific version of the CDP using something similar to `org.seleniumhq.selenium:selenium-devtools-v86:4.8.1` where the version ("v86") matches the version of the chromium-based browser you're using and the version number of the artifact is the same as Selenium's.

> Task :aggregate
Generating Serenity Reports
  - Test Root: starter
  - Main report: file:///home/dani/projects/fb-message-automatizer/FacebookMessageAutomatizer/target/site/serenity/index.html
      - Test Root: starter
      - Requirements base directory: null

BUILD SUCCESSFUL in 34s
4 actionable tasks: 4 executed
> Task :compileJava NO-SOURCE
> Task :processResources NO-SOURCE
> Task :classes UP-TO-DATE
> Task :compileTestJava
> Task :processTestResources
> Task :testClasses

> Task :test

Gradle Test Executor 22 STANDARD_OUT
    21:55:06.593 [ForkJoinPool-1-worker-3] INFO  n.thucydides.core.steps.StepEventBus - Loading JUnit Platform configuration parameters from classpath resource [junit-platform.properties].

MessageTest STANDARD_OUT
    21:55:08.330 [ForkJoinPool-1-worker-3] ERROR i.g.bonigarcia.wdm.online.HttpClient - Error HTTP 404 executing https://chromedriver.storage.googleapis.com/LATEST_RELEASE_115
    21:55:08.330 [ForkJoinPool-1-worker-3] WARN  i.g.b.wdm.versions.VersionDetector - Exception reading https://chromedriver.storage.googleapis.com/LATEST_RELEASE_115 to get latest version of chromedriver (Error HTTP 404 executing https://chromedriver.storage.googleapis.com/LATEST_RELEASE_115)

MessageTest > sendTextTest() STANDARD_OUT
    21:55:09.178 [ForkJoinPool-1-worker-3] INFO  n.s.c.w.d.ChromeDriverProvider - Starting Chrome driver instance with capabilities:
    21:55:09.186 [ForkJoinPool-1-worker-3] INFO  n.s.c.w.d.ChromeDriverProvider - Capabilities {acceptInsecureCerts: false, browserName: chrome, goog:chromeOptions: {args: [--remote-allow-origins=*, test-type, ignore-certificate-errors, --start-maximized, incognito, disable-infobars, disable-gpu, disable-default-apps, disable-popup-blocking, --remote-allow-origins=*, test-type, ignore-certificate-errors, --start-maximized, incognito, disable-infobars, disable-gpu, disable-default-apps, disable-popup-blocking, remote-allow-origins=*, --headless=new], extensions: []}}

MessageTest > sendTextTest() STANDARD_ERROR
    Starting ChromeDriver 114.0.5735.90 (386bc09e8f4f2e025eddae123f36f6263096ae49-refs/branch-heads/5735@{#1052}) on port 24790
    Only local connections are allowed.
    Please see https://chromedriver.chromium.org/security-considerations for suggestions on keeping ChromeDriver safe.
    ChromeDriver was started successfully.
    [1694631310.153][WARNING]: This version of ChromeDriver has not been tested with Chrome version 115.
    Sep 13, 2023 9:55:10 PM org.openqa.selenium.devtools.CdpVersionFinder findNearestMatch
    WARNING: Unable to find CDP implementation matching 115
    Sep 13, 2023 9:55:10 PM org.openqa.selenium.chromium.ChromiumDriver lambda$new$3
    WARNING: Unable to find version of CDP to use for . You may need to include a dependency on a specific version of the CDP using something similar to `org.seleniumhq.selenium:selenium-devtools-v86:4.8.1` where the version ("v86") matches the version of the chromium-based browser you're using and the version number of the artifact is the same as Selenium's.

> Task :aggregate
Generating Serenity Reports
  - Test Root: starter
  - Main report: file:///home/dani/projects/fb-message-automatizer/FacebookMessageAutomatizer/target/site/serenity/index.html
      - Test Root: starter
      - Requirements base directory: null

BUILD SUCCESSFUL in 33s
4 actionable tasks: 4 executed
> Task :compileJava NO-SOURCE
> Task :processResources NO-SOURCE
> Task :classes UP-TO-DATE
> Task :compileTestJava
> Task :processTestResources
> Task :testClasses

> Task :test

Gradle Test Executor 23 STANDARD_OUT
    21:56:07.048 [ForkJoinPool-1-worker-3] INFO  n.thucydides.core.steps.StepEventBus - Loading JUnit Platform configuration parameters from classpath resource [junit-platform.properties].

MessageTest STANDARD_OUT
    21:56:08.918 [ForkJoinPool-1-worker-3] ERROR i.g.bonigarcia.wdm.online.HttpClient - Error HTTP 404 executing https://chromedriver.storage.googleapis.com/LATEST_RELEASE_115
    21:56:08.919 [ForkJoinPool-1-worker-3] WARN  i.g.b.wdm.versions.VersionDetector - Exception reading https://chromedriver.storage.googleapis.com/LATEST_RELEASE_115 to get latest version of chromedriver (Error HTTP 404 executing https://chromedriver.storage.googleapis.com/LATEST_RELEASE_115)

MessageTest > sendTextTest() STANDARD_OUT
    21:56:09.763 [ForkJoinPool-1-worker-3] INFO  n.s.c.w.d.ChromeDriverProvider - Starting Chrome driver instance with capabilities:
    21:56:09.768 [ForkJoinPool-1-worker-3] INFO  n.s.c.w.d.ChromeDriverProvider - Capabilities {acceptInsecureCerts: false, browserName: chrome, goog:chromeOptions: {args: [--remote-allow-origins=*, test-type, ignore-certificate-errors, --start-maximized, incognito, disable-infobars, disable-gpu, disable-default-apps, disable-popup-blocking, --remote-allow-origins=*, test-type, ignore-certificate-errors, --start-maximized, incognito, disable-infobars, disable-gpu, disable-default-apps, disable-popup-blocking, remote-allow-origins=*, --headless=new], extensions: []}}

MessageTest > sendTextTest() STANDARD_ERROR
    Starting ChromeDriver 114.0.5735.90 (386bc09e8f4f2e025eddae123f36f6263096ae49-refs/branch-heads/5735@{#1052}) on port 21439
    Only local connections are allowed.
    Please see https://chromedriver.chromium.org/security-considerations for suggestions on keeping ChromeDriver safe.
    ChromeDriver was started successfully.
    [1694631370.741][WARNING]: This version of ChromeDriver has not been tested with Chrome version 115.
    Sep 13, 2023 9:56:10 PM org.openqa.selenium.devtools.CdpVersionFinder findNearestMatch
    WARNING: Unable to find CDP implementation matching 115
    Sep 13, 2023 9:56:10 PM org.openqa.selenium.chromium.ChromiumDriver lambda$new$3
    WARNING: Unable to find version of CDP to use for . You may need to include a dependency on a specific version of the CDP using something similar to `org.seleniumhq.selenium:selenium-devtools-v86:4.8.1` where the version ("v86") matches the version of the chromium-based browser you're using and the version number of the artifact is the same as Selenium's.

> Task :aggregate
Generating Serenity Reports
  - Test Root: starter
  - Main report: file:///home/dani/projects/fb-message-automatizer/FacebookMessageAutomatizer/target/site/serenity/index.html
      - Test Root: starter
      - Requirements base directory: null

BUILD SUCCESSFUL in 34s
4 actionable tasks: 4 executed
> Task :compileJava NO-SOURCE
> Task :processResources NO-SOURCE
> Task :classes UP-TO-DATE
> Task :compileTestJava
> Task :processTestResources
> Task :testClasses

> Task :test

Gradle Test Executor 24 STANDARD_OUT
    21:57:07.018 [ForkJoinPool-1-worker-3] INFO  n.thucydides.core.steps.StepEventBus - Loading JUnit Platform configuration parameters from classpath resource [junit-platform.properties].

MessageTest STANDARD_OUT
    21:57:08.716 [ForkJoinPool-1-worker-3] ERROR i.g.bonigarcia.wdm.online.HttpClient - Error HTTP 404 executing https://chromedriver.storage.googleapis.com/LATEST_RELEASE_115
    21:57:08.717 [ForkJoinPool-1-worker-3] WARN  i.g.b.wdm.versions.VersionDetector - Exception reading https://chromedriver.storage.googleapis.com/LATEST_RELEASE_115 to get latest version of chromedriver (Error HTTP 404 executing https://chromedriver.storage.googleapis.com/LATEST_RELEASE_115)

MessageTest > sendTextTest() STANDARD_OUT
    21:57:09.545 [ForkJoinPool-1-worker-3] INFO  n.s.c.w.d.ChromeDriverProvider - Starting Chrome driver instance with capabilities:
    21:57:09.553 [ForkJoinPool-1-worker-3] INFO  n.s.c.w.d.ChromeDriverProvider - Capabilities {acceptInsecureCerts: false, browserName: chrome, goog:chromeOptions: {args: [--remote-allow-origins=*, test-type, ignore-certificate-errors, --start-maximized, incognito, disable-infobars, disable-gpu, disable-default-apps, disable-popup-blocking, --remote-allow-origins=*, test-type, ignore-certificate-errors, --start-maximized, incognito, disable-infobars, disable-gpu, disable-default-apps, disable-popup-blocking, remote-allow-origins=*, --headless=new], extensions: []}}

MessageTest > sendTextTest() STANDARD_ERROR
    Starting ChromeDriver 114.0.5735.90 (386bc09e8f4f2e025eddae123f36f6263096ae49-refs/branch-heads/5735@{#1052}) on port 19308
    Only local connections are allowed.
    Please see https://chromedriver.chromium.org/security-considerations for suggestions on keeping ChromeDriver safe.
    ChromeDriver was started successfully.
    [1694631430.558][WARNING]: This version of ChromeDriver has not been tested with Chrome version 115.
    Sep 13, 2023 9:57:10 PM org.openqa.selenium.devtools.CdpVersionFinder findNearestMatch
    WARNING: Unable to find CDP implementation matching 115
    Sep 13, 2023 9:57:10 PM org.openqa.selenium.chromium.ChromiumDriver lambda$new$3
    WARNING: Unable to find version of CDP to use for . You may need to include a dependency on a specific version of the CDP using something similar to `org.seleniumhq.selenium:selenium-devtools-v86:4.8.1` where the version ("v86") matches the version of the chromium-based browser you're using and the version number of the artifact is the same as Selenium's.

MessageTest > sendTextTest() FAILED
    org.openqa.selenium.StaleElementReferenceException at MessageTest.java:52

> Task :test FAILED

> Task :aggregate
Generating Serenity Reports
  - Test Root: starter
  - Main report: file:///home/dani/projects/fb-message-automatizer/FacebookMessageAutomatizer/target/site/serenity/index.html
      - Test Root: starter
      - Requirements base directory: null
4 actionable tasks: 4 executed
